<?xml version="1.0" encoding="UTF-8"?>
<testsuite xmlns:xsi="http://www.w3.org/2001/XMLSchema-instance" xsi:noNamespaceSchemaLocation="https://maven.apache.org/surefire/maven-surefire-plugin/xsd/surefire-test-report.xsd" name="m.egzamin.przychodnia.PrzychodniaApplicationTests" time="7.146" tests="1" errors="1" skipped="0" failures="0">
  <properties>
    <property name="sun.desktop" value="windows"/>
    <property name="awt.toolkit" value="sun.awt.windows.WToolkit"/>
    <property name="file.encoding.pkg" value="sun.io"/>
    <property name="java.specification.version" value="1.8"/>
    <property name="sun.cpu.isalist" value="amd64"/>
    <property name="sun.jnu.encoding" value="Cp1250"/>
    <property name="java.class.path" value="D:\Programowanie\Java\przychodnia\target\test-classes;D:\Programowanie\Java\przychodnia\target\classes;C:\Users\m\.m2\repository\org\springframework\boot\spring-boot-starter-data-jpa\2.0.2.RELEASE\spring-boot-starter-data-jpa-2.0.2.RELEASE.jar;C:\Users\m\.m2\repository\org\springframework\boot\spring-boot-starter\2.0.2.RELEASE\spring-boot-starter-2.0.2.RELEASE.jar;C:\Users\m\.m2\repository\org\springframework\boot\spring-boot\2.0.2.RELEASE\spring-boot-2.0.2.RELEASE.jar;C:\Users\m\.m2\repository\org\springframework\boot\spring-boot-autoconfigure\2.0.2.RELEASE\spring-boot-autoconfigure-2.0.2.RELEASE.jar;C:\Users\m\.m2\repository\org\springframework\boot\spring-boot-starter-logging\2.0.2.RELEASE\spring-boot-starter-logging-2.0.2.RELEASE.jar;C:\Users\m\.m2\repository\ch\qos\logback\logback-classic\1.2.3\logback-classic-1.2.3.jar;C:\Users\m\.m2\repository\ch\qos\logback\logback-core\1.2.3\logback-core-1.2.3.jar;C:\Users\m\.m2\repository\org\apache\logging\log4j\log4j-to-slf4j\2.10.0\log4j-to-slf4j-2.10.0.jar;C:\Users\m\.m2\repository\org\apache\logging\log4j\log4j-api\2.10.0\log4j-api-2.10.0.jar;C:\Users\m\.m2\repository\org\slf4j\jul-to-slf4j\1.7.25\jul-to-slf4j-1.7.25.jar;C:\Users\m\.m2\repository\javax\annotation\javax.annotation-api\1.3.2\javax.annotation-api-1.3.2.jar;C:\Users\m\.m2\repository\org\yaml\snakeyaml\1.19\snakeyaml-1.19.jar;C:\Users\m\.m2\repository\org\springframework\boot\spring-boot-starter-aop\2.0.2.RELEASE\spring-boot-starter-aop-2.0.2.RELEASE.jar;C:\Users\m\.m2\repository\org\springframework\spring-aop\5.0.6.RELEASE\spring-aop-5.0.6.RELEASE.jar;C:\Users\m\.m2\repository\org\aspectj\aspectjweaver\1.8.13\aspectjweaver-1.8.13.jar;C:\Users\m\.m2\repository\org\springframework\boot\spring-boot-starter-jdbc\2.0.2.RELEASE\spring-boot-starter-jdbc-2.0.2.RELEASE.jar;C:\Users\m\.m2\repository\com\zaxxer\HikariCP\2.7.9\HikariCP-2.7.9.jar;C:\Users\m\.m2\repository\org\springframework\spring-jdbc\5.0.6.RELEASE\spring-jdbc-5.0.6.RELEASE.jar;C:\Users\m\.m2\repository\org\hibernate\hibernate-core\5.2.17.Final\hibernate-core-5.2.17.Final.jar;C:\Users\m\.m2\repository\org\jboss\logging\jboss-logging\3.3.2.Final\jboss-logging-3.3.2.Final.jar;C:\Users\m\.m2\repository\org\hibernate\javax\persistence\hibernate-jpa-2.1-api\1.0.0.Final\hibernate-jpa-2.1-api-1.0.0.Final.jar;C:\Users\m\.m2\repository\org\javassist\javassist\3.22.0-GA\javassist-3.22.0-GA.jar;C:\Users\m\.m2\repository\antlr\antlr\2.7.7\antlr-2.7.7.jar;C:\Users\m\.m2\repository\org\jboss\jandex\2.0.3.Final\jandex-2.0.3.Final.jar;C:\Users\m\.m2\repository\com\fasterxml\classmate\1.3.4\classmate-1.3.4.jar;C:\Users\m\.m2\repository\dom4j\dom4j\1.6.1\dom4j-1.6.1.jar;C:\Users\m\.m2\repository\org\hibernate\common\hibernate-commons-annotations\5.0.1.Final\hibernate-commons-annotations-5.0.1.Final.jar;C:\Users\m\.m2\repository\javax\transaction\javax.transaction-api\1.2\javax.transaction-api-1.2.jar;C:\Users\m\.m2\repository\org\springframework\data\spring-data-jpa\2.0.7.RELEASE\spring-data-jpa-2.0.7.RELEASE.jar;C:\Users\m\.m2\repository\org\springframework\data\spring-data-commons\2.0.7.RELEASE\spring-data-commons-2.0.7.RELEASE.jar;C:\Users\m\.m2\repository\org\springframework\spring-orm\5.0.6.RELEASE\spring-orm-5.0.6.RELEASE.jar;C:\Users\m\.m2\repository\org\springframework\spring-context\5.0.6.RELEASE\spring-context-5.0.6.RELEASE.jar;C:\Users\m\.m2\repository\org\springframework\spring-expression\5.0.6.RELEASE\spring-expression-5.0.6.RELEASE.jar;C:\Users\m\.m2\repository\org\springframework\spring-tx\5.0.6.RELEASE\spring-tx-5.0.6.RELEASE.jar;C:\Users\m\.m2\repository\org\springframework\spring-beans\5.0.6.RELEASE\spring-beans-5.0.6.RELEASE.jar;C:\Users\m\.m2\repository\org\slf4j\slf4j-api\1.7.25\slf4j-api-1.7.25.jar;C:\Users\m\.m2\repository\org\springframework\spring-aspects\5.0.6.RELEASE\spring-aspects-5.0.6.RELEASE.jar;C:\Users\m\.m2\repository\org\springframework\boot\spring-boot-starter-test\2.0.2.RELEASE\spring-boot-starter-test-2.0.2.RELEASE.jar;C:\Users\m\.m2\repository\org\springframework\boot\spring-boot-test\2.0.2.RELEASE\spring-boot-test-2.0.2.RELEASE.jar;C:\Users\m\.m2\repository\org\springframework\boot\spring-boot-test-autoconfigure\2.0.2.RELEASE\spring-boot-test-autoconfigure-2.0.2.RELEASE.jar;C:\Users\m\.m2\repository\com\jayway\jsonpath\json-path\2.4.0\json-path-2.4.0.jar;C:\Users\m\.m2\repository\net\minidev\json-smart\2.3\json-smart-2.3.jar;C:\Users\m\.m2\repository\net\minidev\accessors-smart\1.2\accessors-smart-1.2.jar;C:\Users\m\.m2\repository\org\ow2\asm\asm\5.0.4\asm-5.0.4.jar;C:\Users\m\.m2\repository\junit\junit\4.12\junit-4.12.jar;C:\Users\m\.m2\repository\org\assertj\assertj-core\3.9.1\assertj-core-3.9.1.jar;C:\Users\m\.m2\repository\org\mockito\mockito-core\2.15.0\mockito-core-2.15.0.jar;C:\Users\m\.m2\repository\net\bytebuddy\byte-buddy\1.7.11\byte-buddy-1.7.11.jar;C:\Users\m\.m2\repository\net\bytebuddy\byte-buddy-agent\1.7.11\byte-buddy-agent-1.7.11.jar;C:\Users\m\.m2\repository\org\objenesis\objenesis\2.6\objenesis-2.6.jar;C:\Users\m\.m2\repository\org\hamcrest\hamcrest-core\1.3\hamcrest-core-1.3.jar;C:\Users\m\.m2\repository\org\hamcrest\hamcrest-library\1.3\hamcrest-library-1.3.jar;C:\Users\m\.m2\repository\org\skyscreamer\jsonassert\1.5.0\jsonassert-1.5.0.jar;C:\Users\m\.m2\repository\com\vaadin\external\google\android-json\0.0.20131108.vaadin1\android-json-0.0.20131108.vaadin1.jar;C:\Users\m\.m2\repository\org\springframework\spring-core\5.0.6.RELEASE\spring-core-5.0.6.RELEASE.jar;C:\Users\m\.m2\repository\org\springframework\spring-jcl\5.0.6.RELEASE\spring-jcl-5.0.6.RELEASE.jar;C:\Users\m\.m2\repository\org\springframework\spring-test\5.0.6.RELEASE\spring-test-5.0.6.RELEASE.jar;C:\Users\m\.m2\repository\org\xmlunit\xmlunit-core\2.5.1\xmlunit-core-2.5.1.jar;C:\Users\m\.m2\repository\com\vaadin\vaadin-spring-boot-starter\10.0.1\vaadin-spring-boot-starter-10.0.1.jar;C:\Users\m\.m2\repository\com\vaadin\vaadin-spring\10.0.0\vaadin-spring-10.0.0.jar;C:\Users\m\.m2\repository\com\vaadin\flow-server\1.0.0\flow-server-1.0.0.jar;C:\Users\m\.m2\repository\com\google\gwt\gwt-elemental\2.8.2\gwt-elemental-2.8.2.jar;C:\Users\m\.m2\repository\commons-fileupload\commons-fileupload\1.3.3\commons-fileupload-1.3.3.jar;C:\Users\m\.m2\repository\commons-io\commons-io\2.5\commons-io-2.5.jar;C:\Users\m\.m2\repository\com\helger\ph-css\6.1.1\ph-css-6.1.1.jar;C:\Users\m\.m2\repository\com\helger\ph-commons\9.0.2\ph-commons-9.0.2.jar;C:\Users\m\.m2\repository\com\google\code\findbugs\jsr305\3.0.2\jsr305-3.0.2.jar;C:\Users\m\.m2\repository\com\googlecode\gentyref\gentyref\1.2.0\gentyref-1.2.0.jar;C:\Users\m\.m2\repository\com\vaadin\flow-push\1.0.0\flow-push-1.0.0.jar;C:\Users\m\.m2\repository\com\vaadin\external\atmosphere\atmosphere-runtime\2.4.24.vaadin1\atmosphere-runtime-2.4.24.vaadin1.jar;C:\Users\m\.m2\repository\com\vaadin\external\slf4j\vaadin-slf4j-jdk14\1.6.1\vaadin-slf4j-jdk14-1.6.1.jar;C:\Users\m\.m2\repository\com\vaadin\flow-client\1.0.0\flow-client-1.0.0.jar;C:\Users\m\.m2\repository\org\springframework\spring-webmvc\5.0.6.RELEASE\spring-webmvc-5.0.6.RELEASE.jar;C:\Users\m\.m2\repository\org\springframework\spring-websocket\5.0.6.RELEASE\spring-websocket-5.0.6.RELEASE.jar;C:\Users\m\.m2\repository\com\vaadin\vaadin-core\10.0.1\vaadin-core-10.0.1.jar;C:\Users\m\.m2\repository\com\vaadin\flow-html-components\1.0.0\flow-html-components-1.0.0.jar;C:\Users\m\.m2\repository\com\vaadin\flow-data\1.0.0\flow-data-1.0.0.jar;C:\Users\m\.m2\repository\javax\validation\validation-api\2.0.1.Final\validation-api-2.0.1.Final.jar;C:\Users\m\.m2\repository\com\vaadin\vaadin-lumo-theme\1.0.0\vaadin-lumo-theme-1.0.0.jar;C:\Users\m\.m2\repository\org\webjars\bowergithub\polymerelements\iron-flex-layout\2.0.3\iron-flex-layout-2.0.3.jar;C:\Users\m\.m2\repository\org\webjars\bowergithub\polymer\polymer\2.6.0\polymer-2.6.0.jar;C:\Users\m\.m2\repository\org\webjars\bowergithub\webcomponents\shadycss\1.2.1\shadycss-1.2.1.jar;C:\Users\m\.m2\repository\org\webjars\bowergithub\webcomponents\webcomponentsjs\1.2.0\webcomponentsjs-1.2.0.jar;C:\Users\m\.m2\repository\com\vaadin\vaadin-button-flow\1.0.0\vaadin-button-flow-1.0.0.jar;C:\Users\m\.m2\repository\org\webjars\bowergithub\vaadin\vaadin-button\2.0.1\vaadin-button-2.0.1.jar;C:\Users\m\.m2\repository\org\webjars\bowergithub\vaadin\vaadin-control-state-mixin\2.0.3\vaadin-control-state-mixin-2.0.3.jar;C:\Users\m\.m2\repository\org\webjars\bowergithub\vaadin\vaadin-element-mixin\1.0.2\vaadin-element-mixin-1.0.2.jar;C:\Users\m\.m2\repository\org\webjars\bowergithub\vaadin\vaadin-usage-statistics\1.0.8\vaadin-usage-statistics-1.0.8.jar;C:\Users\m\.m2\repository\org\webjars\bowergithub\vaadin\vaadin-development-mode-detector\1.0.3\vaadin-development-mode-detector-1.0.3.jar;C:\Users\m\.m2\repository\org\webjars\bowergithub\vaadin\vaadin-lumo-styles\1.2.0\vaadin-lumo-styles-1.2.0.jar;C:\Users\m\.m2\repository\org\webjars\bowergithub\vaadin\vaadin-themable-mixin\1.1.6\vaadin-themable-mixin-1.1.6.jar;C:\Users\m\.m2\repository\com\vaadin\vaadin-checkbox-flow\1.0.0\vaadin-checkbox-flow-1.0.0.jar;C:\Users\m\.m2\repository\org\webjars\bowergithub\vaadin\vaadin-checkbox\2.1.1\vaadin-checkbox-2.1.1.jar;C:\Users\m\.m2\repository\com\vaadin\vaadin-combo-box-flow\1.0.0\vaadin-combo-box-flow-1.0.0.jar;C:\Users\m\.m2\repository\org\webjars\bowergithub\vaadin\vaadin-combo-box\4.0.1\vaadin-combo-box-4.0.1.jar;C:\Users\m\.m2\repository\org\webjars\bowergithub\polymerelements\iron-resizable-behavior\2.1.0\iron-resizable-behavior-2.1.0.jar;C:\Users\m\.m2\repository\org\webjars\bowergithub\polymerelements\iron-a11y-announcer\2.1.0\iron-a11y-announcer-2.1.0.jar;C:\Users\m\.m2\repository\org\webjars\bowergithub\polymerelements\iron-a11y-keys-behavior\2.1.1\iron-a11y-keys-behavior-2.1.1.jar;C:\Users\m\.m2\repository\org\webjars\bowergithub\vaadin\vaadin-item\2.1.0\vaadin-item-2.1.0.jar;C:\Users\m\.m2\repository\org\webjars\bowergithub\vaadin\vaadin-material-styles\1.2.0\vaadin-material-styles-1.2.0.jar;C:\Users\m\.m2\repository\org\webjars\bowergithub\vaadin\vaadin-overlay\3.0.3\vaadin-overlay-3.0.3.jar;C:\Users\m\.m2\repository\org\webjars\bowergithub\polymerelements\iron-overlay-behavior\2.3.4\iron-overlay-behavior-2.3.4.jar;C:\Users\m\.m2\repository\org\webjars\bowergithub\polymerelements\iron-fit-behavior\2.2.0\iron-fit-behavior-2.2.0.jar;C:\Users\m\.m2\repository\com\vaadin\vaadin-date-picker-flow\1.0.0\vaadin-date-picker-flow-1.0.0.jar;C:\Users\m\.m2\repository\org\webjars\bowergithub\vaadin\vaadin-date-picker\3.0.2\vaadin-date-picker-3.0.2.jar;C:\Users\m\.m2\repository\org\webjars\bowergithub\polymerelements\iron-media-query\2.1.0\iron-media-query-2.1.0.jar;C:\Users\m\.m2\repository\com\vaadin\vaadin-dialog-flow\1.0.0\vaadin-dialog-flow-1.0.0.jar;C:\Users\m\.m2\repository\org\webjars\bowergithub\vaadin\vaadin-dialog\2.0.2\vaadin-dialog-2.0.2.jar;C:\Users\m\.m2\repository\com\vaadin\vaadin-form-layout-flow\1.0.0\vaadin-form-layout-flow-1.0.0.jar;C:\Users\m\.m2\repository\org\webjars\bowergithub\vaadin\vaadin-form-layout\2.0.1\vaadin-form-layout-2.0.1.jar;C:\Users\m\.m2\repository\com\vaadin\vaadin-grid-flow\1.0.0\vaadin-grid-flow-1.0.0.jar;C:\Users\m\.m2\repository\org\webjars\bowergithub\vaadin\vaadin-grid\5.0.4\vaadin-grid-5.0.4.jar;C:\Users\m\.m2\repository\org\webjars\bowergithub\polymerelements\iron-scroll-target-behavior\2.1.1\iron-scroll-target-behavior-2.1.1.jar;C:\Users\m\.m2\repository\org\apache\commons\commons-lang3\3.7\commons-lang3-3.7.jar;C:\Users\m\.m2\repository\com\vaadin\vaadin-icons-flow\1.0.0\vaadin-icons-flow-1.0.0.jar;C:\Users\m\.m2\repository\org\webjars\bowergithub\vaadin\vaadin-icons\4.1.4\vaadin-icons-4.1.4.jar;C:\Users\m\.m2\repository\org\webjars\bowergithub\polymerelements\iron-icon\2.1.0\iron-icon-2.1.0.jar;C:\Users\m\.m2\repository\org\webjars\bowergithub\polymerelements\iron-meta\2.1.1\iron-meta-2.1.1.jar;C:\Users\m\.m2\repository\org\webjars\bowergithub\polymerelements\iron-iconset-svg\2.2.1\iron-iconset-svg-2.2.1.jar;C:\Users\m\.m2\repository\com\vaadin\vaadin-iron-list-flow\1.0.0\vaadin-iron-list-flow-1.0.0.jar;C:\Users\m\.m2\repository\org\webjars\bowergithub\polymerelements\iron-list\2.0.12\iron-list-2.0.12.jar;C:\Users\m\.m2\repository\com\vaadin\vaadin-list-box-flow\1.0.0\vaadin-list-box-flow-1.0.0.jar;C:\Users\m\.m2\repository\org\webjars\bowergithub\vaadin\vaadin-list-box\1.0.2\vaadin-list-box-1.0.2.jar;C:\Users\m\.m2\repository\org\webjars\bowergithub\vaadin\vaadin-list-mixin\2.0.0\vaadin-list-mixin-2.0.0.jar;C:\Users\m\.m2\repository\com\vaadin\vaadin-ordered-layout-flow\1.0.0\vaadin-ordered-layout-flow-1.0.0.jar;C:\Users\m\.m2\repository\org\webjars\bowergithub\vaadin\vaadin-ordered-layout\1.0.2\vaadin-ordered-layout-1.0.2.jar;C:\Users\m\.m2\repository\com\vaadin\vaadin-progress-bar-flow\1.0.0\vaadin-progress-bar-flow-1.0.0.jar;C:\Users\m\.m2\repository\org\webjars\bowergithub\vaadin\vaadin-progress-bar\1.0.0\vaadin-progress-bar-1.0.0.jar;C:\Users\m\.m2\repository\com\vaadin\vaadin-radio-button-flow\1.0.0\vaadin-radio-button-flow-1.0.0.jar;C:\Users\m\.m2\repository\org\webjars\bowergithub\vaadin\vaadin-radio-button\1.0.1\vaadin-radio-button-1.0.1.jar;C:\Users\m\.m2\repository\com\vaadin\vaadin-split-layout-flow\1.0.0\vaadin-split-layout-flow-1.0.0.jar;C:\Users\m\.m2\repository\org\webjars\bowergithub\vaadin\vaadin-split-layout\4.0.0\vaadin-split-layout-4.0.0.jar;C:\Users\m\.m2\repository\com\vaadin\vaadin-tabs-flow\1.0.0\vaadin-tabs-flow-1.0.0.jar;C:\Users\m\.m2\repository\org\webjars\bowergithub\vaadin\vaadin-tabs\2.0.0\vaadin-tabs-2.0.0.jar;C:\Users\m\.m2\repository\com\vaadin\vaadin-text-field-flow\1.0.0\vaadin-text-field-flow-1.0.0.jar;C:\Users\m\.m2\repository\org\webjars\bowergithub\vaadin\vaadin-text-field\2.0.1\vaadin-text-field-2.0.1.jar;C:\Users\m\.m2\repository\com\vaadin\vaadin-upload-flow\1.0.0\vaadin-upload-flow-1.0.0.jar;C:\Users\m\.m2\repository\org\webjars\bowergithub\vaadin\vaadin-upload\4.0.0\vaadin-upload-4.0.0.jar;C:\Users\m\.m2\repository\com\vaadin\vaadin-notification-flow\1.0.0\vaadin-notification-flow-1.0.0.jar;C:\Users\m\.m2\repository\org\webjars\bowergithub\vaadin\vaadin-notification\1.0.0\vaadin-notification-1.0.0.jar;C:\Users\m\.m2\repository\org\springframework\boot\spring-boot-starter-web\2.0.2.RELEASE\spring-boot-starter-web-2.0.2.RELEASE.jar;C:\Users\m\.m2\repository\org\springframework\boot\spring-boot-starter-json\2.0.2.RELEASE\spring-boot-starter-json-2.0.2.RELEASE.jar;C:\Users\m\.m2\repository\com\fasterxml\jackson\core\jackson-databind\2.9.5\jackson-databind-2.9.5.jar;C:\Users\m\.m2\repository\com\fasterxml\jackson\core\jackson-annotations\2.9.0\jackson-annotations-2.9.0.jar;C:\Users\m\.m2\repository\com\fasterxml\jackson\core\jackson-core\2.9.5\jackson-core-2.9.5.jar;C:\Users\m\.m2\repository\com\fasterxml\jackson\datatype\jackson-datatype-jdk8\2.9.5\jackson-datatype-jdk8-2.9.5.jar;C:\Users\m\.m2\repository\com\fasterxml\jackson\datatype\jackson-datatype-jsr310\2.9.5\jackson-datatype-jsr310-2.9.5.jar;C:\Users\m\.m2\repository\com\fasterxml\jackson\module\jackson-module-parameter-names\2.9.5\jackson-module-parameter-names-2.9.5.jar;C:\Users\m\.m2\repository\org\springframework\boot\spring-boot-starter-tomcat\2.0.2.RELEASE\spring-boot-starter-tomcat-2.0.2.RELEASE.jar;C:\Users\m\.m2\repository\org\apache\tomcat\embed\tomcat-embed-core\8.5.31\tomcat-embed-core-8.5.31.jar;C:\Users\m\.m2\repository\org\apache\tomcat\embed\tomcat-embed-el\8.5.31\tomcat-embed-el-8.5.31.jar;C:\Users\m\.m2\repository\org\apache\tomcat\embed\tomcat-embed-websocket\8.5.31\tomcat-embed-websocket-8.5.31.jar;C:\Users\m\.m2\repository\org\hibernate\validator\hibernate-validator\6.0.9.Final\hibernate-validator-6.0.9.Final.jar;C:\Users\m\.m2\repository\org\springframework\spring-web\5.0.6.RELEASE\spring-web-5.0.6.RELEASE.jar;C:\Users\m\.m2\repository\com\vaadin\vaadin-server\8.4.4\vaadin-server-8.4.4.jar;C:\Users\m\.m2\repository\com\vaadin\vaadin-sass-compiler\0.9.13\vaadin-sass-compiler-0.9.13.jar;C:\Users\m\.m2\repository\org\w3c\css\sac\1.3\sac-1.3.jar;C:\Users\m\.m2\repository\com\vaadin\external\flute\flute\1.3.0.gg2\flute-1.3.0.gg2.jar;C:\Users\m\.m2\repository\com\vaadin\vaadin-shared\8.4.4\vaadin-shared-8.4.4.jar;C:\Users\m\.m2\repository\org\jsoup\jsoup\1.11.2\jsoup-1.11.2.jar;C:\Users\m\.m2\repository\com\vaadin\external\gentyref\1.2.0.vaadin1\gentyref-1.2.0.vaadin1.jar;C:\Users\m\.m2\repository\mysql\mysql-connector-java\5.1.46\mysql-connector-java-5.1.46.jar;"/>
    <property name="java.vm.vendor" value="Oracle Corporation"/>
    <property name="sun.arch.data.model" value="64"/>
    <property name="user.variant" value=""/>
    <property name="java.vendor.url" value="http://java.oracle.com/"/>
    <property name="user.timezone" value=""/>
    <property name="java.vm.specification.version" value="1.8"/>
    <property name="os.name" value="Windows 7"/>
    <property name="sun.java.launcher" value="SUN_STANDARD"/>
    <property name="user.country" value="PL"/>
    <property name="sun.boot.library.path" value="C:\Program Files\Java\jdk1.8.0_171\jre\bin"/>
    <property name="sun.java.command" value="C:\Users\m\AppData\Local\Temp\surefire8764801571598436701\surefirebooter8969621641414706694.jar C:\Users\m\AppData\Local\Temp\surefire8764801571598436701 2018-09-12T13-12-23_597-jvmRun1 surefire8803470249504875018tmp surefire_093154580426077299tmp"/>
    <property name="surefire.test.class.path" value="D:\Programowanie\Java\przychodnia\target\test-classes;D:\Programowanie\Java\przychodnia\target\classes;C:\Users\m\.m2\repository\org\springframework\boot\spring-boot-starter-data-jpa\2.0.2.RELEASE\spring-boot-starter-data-jpa-2.0.2.RELEASE.jar;C:\Users\m\.m2\repository\org\springframework\boot\spring-boot-starter\2.0.2.RELEASE\spring-boot-starter-2.0.2.RELEASE.jar;C:\Users\m\.m2\repository\org\springframework\boot\spring-boot\2.0.2.RELEASE\spring-boot-2.0.2.RELEASE.jar;C:\Users\m\.m2\repository\org\springframework\boot\spring-boot-autoconfigure\2.0.2.RELEASE\spring-boot-autoconfigure-2.0.2.RELEASE.jar;C:\Users\m\.m2\repository\org\springframework\boot\spring-boot-starter-logging\2.0.2.RELEASE\spring-boot-starter-logging-2.0.2.RELEASE.jar;C:\Users\m\.m2\repository\ch\qos\logback\logback-classic\1.2.3\logback-classic-1.2.3.jar;C:\Users\m\.m2\repository\ch\qos\logback\logback-core\1.2.3\logback-core-1.2.3.jar;C:\Users\m\.m2\repository\org\apache\logging\log4j\log4j-to-slf4j\2.10.0\log4j-to-slf4j-2.10.0.jar;C:\Users\m\.m2\repository\org\apache\logging\log4j\log4j-api\2.10.0\log4j-api-2.10.0.jar;C:\Users\m\.m2\repository\org\slf4j\jul-to-slf4j\1.7.25\jul-to-slf4j-1.7.25.jar;C:\Users\m\.m2\repository\javax\annotation\javax.annotation-api\1.3.2\javax.annotation-api-1.3.2.jar;C:\Users\m\.m2\repository\org\yaml\snakeyaml\1.19\snakeyaml-1.19.jar;C:\Users\m\.m2\repository\org\springframework\boot\spring-boot-starter-aop\2.0.2.RELEASE\spring-boot-starter-aop-2.0.2.RELEASE.jar;C:\Users\m\.m2\repository\org\springframework\spring-aop\5.0.6.RELEASE\spring-aop-5.0.6.RELEASE.jar;C:\Users\m\.m2\repository\org\aspectj\aspectjweaver\1.8.13\aspectjweaver-1.8.13.jar;C:\Users\m\.m2\repository\org\springframework\boot\spring-boot-starter-jdbc\2.0.2.RELEASE\spring-boot-starter-jdbc-2.0.2.RELEASE.jar;C:\Users\m\.m2\repository\com\zaxxer\HikariCP\2.7.9\HikariCP-2.7.9.jar;C:\Users\m\.m2\repository\org\springframework\spring-jdbc\5.0.6.RELEASE\spring-jdbc-5.0.6.RELEASE.jar;C:\Users\m\.m2\repository\org\hibernate\hibernate-core\5.2.17.Final\hibernate-core-5.2.17.Final.jar;C:\Users\m\.m2\repository\org\jboss\logging\jboss-logging\3.3.2.Final\jboss-logging-3.3.2.Final.jar;C:\Users\m\.m2\repository\org\hibernate\javax\persistence\hibernate-jpa-2.1-api\1.0.0.Final\hibernate-jpa-2.1-api-1.0.0.Final.jar;C:\Users\m\.m2\repository\org\javassist\javassist\3.22.0-GA\javassist-3.22.0-GA.jar;C:\Users\m\.m2\repository\antlr\antlr\2.7.7\antlr-2.7.7.jar;C:\Users\m\.m2\repository\org\jboss\jandex\2.0.3.Final\jandex-2.0.3.Final.jar;C:\Users\m\.m2\repository\com\fasterxml\classmate\1.3.4\classmate-1.3.4.jar;C:\Users\m\.m2\repository\dom4j\dom4j\1.6.1\dom4j-1.6.1.jar;C:\Users\m\.m2\repository\org\hibernate\common\hibernate-commons-annotations\5.0.1.Final\hibernate-commons-annotations-5.0.1.Final.jar;C:\Users\m\.m2\repository\javax\transaction\javax.transaction-api\1.2\javax.transaction-api-1.2.jar;C:\Users\m\.m2\repository\org\springframework\data\spring-data-jpa\2.0.7.RELEASE\spring-data-jpa-2.0.7.RELEASE.jar;C:\Users\m\.m2\repository\org\springframework\data\spring-data-commons\2.0.7.RELEASE\spring-data-commons-2.0.7.RELEASE.jar;C:\Users\m\.m2\repository\org\springframework\spring-orm\5.0.6.RELEASE\spring-orm-5.0.6.RELEASE.jar;C:\Users\m\.m2\repository\org\springframework\spring-context\5.0.6.RELEASE\spring-context-5.0.6.RELEASE.jar;C:\Users\m\.m2\repository\org\springframework\spring-expression\5.0.6.RELEASE\spring-expression-5.0.6.RELEASE.jar;C:\Users\m\.m2\repository\org\springframework\spring-tx\5.0.6.RELEASE\spring-tx-5.0.6.RELEASE.jar;C:\Users\m\.m2\repository\org\springframework\spring-beans\5.0.6.RELEASE\spring-beans-5.0.6.RELEASE.jar;C:\Users\m\.m2\repository\org\slf4j\slf4j-api\1.7.25\slf4j-api-1.7.25.jar;C:\Users\m\.m2\repository\org\springframework\spring-aspects\5.0.6.RELEASE\spring-aspects-5.0.6.RELEASE.jar;C:\Users\m\.m2\repository\org\springframework\boot\spring-boot-starter-test\2.0.2.RELEASE\spring-boot-starter-test-2.0.2.RELEASE.jar;C:\Users\m\.m2\repository\org\springframework\boot\spring-boot-test\2.0.2.RELEASE\spring-boot-test-2.0.2.RELEASE.jar;C:\Users\m\.m2\repository\org\springframework\boot\spring-boot-test-autoconfigure\2.0.2.RELEASE\spring-boot-test-autoconfigure-2.0.2.RELEASE.jar;C:\Users\m\.m2\repository\com\jayway\jsonpath\json-path\2.4.0\json-path-2.4.0.jar;C:\Users\m\.m2\repository\net\minidev\json-smart\2.3\json-smart-2.3.jar;C:\Users\m\.m2\repository\net\minidev\accessors-smart\1.2\accessors-smart-1.2.jar;C:\Users\m\.m2\repository\org\ow2\asm\asm\5.0.4\asm-5.0.4.jar;C:\Users\m\.m2\repository\junit\junit\4.12\junit-4.12.jar;C:\Users\m\.m2\repository\org\assertj\assertj-core\3.9.1\assertj-core-3.9.1.jar;C:\Users\m\.m2\repository\org\mockito\mockito-core\2.15.0\mockito-core-2.15.0.jar;C:\Users\m\.m2\repository\net\bytebuddy\byte-buddy\1.7.11\byte-buddy-1.7.11.jar;C:\Users\m\.m2\repository\net\bytebuddy\byte-buddy-agent\1.7.11\byte-buddy-agent-1.7.11.jar;C:\Users\m\.m2\repository\org\objenesis\objenesis\2.6\objenesis-2.6.jar;C:\Users\m\.m2\repository\org\hamcrest\hamcrest-core\1.3\hamcrest-core-1.3.jar;C:\Users\m\.m2\repository\org\hamcrest\hamcrest-library\1.3\hamcrest-library-1.3.jar;C:\Users\m\.m2\repository\org\skyscreamer\jsonassert\1.5.0\jsonassert-1.5.0.jar;C:\Users\m\.m2\repository\com\vaadin\external\google\android-json\0.0.20131108.vaadin1\android-json-0.0.20131108.vaadin1.jar;C:\Users\m\.m2\repository\org\springframework\spring-core\5.0.6.RELEASE\spring-core-5.0.6.RELEASE.jar;C:\Users\m\.m2\repository\org\springframework\spring-jcl\5.0.6.RELEASE\spring-jcl-5.0.6.RELEASE.jar;C:\Users\m\.m2\repository\org\springframework\spring-test\5.0.6.RELEASE\spring-test-5.0.6.RELEASE.jar;C:\Users\m\.m2\repository\org\xmlunit\xmlunit-core\2.5.1\xmlunit-core-2.5.1.jar;C:\Users\m\.m2\repository\com\vaadin\vaadin-spring-boot-starter\10.0.1\vaadin-spring-boot-starter-10.0.1.jar;C:\Users\m\.m2\repository\com\vaadin\vaadin-spring\10.0.0\vaadin-spring-10.0.0.jar;C:\Users\m\.m2\repository\com\vaadin\flow-server\1.0.0\flow-server-1.0.0.jar;C:\Users\m\.m2\repository\com\google\gwt\gwt-elemental\2.8.2\gwt-elemental-2.8.2.jar;C:\Users\m\.m2\repository\commons-fileupload\commons-fileupload\1.3.3\commons-fileupload-1.3.3.jar;C:\Users\m\.m2\repository\commons-io\commons-io\2.5\commons-io-2.5.jar;C:\Users\m\.m2\repository\com\helger\ph-css\6.1.1\ph-css-6.1.1.jar;C:\Users\m\.m2\repository\com\helger\ph-commons\9.0.2\ph-commons-9.0.2.jar;C:\Users\m\.m2\repository\com\google\code\findbugs\jsr305\3.0.2\jsr305-3.0.2.jar;C:\Users\m\.m2\repository\com\googlecode\gentyref\gentyref\1.2.0\gentyref-1.2.0.jar;C:\Users\m\.m2\repository\com\vaadin\flow-push\1.0.0\flow-push-1.0.0.jar;C:\Users\m\.m2\repository\com\vaadin\external\atmosphere\atmosphere-runtime\2.4.24.vaadin1\atmosphere-runtime-2.4.24.vaadin1.jar;C:\Users\m\.m2\repository\com\vaadin\external\slf4j\vaadin-slf4j-jdk14\1.6.1\vaadin-slf4j-jdk14-1.6.1.jar;C:\Users\m\.m2\repository\com\vaadin\flow-client\1.0.0\flow-client-1.0.0.jar;C:\Users\m\.m2\repository\org\springframework\spring-webmvc\5.0.6.RELEASE\spring-webmvc-5.0.6.RELEASE.jar;C:\Users\m\.m2\repository\org\springframework\spring-websocket\5.0.6.RELEASE\spring-websocket-5.0.6.RELEASE.jar;C:\Users\m\.m2\repository\com\vaadin\vaadin-core\10.0.1\vaadin-core-10.0.1.jar;C:\Users\m\.m2\repository\com\vaadin\flow-html-components\1.0.0\flow-html-components-1.0.0.jar;C:\Users\m\.m2\repository\com\vaadin\flow-data\1.0.0\flow-data-1.0.0.jar;C:\Users\m\.m2\repository\javax\validation\validation-api\2.0.1.Final\validation-api-2.0.1.Final.jar;C:\Users\m\.m2\repository\com\vaadin\vaadin-lumo-theme\1.0.0\vaadin-lumo-theme-1.0.0.jar;C:\Users\m\.m2\repository\org\webjars\bowergithub\polymerelements\iron-flex-layout\2.0.3\iron-flex-layout-2.0.3.jar;C:\Users\m\.m2\repository\org\webjars\bowergithub\polymer\polymer\2.6.0\polymer-2.6.0.jar;C:\Users\m\.m2\repository\org\webjars\bowergithub\webcomponents\shadycss\1.2.1\shadycss-1.2.1.jar;C:\Users\m\.m2\repository\org\webjars\bowergithub\webcomponents\webcomponentsjs\1.2.0\webcomponentsjs-1.2.0.jar;C:\Users\m\.m2\repository\com\vaadin\vaadin-button-flow\1.0.0\vaadin-button-flow-1.0.0.jar;C:\Users\m\.m2\repository\org\webjars\bowergithub\vaadin\vaadin-button\2.0.1\vaadin-button-2.0.1.jar;C:\Users\m\.m2\repository\org\webjars\bowergithub\vaadin\vaadin-control-state-mixin\2.0.3\vaadin-control-state-mixin-2.0.3.jar;C:\Users\m\.m2\repository\org\webjars\bowergithub\vaadin\vaadin-element-mixin\1.0.2\vaadin-element-mixin-1.0.2.jar;C:\Users\m\.m2\repository\org\webjars\bowergithub\vaadin\vaadin-usage-statistics\1.0.8\vaadin-usage-statistics-1.0.8.jar;C:\Users\m\.m2\repository\org\webjars\bowergithub\vaadin\vaadin-development-mode-detector\1.0.3\vaadin-development-mode-detector-1.0.3.jar;C:\Users\m\.m2\repository\org\webjars\bowergithub\vaadin\vaadin-lumo-styles\1.2.0\vaadin-lumo-styles-1.2.0.jar;C:\Users\m\.m2\repository\org\webjars\bowergithub\vaadin\vaadin-themable-mixin\1.1.6\vaadin-themable-mixin-1.1.6.jar;C:\Users\m\.m2\repository\com\vaadin\vaadin-checkbox-flow\1.0.0\vaadin-checkbox-flow-1.0.0.jar;C:\Users\m\.m2\repository\org\webjars\bowergithub\vaadin\vaadin-checkbox\2.1.1\vaadin-checkbox-2.1.1.jar;C:\Users\m\.m2\repository\com\vaadin\vaadin-combo-box-flow\1.0.0\vaadin-combo-box-flow-1.0.0.jar;C:\Users\m\.m2\repository\org\webjars\bowergithub\vaadin\vaadin-combo-box\4.0.1\vaadin-combo-box-4.0.1.jar;C:\Users\m\.m2\repository\org\webjars\bowergithub\polymerelements\iron-resizable-behavior\2.1.0\iron-resizable-behavior-2.1.0.jar;C:\Users\m\.m2\repository\org\webjars\bowergithub\polymerelements\iron-a11y-announcer\2.1.0\iron-a11y-announcer-2.1.0.jar;C:\Users\m\.m2\repository\org\webjars\bowergithub\polymerelements\iron-a11y-keys-behavior\2.1.1\iron-a11y-keys-behavior-2.1.1.jar;C:\Users\m\.m2\repository\org\webjars\bowergithub\vaadin\vaadin-item\2.1.0\vaadin-item-2.1.0.jar;C:\Users\m\.m2\repository\org\webjars\bowergithub\vaadin\vaadin-material-styles\1.2.0\vaadin-material-styles-1.2.0.jar;C:\Users\m\.m2\repository\org\webjars\bowergithub\vaadin\vaadin-overlay\3.0.3\vaadin-overlay-3.0.3.jar;C:\Users\m\.m2\repository\org\webjars\bowergithub\polymerelements\iron-overlay-behavior\2.3.4\iron-overlay-behavior-2.3.4.jar;C:\Users\m\.m2\repository\org\webjars\bowergithub\polymerelements\iron-fit-behavior\2.2.0\iron-fit-behavior-2.2.0.jar;C:\Users\m\.m2\repository\com\vaadin\vaadin-date-picker-flow\1.0.0\vaadin-date-picker-flow-1.0.0.jar;C:\Users\m\.m2\repository\org\webjars\bowergithub\vaadin\vaadin-date-picker\3.0.2\vaadin-date-picker-3.0.2.jar;C:\Users\m\.m2\repository\org\webjars\bowergithub\polymerelements\iron-media-query\2.1.0\iron-media-query-2.1.0.jar;C:\Users\m\.m2\repository\com\vaadin\vaadin-dialog-flow\1.0.0\vaadin-dialog-flow-1.0.0.jar;C:\Users\m\.m2\repository\org\webjars\bowergithub\vaadin\vaadin-dialog\2.0.2\vaadin-dialog-2.0.2.jar;C:\Users\m\.m2\repository\com\vaadin\vaadin-form-layout-flow\1.0.0\vaadin-form-layout-flow-1.0.0.jar;C:\Users\m\.m2\repository\org\webjars\bowergithub\vaadin\vaadin-form-layout\2.0.1\vaadin-form-layout-2.0.1.jar;C:\Users\m\.m2\repository\com\vaadin\vaadin-grid-flow\1.0.0\vaadin-grid-flow-1.0.0.jar;C:\Users\m\.m2\repository\org\webjars\bowergithub\vaadin\vaadin-grid\5.0.4\vaadin-grid-5.0.4.jar;C:\Users\m\.m2\repository\org\webjars\bowergithub\polymerelements\iron-scroll-target-behavior\2.1.1\iron-scroll-target-behavior-2.1.1.jar;C:\Users\m\.m2\repository\org\apache\commons\commons-lang3\3.7\commons-lang3-3.7.jar;C:\Users\m\.m2\repository\com\vaadin\vaadin-icons-flow\1.0.0\vaadin-icons-flow-1.0.0.jar;C:\Users\m\.m2\repository\org\webjars\bowergithub\vaadin\vaadin-icons\4.1.4\vaadin-icons-4.1.4.jar;C:\Users\m\.m2\repository\org\webjars\bowergithub\polymerelements\iron-icon\2.1.0\iron-icon-2.1.0.jar;C:\Users\m\.m2\repository\org\webjars\bowergithub\polymerelements\iron-meta\2.1.1\iron-meta-2.1.1.jar;C:\Users\m\.m2\repository\org\webjars\bowergithub\polymerelements\iron-iconset-svg\2.2.1\iron-iconset-svg-2.2.1.jar;C:\Users\m\.m2\repository\com\vaadin\vaadin-iron-list-flow\1.0.0\vaadin-iron-list-flow-1.0.0.jar;C:\Users\m\.m2\repository\org\webjars\bowergithub\polymerelements\iron-list\2.0.12\iron-list-2.0.12.jar;C:\Users\m\.m2\repository\com\vaadin\vaadin-list-box-flow\1.0.0\vaadin-list-box-flow-1.0.0.jar;C:\Users\m\.m2\repository\org\webjars\bowergithub\vaadin\vaadin-list-box\1.0.2\vaadin-list-box-1.0.2.jar;C:\Users\m\.m2\repository\org\webjars\bowergithub\vaadin\vaadin-list-mixin\2.0.0\vaadin-list-mixin-2.0.0.jar;C:\Users\m\.m2\repository\com\vaadin\vaadin-ordered-layout-flow\1.0.0\vaadin-ordered-layout-flow-1.0.0.jar;C:\Users\m\.m2\repository\org\webjars\bowergithub\vaadin\vaadin-ordered-layout\1.0.2\vaadin-ordered-layout-1.0.2.jar;C:\Users\m\.m2\repository\com\vaadin\vaadin-progress-bar-flow\1.0.0\vaadin-progress-bar-flow-1.0.0.jar;C:\Users\m\.m2\repository\org\webjars\bowergithub\vaadin\vaadin-progress-bar\1.0.0\vaadin-progress-bar-1.0.0.jar;C:\Users\m\.m2\repository\com\vaadin\vaadin-radio-button-flow\1.0.0\vaadin-radio-button-flow-1.0.0.jar;C:\Users\m\.m2\repository\org\webjars\bowergithub\vaadin\vaadin-radio-button\1.0.1\vaadin-radio-button-1.0.1.jar;C:\Users\m\.m2\repository\com\vaadin\vaadin-split-layout-flow\1.0.0\vaadin-split-layout-flow-1.0.0.jar;C:\Users\m\.m2\repository\org\webjars\bowergithub\vaadin\vaadin-split-layout\4.0.0\vaadin-split-layout-4.0.0.jar;C:\Users\m\.m2\repository\com\vaadin\vaadin-tabs-flow\1.0.0\vaadin-tabs-flow-1.0.0.jar;C:\Users\m\.m2\repository\org\webjars\bowergithub\vaadin\vaadin-tabs\2.0.0\vaadin-tabs-2.0.0.jar;C:\Users\m\.m2\repository\com\vaadin\vaadin-text-field-flow\1.0.0\vaadin-text-field-flow-1.0.0.jar;C:\Users\m\.m2\repository\org\webjars\bowergithub\vaadin\vaadin-text-field\2.0.1\vaadin-text-field-2.0.1.jar;C:\Users\m\.m2\repository\com\vaadin\vaadin-upload-flow\1.0.0\vaadin-upload-flow-1.0.0.jar;C:\Users\m\.m2\repository\org\webjars\bowergithub\vaadin\vaadin-upload\4.0.0\vaadin-upload-4.0.0.jar;C:\Users\m\.m2\repository\com\vaadin\vaadin-notification-flow\1.0.0\vaadin-notification-flow-1.0.0.jar;C:\Users\m\.m2\repository\org\webjars\bowergithub\vaadin\vaadin-notification\1.0.0\vaadin-notification-1.0.0.jar;C:\Users\m\.m2\repository\org\springframework\boot\spring-boot-starter-web\2.0.2.RELEASE\spring-boot-starter-web-2.0.2.RELEASE.jar;C:\Users\m\.m2\repository\org\springframework\boot\spring-boot-starter-json\2.0.2.RELEASE\spring-boot-starter-json-2.0.2.RELEASE.jar;C:\Users\m\.m2\repository\com\fasterxml\jackson\core\jackson-databind\2.9.5\jackson-databind-2.9.5.jar;C:\Users\m\.m2\repository\com\fasterxml\jackson\core\jackson-annotations\2.9.0\jackson-annotations-2.9.0.jar;C:\Users\m\.m2\repository\com\fasterxml\jackson\core\jackson-core\2.9.5\jackson-core-2.9.5.jar;C:\Users\m\.m2\repository\com\fasterxml\jackson\datatype\jackson-datatype-jdk8\2.9.5\jackson-datatype-jdk8-2.9.5.jar;C:\Users\m\.m2\repository\com\fasterxml\jackson\datatype\jackson-datatype-jsr310\2.9.5\jackson-datatype-jsr310-2.9.5.jar;C:\Users\m\.m2\repository\com\fasterxml\jackson\module\jackson-module-parameter-names\2.9.5\jackson-module-parameter-names-2.9.5.jar;C:\Users\m\.m2\repository\org\springframework\boot\spring-boot-starter-tomcat\2.0.2.RELEASE\spring-boot-starter-tomcat-2.0.2.RELEASE.jar;C:\Users\m\.m2\repository\org\apache\tomcat\embed\tomcat-embed-core\8.5.31\tomcat-embed-core-8.5.31.jar;C:\Users\m\.m2\repository\org\apache\tomcat\embed\tomcat-embed-el\8.5.31\tomcat-embed-el-8.5.31.jar;C:\Users\m\.m2\repository\org\apache\tomcat\embed\tomcat-embed-websocket\8.5.31\tomcat-embed-websocket-8.5.31.jar;C:\Users\m\.m2\repository\org\hibernate\validator\hibernate-validator\6.0.9.Final\hibernate-validator-6.0.9.Final.jar;C:\Users\m\.m2\repository\org\springframework\spring-web\5.0.6.RELEASE\spring-web-5.0.6.RELEASE.jar;C:\Users\m\.m2\repository\com\vaadin\vaadin-server\8.4.4\vaadin-server-8.4.4.jar;C:\Users\m\.m2\repository\com\vaadin\vaadin-sass-compiler\0.9.13\vaadin-sass-compiler-0.9.13.jar;C:\Users\m\.m2\repository\org\w3c\css\sac\1.3\sac-1.3.jar;C:\Users\m\.m2\repository\com\vaadin\external\flute\flute\1.3.0.gg2\flute-1.3.0.gg2.jar;C:\Users\m\.m2\repository\com\vaadin\vaadin-shared\8.4.4\vaadin-shared-8.4.4.jar;C:\Users\m\.m2\repository\org\jsoup\jsoup\1.11.2\jsoup-1.11.2.jar;C:\Users\m\.m2\repository\com\vaadin\external\gentyref\1.2.0.vaadin1\gentyref-1.2.0.vaadin1.jar;C:\Users\m\.m2\repository\mysql\mysql-connector-java\5.1.46\mysql-connector-java-5.1.46.jar;"/>
    <property name="sun.cpu.endian" value="little"/>
    <property name="user.home" value="C:\Users\m"/>
    <property name="user.language" value="pl"/>
    <property name="java.specification.vendor" value="Oracle Corporation"/>
    <property name="java.home" value="C:\Program Files\Java\jdk1.8.0_171\jre"/>
    <property name="basedir" value="D:\Programowanie\Java\przychodnia"/>
    <property name="file.separator" value="\"/>
    <property name="line.separator" value="&#10;"/>
    <property name="java.vm.specification.vendor" value="Oracle Corporation"/>
    <property name="java.specification.name" value="Java Platform API Specification"/>
    <property name="java.awt.graphicsenv" value="sun.awt.Win32GraphicsEnvironment"/>
    <property name="surefire.real.class.path" value="C:\Users\m\AppData\Local\Temp\surefire8764801571598436701\surefirebooter8969621641414706694.jar"/>
    <property name="sun.boot.class.path" value="C:\Program Files\Java\jdk1.8.0_171\jre\lib\resources.jar;C:\Program Files\Java\jdk1.8.0_171\jre\lib\rt.jar;C:\Program Files\Java\jdk1.8.0_171\jre\lib\sunrsasign.jar;C:\Program Files\Java\jdk1.8.0_171\jre\lib\jsse.jar;C:\Program Files\Java\jdk1.8.0_171\jre\lib\jce.jar;C:\Program Files\Java\jdk1.8.0_171\jre\lib\charsets.jar;C:\Program Files\Java\jdk1.8.0_171\jre\lib\jfr.jar;C:\Program Files\Java\jdk1.8.0_171\jre\classes"/>
    <property name="user.script" value=""/>
    <property name="sun.management.compiler" value="HotSpot 64-Bit Tiered Compilers"/>
    <property name="java.runtime.version" value="1.8.0_171-b11"/>
    <property name="user.name" value="m"/>
    <property name="path.separator" value=";"/>
    <property name="os.version" value="6.1"/>
    <property name="java.endorsed.dirs" value="C:\Program Files\Java\jdk1.8.0_171\jre\lib\endorsed"/>
    <property name="java.runtime.name" value="Java(TM) SE Runtime Environment"/>
    <property name="file.encoding" value="UTF-8"/>
    <property name="java.vm.name" value="Java HotSpot(TM) 64-Bit Server VM"/>
    <property name="maven.ext.class.path" value="C:\Program Files\NetBeans 8.2\java\maven-nblib\netbeans-eventspy.jar"/>
    <property name="localRepository" value="C:\Users\m\.m2\repository"/>
    <property name="java.vendor.url.bug" value="http://bugreport.sun.com/bugreport/"/>
    <property name="java.io.tmpdir" value="C:\Users\m\AppData\Local\Temp\"/>
    <property name="java.version" value="1.8.0_171"/>
    <property name="user.dir" value="D:\Programowanie\Java\przychodnia"/>
    <property name="os.arch" value="amd64"/>
    <property name="java.vm.specification.name" value="Java Virtual Machine Specification"/>
    <property name="java.awt.printerjob" value="sun.awt.windows.WPrinterJob"/>
    <property name="sun.os.patch.level" value="Service Pack 1"/>
    <property name="java.library.path" value="C:\Program Files\Java\jdk1.8.0_171\jre\bin;C:\Windows\Sun\Java\bin;C:\Windows\system32;C:\Windows;C:\Windows\system32;C:\Windows;C:\Windows\system32\wbem;C:\Program Files (x86)\Common Files\Oracle\Java\javapath;C:\ProgramData\Oracle\Java\javapath;C:\Program Files (x86)\Intel\iCLS Client;C:\Program Files\Intel\iCLS Client;C:\Windows\System32\WindowsPowerShell\v1.0;C:\Program Files (x86)\Intel\OpenCL SDK\2.0\bin\x86;C:\Program Files (x86)\Intel\OpenCL SDK\2.0\bin\x64;C:\Program Files\Intel\WiFi\bin;C:\Program Files\Common Files\Intel\WirelessCommon;C:\Program Files\Intel\Intel(R) Management Engine Components\DAL;C:\Program Files\Intel\Intel(R) Management Engine Components\IPT;C:\Program Files (x86)\Intel\Intel(R) Management Engine Components\DAL;C:\Program Files (x86)\Intel\Intel(R) Management Engine Components\IPT;set path=C:\Windows\system32;C:\Windows;C:\Windows\system32\wbem;C:\Program Files (x86)\Common Files\Oracle\Java\javapath;C:\ProgramData\Oracle\Java\javapath;C:\Program Files (x86)\Intel\iCLS Client;C:\Program Files\Intel\iCLS Client;C:\Windows\System32\WindowsPowerShell\v1.0;C:\Program Files (x86)\Intel\OpenCL SDK\2.0\bin\x86;C:\Program Files (x86)\Intel\OpenCL SDK\2.0\bin\x64;C:\Program Files\Intel\WiFi\bin;C:\Program Files\Common Files\Intel\WirelessCommon;C:\Program Files\Intel\Intel(R) Management Engine Components\DAL;C:\Program Files\Intel\Intel(R) Management Engine Components\IPT;C:\Program Files (x86)\Intel\Intel(R) Management Engine Components\DAL;C:\Program Files (x86)\Intel\Intel(R) Management Engine Components\IPT;set path=C:\Windows\system32;C:\Windows;C:\Windows\system32\wbem;C:\Program Files (x86)\Common Files\Oracle\Java\javapath;C:\ProgramData\Oracle\Java\javapath;C:\Program Files (x86)\Intel\iCLS Client;C:\Program Files\Intel\iCLS Client;C:\Windows\System32\WindowsPowerShell\v1.0;C:\Program Files (x86)\Intel\OpenCL SDK\2.0\bin\x86;C:\Program Files (x86)\Intel\OpenCL SDK\2.0\bin\x64;C:\Program Files\Intel\WiFi\bin;C:\Program Files\Common Files\Intel\WirelessCommon;C:\Program Files\Intel\Intel(R) Management Engine Components\DAL;C:\Program Files\Intel\Intel(R) Management Engine Components\IPT;C:\Program Files (x86)\Intel\Intel(R) Management Engine Components\DAL;C:\Program Files (x86)\Intel\Intel(R) Management Engine Components\IPT;set path=C:\Windows\System32;C:\Program Files\Java\jdk1.8.0_171\bin;C:\Program Files\apache-maven-3.5.0\bin;C:\Program Files\Git\cmd;C:\Program Files\MySQL\MySQL Server 8.0\bin;;C:\Program Files\Java\jdk1.8.0_171\bin;C:\Program Files\apache-maven-3.5.0\bin;C:\Program Files\Git\cmd;C:\Program Files\MySQL\MySQL Server 8.0\bin;;C:\Program Files\Java\jdk1.8.0_171\bin;C:\Program Files\apache-maven-3.5.0\bin;C:\Program Files\Git\cmd;C:\Program Files\MySQL\MySQL Server 8.0\bin;D:\Programowanie\Python\Scripts\;D:\Programowanie\Python\;C:\Program Files\Intel\WiFi\bin\;C:\Program Files\Common Files\Intel\WirelessCommon\;."/>
    <property name="java.vm.info" value="mixed mode"/>
    <property name="java.vendor" value="Oracle Corporation"/>
    <property name="java.vm.version" value="25.171-b11"/>
    <property name="java.ext.dirs" value="C:\Program Files\Java\jdk1.8.0_171\jre\lib\ext;C:\Windows\Sun\Java\lib\ext"/>
    <property name="sun.io.unicode.encoding" value="UnicodeLittle"/>
    <property name="java.class.version" value="52.0"/>
  </properties>
  <testcase name="contextLoads" classname="m.egzamin.przychodnia.PrzychodniaApplicationTests" time="0">
    <error message="Failed to load ApplicationContext" type="java.lang.IllegalStateException">java.lang.IllegalStateException: Failed to load ApplicationContext
Caused by: org.springframework.beans.factory.UnsatisfiedDependencyException: Error creating bean with name 'controller': Unsatisfied dependency expressed through field 'raportRepo'; nested exception is org.springframework.beans.factory.BeanCreationException: Error creating bean with name 'raportRepository': Invocation of init method failed; nested exception is java.lang.IllegalArgumentException: Not a managed type: class m.egzamin.przychodnia.model.Raport
Caused by: org.springframework.beans.factory.BeanCreationException: Error creating bean with name 'raportRepository': Invocation of init method failed; nested exception is java.lang.IllegalArgumentException: Not a managed type: class m.egzamin.przychodnia.model.Raport
Caused by: java.lang.IllegalArgumentException: Not a managed type: class m.egzamin.przychodnia.model.Raport
</error>
    <system-out><![CDATA[13:12:24.801 [main] DEBUG org.springframework.test.context.junit4.SpringJUnit4ClassRunner - SpringJUnit4ClassRunner constructor called with [class m.egzamin.przychodnia.PrzychodniaApplicationTests]
13:12:24.817 [main] DEBUG org.springframework.test.context.BootstrapUtils - Instantiating CacheAwareContextLoaderDelegate from class [org.springframework.test.context.cache.DefaultCacheAwareContextLoaderDelegate]
13:12:24.832 [main] DEBUG org.springframework.test.context.BootstrapUtils - Instantiating BootstrapContext using constructor [public org.springframework.test.context.support.DefaultBootstrapContext(java.lang.Class,org.springframework.test.context.CacheAwareContextLoaderDelegate)]
13:12:24.863 [main] DEBUG org.springframework.test.context.BootstrapUtils - Instantiating TestContextBootstrapper for test class [m.egzamin.przychodnia.PrzychodniaApplicationTests] from class [org.springframework.boot.test.context.SpringBootTestContextBootstrapper]
13:12:24.879 [main] INFO org.springframework.boot.test.context.SpringBootTestContextBootstrapper - Neither @ContextConfiguration nor @ContextHierarchy found for test class [m.egzamin.przychodnia.PrzychodniaApplicationTests], using SpringBootContextLoader
13:12:24.879 [main] DEBUG org.springframework.test.context.support.AbstractContextLoader - Did not detect default resource location for test class [m.egzamin.przychodnia.PrzychodniaApplicationTests]: class path resource [m/egzamin/przychodnia/PrzychodniaApplicationTests-context.xml] does not exist
13:12:24.879 [main] DEBUG org.springframework.test.context.support.AbstractContextLoader - Did not detect default resource location for test class [m.egzamin.przychodnia.PrzychodniaApplicationTests]: class path resource [m/egzamin/przychodnia/PrzychodniaApplicationTestsContext.groovy] does not exist
13:12:24.879 [main] INFO org.springframework.test.context.support.AbstractContextLoader - Could not detect default resource locations for test class [m.egzamin.przychodnia.PrzychodniaApplicationTests]: no resource found for suffixes {-context.xml, Context.groovy}.
13:12:24.879 [main] INFO org.springframework.test.context.support.AnnotationConfigContextLoaderUtils - Could not detect default configuration classes for test class [m.egzamin.przychodnia.PrzychodniaApplicationTests]: PrzychodniaApplicationTests does not declare any static, non-private, non-final, nested classes annotated with @Configuration.
13:12:24.926 [main] DEBUG org.springframework.test.context.support.ActiveProfilesUtils - Could not find an 'annotation declaring class' for annotation type [org.springframework.test.context.ActiveProfiles] and class [m.egzamin.przychodnia.PrzychodniaApplicationTests]
13:12:24.941 [main] DEBUG org.springframework.core.env.StandardEnvironment - Adding PropertySource 'systemProperties' with lowest search precedence
13:12:24.941 [main] DEBUG org.springframework.core.env.StandardEnvironment - Adding PropertySource 'systemEnvironment' with lowest search precedence
13:12:24.941 [main] DEBUG org.springframework.core.env.StandardEnvironment - Initialized StandardEnvironment with PropertySources [MapPropertySource@1368594774 {name='systemProperties', properties={java.runtime.name=Java(TM) SE Runtime Environment, sun.boot.library.path=C:\Program Files\Java\jdk1.8.0_171\jre\bin, java.vm.version=25.171-b11, java.vm.vendor=Oracle Corporation, java.vendor.url=http://java.oracle.com/, path.separator=;, java.vm.name=Java HotSpot(TM) 64-Bit Server VM, file.encoding.pkg=sun.io, user.country=PL, user.script=, sun.java.launcher=SUN_STANDARD, sun.os.patch.level=Service Pack 1, java.vm.specification.name=Java Virtual Machine Specification, user.dir=D:\Programowanie\Java\przychodnia, java.runtime.version=1.8.0_171-b11, basedir=D:\Programowanie\Java\przychodnia, java.awt.graphicsenv=sun.awt.Win32GraphicsEnvironment, java.endorsed.dirs=C:\Program Files\Java\jdk1.8.0_171\jre\lib\endorsed, os.arch=amd64, surefire.real.class.path=C:\Users\m\AppData\Local\Temp\surefire8764801571598436701\surefirebooter8969621641414706694.jar, java.io.tmpdir=C:\Users\m\AppData\Local\Temp\, line.separator=
, java.vm.specification.vendor=Oracle Corporation, user.variant=, os.name=Windows 7, maven.ext.class.path=C:\Program Files\NetBeans 8.2\java\maven-nblib\netbeans-eventspy.jar, sun.jnu.encoding=Cp1250, java.library.path=C:\Program Files\Java\jdk1.8.0_171\jre\bin;C:\Windows\Sun\Java\bin;C:\Windows\system32;C:\Windows;C:\Windows\system32;C:\Windows;C:\Windows\system32\wbem;C:\Program Files (x86)\Common Files\Oracle\Java\javapath;C:\ProgramData\Oracle\Java\javapath;C:\Program Files (x86)\Intel\iCLS Client;C:\Program Files\Intel\iCLS Client;C:\Windows\System32\WindowsPowerShell\v1.0;C:\Program Files (x86)\Intel\OpenCL SDK\2.0\bin\x86;C:\Program Files (x86)\Intel\OpenCL SDK\2.0\bin\x64;C:\Program Files\Intel\WiFi\bin;C:\Program Files\Common Files\Intel\WirelessCommon;C:\Program Files\Intel\Intel(R) Management Engine Components\DAL;C:\Program Files\Intel\Intel(R) Management Engine Components\IPT;C:\Program Files (x86)\Intel\Intel(R) Management Engine Components\DAL;C:\Program Files (x86)\Intel\Intel(R) Management Engine Components\IPT;set path=C:\Windows\system32;C:\Windows;C:\Windows\system32\wbem;C:\Program Files (x86)\Common Files\Oracle\Java\javapath;C:\ProgramData\Oracle\Java\javapath;C:\Program Files (x86)\Intel\iCLS Client;C:\Program Files\Intel\iCLS Client;C:\Windows\System32\WindowsPowerShell\v1.0;C:\Program Files (x86)\Intel\OpenCL SDK\2.0\bin\x86;C:\Program Files (x86)\Intel\OpenCL SDK\2.0\bin\x64;C:\Program Files\Intel\WiFi\bin;C:\Program Files\Common Files\Intel\WirelessCommon;C:\Program Files\Intel\Intel(R) Management Engine Components\DAL;C:\Program Files\Intel\Intel(R) Management Engine Components\IPT;C:\Program Files (x86)\Intel\Intel(R) Management Engine Components\DAL;C:\Program Files (x86)\Intel\Intel(R) Management Engine Components\IPT;set path=C:\Windows\system32;C:\Windows;C:\Windows\system32\wbem;C:\Program Files (x86)\Common Files\Oracle\Java\javapath;C:\ProgramData\Oracle\Java\javapath;C:\Program Files (x86)\Intel\iCLS Client;C:\Program Files\Intel\iCLS Client;C:\Windows\System32\WindowsPowerShell\v1.0;C:\Program Files (x86)\Intel\OpenCL SDK\2.0\bin\x86;C:\Program Files (x86)\Intel\OpenCL SDK\2.0\bin\x64;C:\Program Files\Intel\WiFi\bin;C:\Program Files\Common Files\Intel\WirelessCommon;C:\Program Files\Intel\Intel(R) Management Engine Components\DAL;C:\Program Files\Intel\Intel(R) Management Engine Components\IPT;C:\Program Files (x86)\Intel\Intel(R) Management Engine Components\DAL;C:\Program Files (x86)\Intel\Intel(R) Management Engine Components\IPT;set path=C:\Windows\System32;C:\Program Files\Java\jdk1.8.0_171\bin;C:\Program Files\apache-maven-3.5.0\bin;C:\Program Files\Git\cmd;C:\Program Files\MySQL\MySQL Server 8.0\bin;;C:\Program Files\Java\jdk1.8.0_171\bin;C:\Program Files\apache-maven-3.5.0\bin;C:\Program Files\Git\cmd;C:\Program Files\MySQL\MySQL Server 8.0\bin;;C:\Program Files\Java\jdk1.8.0_171\bin;C:\Program Files\apache-maven-3.5.0\bin;C:\Program Files\Git\cmd;C:\Program Files\MySQL\MySQL Server 8.0\bin;D:\Programowanie\Python\Scripts\;D:\Programowanie\Python\;C:\Program Files\Intel\WiFi\bin\;C:\Program Files\Common Files\Intel\WirelessCommon\;., surefire.test.class.path=D:\Programowanie\Java\przychodnia\target\test-classes;D:\Programowanie\Java\przychodnia\target\classes;C:\Users\m\.m2\repository\org\springframework\boot\spring-boot-starter-data-jpa\2.0.2.RELEASE\spring-boot-starter-data-jpa-2.0.2.RELEASE.jar;C:\Users\m\.m2\repository\org\springframework\boot\spring-boot-starter\2.0.2.RELEASE\spring-boot-starter-2.0.2.RELEASE.jar;C:\Users\m\.m2\repository\org\springframework\boot\spring-boot\2.0.2.RELEASE\spring-boot-2.0.2.RELEASE.jar;C:\Users\m\.m2\repository\org\springframework\boot\spring-boot-autoconfigure\2.0.2.RELEASE\spring-boot-autoconfigure-2.0.2.RELEASE.jar;C:\Users\m\.m2\repository\org\springframework\boot\spring-boot-starter-logging\2.0.2.RELEASE\spring-boot-starter-logging-2.0.2.RELEASE.jar;C:\Users\m\.m2\repository\ch\qos\logback\logback-classic\1.2.3\logback-classic-1.2.3.jar;C:\Users\m\.m2\repository\ch\qos\logback\logback-core\1.2.3\logback-core-1.2.3.jar;C:\Users\m\.m2\repository\org\apache\logging\log4j\log4j-to-slf4j\2.10.0\log4j-to-slf4j-2.10.0.jar;C:\Users\m\.m2\repository\org\apache\logging\log4j\log4j-api\2.10.0\log4j-api-2.10.0.jar;C:\Users\m\.m2\repository\org\slf4j\jul-to-slf4j\1.7.25\jul-to-slf4j-1.7.25.jar;C:\Users\m\.m2\repository\javax\annotation\javax.annotation-api\1.3.2\javax.annotation-api-1.3.2.jar;C:\Users\m\.m2\repository\org\yaml\snakeyaml\1.19\snakeyaml-1.19.jar;C:\Users\m\.m2\repository\org\springframework\boot\spring-boot-starter-aop\2.0.2.RELEASE\spring-boot-starter-aop-2.0.2.RELEASE.jar;C:\Users\m\.m2\repository\org\springframework\spring-aop\5.0.6.RELEASE\spring-aop-5.0.6.RELEASE.jar;C:\Users\m\.m2\repository\org\aspectj\aspectjweaver\1.8.13\aspectjweaver-1.8.13.jar;C:\Users\m\.m2\repository\org\springframework\boot\spring-boot-starter-jdbc\2.0.2.RELEASE\spring-boot-starter-jdbc-2.0.2.RELEASE.jar;C:\Users\m\.m2\repository\com\zaxxer\HikariCP\2.7.9\HikariCP-2.7.9.jar;C:\Users\m\.m2\repository\org\springframework\spring-jdbc\5.0.6.RELEASE\spring-jdbc-5.0.6.RELEASE.jar;C:\Users\m\.m2\repository\org\hibernate\hibernate-core\5.2.17.Final\hibernate-core-5.2.17.Final.jar;C:\Users\m\.m2\repository\org\jboss\logging\jboss-logging\3.3.2.Final\jboss-logging-3.3.2.Final.jar;C:\Users\m\.m2\repository\org\hibernate\javax\persistence\hibernate-jpa-2.1-api\1.0.0.Final\hibernate-jpa-2.1-api-1.0.0.Final.jar;C:\Users\m\.m2\repository\org\javassist\javassist\3.22.0-GA\javassist-3.22.0-GA.jar;C:\Users\m\.m2\repository\antlr\antlr\2.7.7\antlr-2.7.7.jar;C:\Users\m\.m2\repository\org\jboss\jandex\2.0.3.Final\jandex-2.0.3.Final.jar;C:\Users\m\.m2\repository\com\fasterxml\classmate\1.3.4\classmate-1.3.4.jar;C:\Users\m\.m2\repository\dom4j\dom4j\1.6.1\dom4j-1.6.1.jar;C:\Users\m\.m2\repository\org\hibernate\common\hibernate-commons-annotations\5.0.1.Final\hibernate-commons-annotations-5.0.1.Final.jar;C:\Users\m\.m2\repository\javax\transaction\javax.transaction-api\1.2\javax.transaction-api-1.2.jar;C:\Users\m\.m2\repository\org\springframework\data\spring-data-jpa\2.0.7.RELEASE\spring-data-jpa-2.0.7.RELEASE.jar;C:\Users\m\.m2\repository\org\springframework\data\spring-data-commons\2.0.7.RELEASE\spring-data-commons-2.0.7.RELEASE.jar;C:\Users\m\.m2\repository\org\springframework\spring-orm\5.0.6.RELEASE\spring-orm-5.0.6.RELEASE.jar;C:\Users\m\.m2\repository\org\springframework\spring-context\5.0.6.RELEASE\spring-context-5.0.6.RELEASE.jar;C:\Users\m\.m2\repository\org\springframework\spring-expression\5.0.6.RELEASE\spring-expression-5.0.6.RELEASE.jar;C:\Users\m\.m2\repository\org\springframework\spring-tx\5.0.6.RELEASE\spring-tx-5.0.6.RELEASE.jar;C:\Users\m\.m2\repository\org\springframework\spring-beans\5.0.6.RELEASE\spring-beans-5.0.6.RELEASE.jar;C:\Users\m\.m2\repository\org\slf4j\slf4j-api\1.7.25\slf4j-api-1.7.25.jar;C:\Users\m\.m2\repository\org\springframework\spring-aspects\5.0.6.RELEASE\spring-aspects-5.0.6.RELEASE.jar;C:\Users\m\.m2\repository\org\springframework\boot\spring-boot-starter-test\2.0.2.RELEASE\spring-boot-starter-test-2.0.2.RELEASE.jar;C:\Users\m\.m2\repository\org\springframework\boot\spring-boot-test\2.0.2.RELEASE\spring-boot-test-2.0.2.RELEASE.jar;C:\Users\m\.m2\repository\org\springframework\boot\spring-boot-test-autoconfigure\2.0.2.RELEASE\spring-boot-test-autoconfigure-2.0.2.RELEASE.jar;C:\Users\m\.m2\repository\com\jayway\jsonpath\json-path\2.4.0\json-path-2.4.0.jar;C:\Users\m\.m2\repository\net\minidev\json-smart\2.3\json-smart-2.3.jar;C:\Users\m\.m2\repository\net\minidev\accessors-smart\1.2\accessors-smart-1.2.jar;C:\Users\m\.m2\repository\org\ow2\asm\asm\5.0.4\asm-5.0.4.jar;C:\Users\m\.m2\repository\junit\junit\4.12\junit-4.12.jar;C:\Users\m\.m2\repository\org\assertj\assertj-core\3.9.1\assertj-core-3.9.1.jar;C:\Users\m\.m2\repository\org\mockito\mockito-core\2.15.0\mockito-core-2.15.0.jar;C:\Users\m\.m2\repository\net\bytebuddy\byte-buddy\1.7.11\byte-buddy-1.7.11.jar;C:\Users\m\.m2\repository\net\bytebuddy\byte-buddy-agent\1.7.11\byte-buddy-agent-1.7.11.jar;C:\Users\m\.m2\repository\org\objenesis\objenesis\2.6\objenesis-2.6.jar;C:\Users\m\.m2\repository\org\hamcrest\hamcrest-core\1.3\hamcrest-core-1.3.jar;C:\Users\m\.m2\repository\org\hamcrest\hamcrest-library\1.3\hamcrest-library-1.3.jar;C:\Users\m\.m2\repository\org\skyscreamer\jsonassert\1.5.0\jsonassert-1.5.0.jar;C:\Users\m\.m2\repository\com\vaadin\external\google\android-json\0.0.20131108.vaadin1\android-json-0.0.20131108.vaadin1.jar;C:\Users\m\.m2\repository\org\springframework\spring-core\5.0.6.RELEASE\spring-core-5.0.6.RELEASE.jar;C:\Users\m\.m2\repository\org\springframework\spring-jcl\5.0.6.RELEASE\spring-jcl-5.0.6.RELEASE.jar;C:\Users\m\.m2\repository\org\springframework\spring-test\5.0.6.RELEASE\spring-test-5.0.6.RELEASE.jar;C:\Users\m\.m2\repository\org\xmlunit\xmlunit-core\2.5.1\xmlunit-core-2.5.1.jar;C:\Users\m\.m2\repository\com\vaadin\vaadin-spring-boot-starter\10.0.1\vaadin-spring-boot-starter-10.0.1.jar;C:\Users\m\.m2\repository\com\vaadin\vaadin-spring\10.0.0\vaadin-spring-10.0.0.jar;C:\Users\m\.m2\repository\com\vaadin\flow-server\1.0.0\flow-server-1.0.0.jar;C:\Users\m\.m2\repository\com\google\gwt\gwt-elemental\2.8.2\gwt-elemental-2.8.2.jar;C:\Users\m\.m2\repository\commons-fileupload\commons-fileupload\1.3.3\commons-fileupload-1.3.3.jar;C:\Users\m\.m2\repository\commons-io\commons-io\2.5\commons-io-2.5.jar;C:\Users\m\.m2\repository\com\helger\ph-css\6.1.1\ph-css-6.1.1.jar;C:\Users\m\.m2\repository\com\helger\ph-commons\9.0.2\ph-commons-9.0.2.jar;C:\Users\m\.m2\repository\com\google\code\findbugs\jsr305\3.0.2\jsr305-3.0.2.jar;C:\Users\m\.m2\repository\com\googlecode\gentyref\gentyref\1.2.0\gentyref-1.2.0.jar;C:\Users\m\.m2\repository\com\vaadin\flow-push\1.0.0\flow-push-1.0.0.jar;C:\Users\m\.m2\repository\com\vaadin\external\atmosphere\atmosphere-runtime\2.4.24.vaadin1\atmosphere-runtime-2.4.24.vaadin1.jar;C:\Users\m\.m2\repository\com\vaadin\external\slf4j\vaadin-slf4j-jdk14\1.6.1\vaadin-slf4j-jdk14-1.6.1.jar;C:\Users\m\.m2\repository\com\vaadin\flow-client\1.0.0\flow-client-1.0.0.jar;C:\Users\m\.m2\repository\org\springframework\spring-webmvc\5.0.6.RELEASE\spring-webmvc-5.0.6.RELEASE.jar;C:\Users\m\.m2\repository\org\springframework\spring-websocket\5.0.6.RELEASE\spring-websocket-5.0.6.RELEASE.jar;C:\Users\m\.m2\repository\com\vaadin\vaadin-core\10.0.1\vaadin-core-10.0.1.jar;C:\Users\m\.m2\repository\com\vaadin\flow-html-components\1.0.0\flow-html-components-1.0.0.jar;C:\Users\m\.m2\repository\com\vaadin\flow-data\1.0.0\flow-data-1.0.0.jar;C:\Users\m\.m2\repository\javax\validation\validation-api\2.0.1.Final\validation-api-2.0.1.Final.jar;C:\Users\m\.m2\repository\com\vaadin\vaadin-lumo-theme\1.0.0\vaadin-lumo-theme-1.0.0.jar;C:\Users\m\.m2\repository\org\webjars\bowergithub\polymerelements\iron-flex-layout\2.0.3\iron-flex-layout-2.0.3.jar;C:\Users\m\.m2\repository\org\webjars\bowergithub\polymer\polymer\2.6.0\polymer-2.6.0.jar;C:\Users\m\.m2\repository\org\webjars\bowergithub\webcomponents\shadycss\1.2.1\shadycss-1.2.1.jar;C:\Users\m\.m2\repository\org\webjars\bowergithub\webcomponents\webcomponentsjs\1.2.0\webcomponentsjs-1.2.0.jar;C:\Users\m\.m2\repository\com\vaadin\vaadin-button-flow\1.0.0\vaadin-button-flow-1.0.0.jar;C:\Users\m\.m2\repository\org\webjars\bowergithub\vaadin\vaadin-button\2.0.1\vaadin-button-2.0.1.jar;C:\Users\m\.m2\repository\org\webjars\bowergithub\vaadin\vaadin-control-state-mixin\2.0.3\vaadin-control-state-mixin-2.0.3.jar;C:\Users\m\.m2\repository\org\webjars\bowergithub\vaadin\vaadin-element-mixin\1.0.2\vaadin-element-mixin-1.0.2.jar;C:\Users\m\.m2\repository\org\webjars\bowergithub\vaadin\vaadin-usage-statistics\1.0.8\vaadin-usage-statistics-1.0.8.jar;C:\Users\m\.m2\repository\org\webjars\bowergithub\vaadin\vaadin-development-mode-detector\1.0.3\vaadin-development-mode-detector-1.0.3.jar;C:\Users\m\.m2\repository\org\webjars\bowergithub\vaadin\vaadin-lumo-styles\1.2.0\vaadin-lumo-styles-1.2.0.jar;C:\Users\m\.m2\repository\org\webjars\bowergithub\vaadin\vaadin-themable-mixin\1.1.6\vaadin-themable-mixin-1.1.6.jar;C:\Users\m\.m2\repository\com\vaadin\vaadin-checkbox-flow\1.0.0\vaadin-checkbox-flow-1.0.0.jar;C:\Users\m\.m2\repository\org\webjars\bowergithub\vaadin\vaadin-checkbox\2.1.1\vaadin-checkbox-2.1.1.jar;C:\Users\m\.m2\repository\com\vaadin\vaadin-combo-box-flow\1.0.0\vaadin-combo-box-flow-1.0.0.jar;C:\Users\m\.m2\repository\org\webjars\bowergithub\vaadin\vaadin-combo-box\4.0.1\vaadin-combo-box-4.0.1.jar;C:\Users\m\.m2\repository\org\webjars\bowergithub\polymerelements\iron-resizable-behavior\2.1.0\iron-resizable-behavior-2.1.0.jar;C:\Users\m\.m2\repository\org\webjars\bowergithub\polymerelements\iron-a11y-announcer\2.1.0\iron-a11y-announcer-2.1.0.jar;C:\Users\m\.m2\repository\org\webjars\bowergithub\polymerelements\iron-a11y-keys-behavior\2.1.1\iron-a11y-keys-behavior-2.1.1.jar;C:\Users\m\.m2\repository\org\webjars\bowergithub\vaadin\vaadin-item\2.1.0\vaadin-item-2.1.0.jar;C:\Users\m\.m2\repository\org\webjars\bowergithub\vaadin\vaadin-material-styles\1.2.0\vaadin-material-styles-1.2.0.jar;C:\Users\m\.m2\repository\org\webjars\bowergithub\vaadin\vaadin-overlay\3.0.3\vaadin-overlay-3.0.3.jar;C:\Users\m\.m2\repository\org\webjars\bowergithub\polymerelements\iron-overlay-behavior\2.3.4\iron-overlay-behavior-2.3.4.jar;C:\Users\m\.m2\repository\org\webjars\bowergithub\polymerelements\iron-fit-behavior\2.2.0\iron-fit-behavior-2.2.0.jar;C:\Users\m\.m2\repository\com\vaadin\vaadin-date-picker-flow\1.0.0\vaadin-date-picker-flow-1.0.0.jar;C:\Users\m\.m2\repository\org\webjars\bowergithub\vaadin\vaadin-date-picker\3.0.2\vaadin-date-picker-3.0.2.jar;C:\Users\m\.m2\repository\org\webjars\bowergithub\polymerelements\iron-media-query\2.1.0\iron-media-query-2.1.0.jar;C:\Users\m\.m2\repository\com\vaadin\vaadin-dialog-flow\1.0.0\vaadin-dialog-flow-1.0.0.jar;C:\Users\m\.m2\repository\org\webjars\bowergithub\vaadin\vaadin-dialog\2.0.2\vaadin-dialog-2.0.2.jar;C:\Users\m\.m2\repository\com\vaadin\vaadin-form-layout-flow\1.0.0\vaadin-form-layout-flow-1.0.0.jar;C:\Users\m\.m2\repository\org\webjars\bowergithub\vaadin\vaadin-form-layout\2.0.1\vaadin-form-layout-2.0.1.jar;C:\Users\m\.m2\repository\com\vaadin\vaadin-grid-flow\1.0.0\vaadin-grid-flow-1.0.0.jar;C:\Users\m\.m2\repository\org\webjars\bowergithub\vaadin\vaadin-grid\5.0.4\vaadin-grid-5.0.4.jar;C:\Users\m\.m2\repository\org\webjars\bowergithub\polymerelements\iron-scroll-target-behavior\2.1.1\iron-scroll-target-behavior-2.1.1.jar;C:\Users\m\.m2\repository\org\apache\commons\commons-lang3\3.7\commons-lang3-3.7.jar;C:\Users\m\.m2\repository\com\vaadin\vaadin-icons-flow\1.0.0\vaadin-icons-flow-1.0.0.jar;C:\Users\m\.m2\repository\org\webjars\bowergithub\vaadin\vaadin-icons\4.1.4\vaadin-icons-4.1.4.jar;C:\Users\m\.m2\repository\org\webjars\bowergithub\polymerelements\iron-icon\2.1.0\iron-icon-2.1.0.jar;C:\Users\m\.m2\repository\org\webjars\bowergithub\polymerelements\iron-meta\2.1.1\iron-meta-2.1.1.jar;C:\Users\m\.m2\repository\org\webjars\bowergithub\polymerelements\iron-iconset-svg\2.2.1\iron-iconset-svg-2.2.1.jar;C:\Users\m\.m2\repository\com\vaadin\vaadin-iron-list-flow\1.0.0\vaadin-iron-list-flow-1.0.0.jar;C:\Users\m\.m2\repository\org\webjars\bowergithub\polymerelements\iron-list\2.0.12\iron-list-2.0.12.jar;C:\Users\m\.m2\repository\com\vaadin\vaadin-list-box-flow\1.0.0\vaadin-list-box-flow-1.0.0.jar;C:\Users\m\.m2\repository\org\webjars\bowergithub\vaadin\vaadin-list-box\1.0.2\vaadin-list-box-1.0.2.jar;C:\Users\m\.m2\repository\org\webjars\bowergithub\vaadin\vaadin-list-mixin\2.0.0\vaadin-list-mixin-2.0.0.jar;C:\Users\m\.m2\repository\com\vaadin\vaadin-ordered-layout-flow\1.0.0\vaadin-ordered-layout-flow-1.0.0.jar;C:\Users\m\.m2\repository\org\webjars\bowergithub\vaadin\vaadin-ordered-layout\1.0.2\vaadin-ordered-layout-1.0.2.jar;C:\Users\m\.m2\repository\com\vaadin\vaadin-progress-bar-flow\1.0.0\vaadin-progress-bar-flow-1.0.0.jar;C:\Users\m\.m2\repository\org\webjars\bowergithub\vaadin\vaadin-progress-bar\1.0.0\vaadin-progress-bar-1.0.0.jar;C:\Users\m\.m2\repository\com\vaadin\vaadin-radio-button-flow\1.0.0\vaadin-radio-button-flow-1.0.0.jar;C:\Users\m\.m2\repository\org\webjars\bowergithub\vaadin\vaadin-radio-button\1.0.1\vaadin-radio-button-1.0.1.jar;C:\Users\m\.m2\repository\com\vaadin\vaadin-split-layout-flow\1.0.0\vaadin-split-layout-flow-1.0.0.jar;C:\Users\m\.m2\repository\org\webjars\bowergithub\vaadin\vaadin-split-layout\4.0.0\vaadin-split-layout-4.0.0.jar;C:\Users\m\.m2\repository\com\vaadin\vaadin-tabs-flow\1.0.0\vaadin-tabs-flow-1.0.0.jar;C:\Users\m\.m2\repository\org\webjars\bowergithub\vaadin\vaadin-tabs\2.0.0\vaadin-tabs-2.0.0.jar;C:\Users\m\.m2\repository\com\vaadin\vaadin-text-field-flow\1.0.0\vaadin-text-field-flow-1.0.0.jar;C:\Users\m\.m2\repository\org\webjars\bowergithub\vaadin\vaadin-text-field\2.0.1\vaadin-text-field-2.0.1.jar;C:\Users\m\.m2\repository\com\vaadin\vaadin-upload-flow\1.0.0\vaadin-upload-flow-1.0.0.jar;C:\Users\m\.m2\repository\org\webjars\bowergithub\vaadin\vaadin-upload\4.0.0\vaadin-upload-4.0.0.jar;C:\Users\m\.m2\repository\com\vaadin\vaadin-notification-flow\1.0.0\vaadin-notification-flow-1.0.0.jar;C:\Users\m\.m2\repository\org\webjars\bowergithub\vaadin\vaadin-notification\1.0.0\vaadin-notification-1.0.0.jar;C:\Users\m\.m2\repository\org\springframework\boot\spring-boot-starter-web\2.0.2.RELEASE\spring-boot-starter-web-2.0.2.RELEASE.jar;C:\Users\m\.m2\repository\org\springframework\boot\spring-boot-starter-json\2.0.2.RELEASE\spring-boot-starter-json-2.0.2.RELEASE.jar;C:\Users\m\.m2\repository\com\fasterxml\jackson\core\jackson-databind\2.9.5\jackson-databind-2.9.5.jar;C:\Users\m\.m2\repository\com\fasterxml\jackson\core\jackson-annotations\2.9.0\jackson-annotations-2.9.0.jar;C:\Users\m\.m2\repository\com\fasterxml\jackson\core\jackson-core\2.9.5\jackson-core-2.9.5.jar;C:\Users\m\.m2\repository\com\fasterxml\jackson\datatype\jackson-datatype-jdk8\2.9.5\jackson-datatype-jdk8-2.9.5.jar;C:\Users\m\.m2\repository\com\fasterxml\jackson\datatype\jackson-datatype-jsr310\2.9.5\jackson-datatype-jsr310-2.9.5.jar;C:\Users\m\.m2\repository\com\fasterxml\jackson\module\jackson-module-parameter-names\2.9.5\jackson-module-parameter-names-2.9.5.jar;C:\Users\m\.m2\repository\org\springframework\boot\spring-boot-starter-tomcat\2.0.2.RELEASE\spring-boot-starter-tomcat-2.0.2.RELEASE.jar;C:\Users\m\.m2\repository\org\apache\tomcat\embed\tomcat-embed-core\8.5.31\tomcat-embed-core-8.5.31.jar;C:\Users\m\.m2\repository\org\apache\tomcat\embed\tomcat-embed-el\8.5.31\tomcat-embed-el-8.5.31.jar;C:\Users\m\.m2\repository\org\apache\tomcat\embed\tomcat-embed-websocket\8.5.31\tomcat-embed-websocket-8.5.31.jar;C:\Users\m\.m2\repository\org\hibernate\validator\hibernate-validator\6.0.9.Final\hibernate-validator-6.0.9.Final.jar;C:\Users\m\.m2\repository\org\springframework\spring-web\5.0.6.RELEASE\spring-web-5.0.6.RELEASE.jar;C:\Users\m\.m2\repository\com\vaadin\vaadin-server\8.4.4\vaadin-server-8.4.4.jar;C:\Users\m\.m2\repository\com\vaadin\vaadin-sass-compiler\0.9.13\vaadin-sass-compiler-0.9.13.jar;C:\Users\m\.m2\repository\org\w3c\css\sac\1.3\sac-1.3.jar;C:\Users\m\.m2\repository\com\vaadin\external\flute\flute\1.3.0.gg2\flute-1.3.0.gg2.jar;C:\Users\m\.m2\repository\com\vaadin\vaadin-shared\8.4.4\vaadin-shared-8.4.4.jar;C:\Users\m\.m2\repository\org\jsoup\jsoup\1.11.2\jsoup-1.11.2.jar;C:\Users\m\.m2\repository\com\vaadin\external\gentyref\1.2.0.vaadin1\gentyref-1.2.0.vaadin1.jar;C:\Users\m\.m2\repository\mysql\mysql-connector-java\5.1.46\mysql-connector-java-5.1.46.jar;, java.specification.name=Java Platform API Specification, java.class.version=52.0, sun.management.compiler=HotSpot 64-Bit Tiered Compilers, os.version=6.1, user.home=C:\Users\m, user.timezone=Europe/Belgrade, java.awt.printerjob=sun.awt.windows.WPrinterJob, file.encoding=UTF-8, java.specification.version=1.8, java.class.path=D:\Programowanie\Java\przychodnia\target\test-classes;D:\Programowanie\Java\przychodnia\target\classes;C:\Users\m\.m2\repository\org\springframework\boot\spring-boot-starter-data-jpa\2.0.2.RELEASE\spring-boot-starter-data-jpa-2.0.2.RELEASE.jar;C:\Users\m\.m2\repository\org\springframework\boot\spring-boot-starter\2.0.2.RELEASE\spring-boot-starter-2.0.2.RELEASE.jar;C:\Users\m\.m2\repository\org\springframework\boot\spring-boot\2.0.2.RELEASE\spring-boot-2.0.2.RELEASE.jar;C:\Users\m\.m2\repository\org\springframework\boot\spring-boot-autoconfigure\2.0.2.RELEASE\spring-boot-autoconfigure-2.0.2.RELEASE.jar;C:\Users\m\.m2\repository\org\springframework\boot\spring-boot-starter-logging\2.0.2.RELEASE\spring-boot-starter-logging-2.0.2.RELEASE.jar;C:\Users\m\.m2\repository\ch\qos\logback\logback-classic\1.2.3\logback-classic-1.2.3.jar;C:\Users\m\.m2\repository\ch\qos\logback\logback-core\1.2.3\logback-core-1.2.3.jar;C:\Users\m\.m2\repository\org\apache\logging\log4j\log4j-to-slf4j\2.10.0\log4j-to-slf4j-2.10.0.jar;C:\Users\m\.m2\repository\org\apache\logging\log4j\log4j-api\2.10.0\log4j-api-2.10.0.jar;C:\Users\m\.m2\repository\org\slf4j\jul-to-slf4j\1.7.25\jul-to-slf4j-1.7.25.jar;C:\Users\m\.m2\repository\javax\annotation\javax.annotation-api\1.3.2\javax.annotation-api-1.3.2.jar;C:\Users\m\.m2\repository\org\yaml\snakeyaml\1.19\snakeyaml-1.19.jar;C:\Users\m\.m2\repository\org\springframework\boot\spring-boot-starter-aop\2.0.2.RELEASE\spring-boot-starter-aop-2.0.2.RELEASE.jar;C:\Users\m\.m2\repository\org\springframework\spring-aop\5.0.6.RELEASE\spring-aop-5.0.6.RELEASE.jar;C:\Users\m\.m2\repository\org\aspectj\aspectjweaver\1.8.13\aspectjweaver-1.8.13.jar;C:\Users\m\.m2\repository\org\springframework\boot\spring-boot-starter-jdbc\2.0.2.RELEASE\spring-boot-starter-jdbc-2.0.2.RELEASE.jar;C:\Users\m\.m2\repository\com\zaxxer\HikariCP\2.7.9\HikariCP-2.7.9.jar;C:\Users\m\.m2\repository\org\springframework\spring-jdbc\5.0.6.RELEASE\spring-jdbc-5.0.6.RELEASE.jar;C:\Users\m\.m2\repository\org\hibernate\hibernate-core\5.2.17.Final\hibernate-core-5.2.17.Final.jar;C:\Users\m\.m2\repository\org\jboss\logging\jboss-logging\3.3.2.Final\jboss-logging-3.3.2.Final.jar;C:\Users\m\.m2\repository\org\hibernate\javax\persistence\hibernate-jpa-2.1-api\1.0.0.Final\hibernate-jpa-2.1-api-1.0.0.Final.jar;C:\Users\m\.m2\repository\org\javassist\javassist\3.22.0-GA\javassist-3.22.0-GA.jar;C:\Users\m\.m2\repository\antlr\antlr\2.7.7\antlr-2.7.7.jar;C:\Users\m\.m2\repository\org\jboss\jandex\2.0.3.Final\jandex-2.0.3.Final.jar;C:\Users\m\.m2\repository\com\fasterxml\classmate\1.3.4\classmate-1.3.4.jar;C:\Users\m\.m2\repository\dom4j\dom4j\1.6.1\dom4j-1.6.1.jar;C:\Users\m\.m2\repository\org\hibernate\common\hibernate-commons-annotations\5.0.1.Final\hibernate-commons-annotations-5.0.1.Final.jar;C:\Users\m\.m2\repository\javax\transaction\javax.transaction-api\1.2\javax.transaction-api-1.2.jar;C:\Users\m\.m2\repository\org\springframework\data\spring-data-jpa\2.0.7.RELEASE\spring-data-jpa-2.0.7.RELEASE.jar;C:\Users\m\.m2\repository\org\springframework\data\spring-data-commons\2.0.7.RELEASE\spring-data-commons-2.0.7.RELEASE.jar;C:\Users\m\.m2\repository\org\springframework\spring-orm\5.0.6.RELEASE\spring-orm-5.0.6.RELEASE.jar;C:\Users\m\.m2\repository\org\springframework\spring-context\5.0.6.RELEASE\spring-context-5.0.6.RELEASE.jar;C:\Users\m\.m2\repository\org\springframework\spring-expression\5.0.6.RELEASE\spring-expression-5.0.6.RELEASE.jar;C:\Users\m\.m2\repository\org\springframework\spring-tx\5.0.6.RELEASE\spring-tx-5.0.6.RELEASE.jar;C:\Users\m\.m2\repository\org\springframework\spring-beans\5.0.6.RELEASE\spring-beans-5.0.6.RELEASE.jar;C:\Users\m\.m2\repository\org\slf4j\slf4j-api\1.7.25\slf4j-api-1.7.25.jar;C:\Users\m\.m2\repository\org\springframework\spring-aspects\5.0.6.RELEASE\spring-aspects-5.0.6.RELEASE.jar;C:\Users\m\.m2\repository\org\springframework\boot\spring-boot-starter-test\2.0.2.RELEASE\spring-boot-starter-test-2.0.2.RELEASE.jar;C:\Users\m\.m2\repository\org\springframework\boot\spring-boot-test\2.0.2.RELEASE\spring-boot-test-2.0.2.RELEASE.jar;C:\Users\m\.m2\repository\org\springframework\boot\spring-boot-test-autoconfigure\2.0.2.RELEASE\spring-boot-test-autoconfigure-2.0.2.RELEASE.jar;C:\Users\m\.m2\repository\com\jayway\jsonpath\json-path\2.4.0\json-path-2.4.0.jar;C:\Users\m\.m2\repository\net\minidev\json-smart\2.3\json-smart-2.3.jar;C:\Users\m\.m2\repository\net\minidev\accessors-smart\1.2\accessors-smart-1.2.jar;C:\Users\m\.m2\repository\org\ow2\asm\asm\5.0.4\asm-5.0.4.jar;C:\Users\m\.m2\repository\junit\junit\4.12\junit-4.12.jar;C:\Users\m\.m2\repository\org\assertj\assertj-core\3.9.1\assertj-core-3.9.1.jar;C:\Users\m\.m2\repository\org\mockito\mockito-core\2.15.0\mockito-core-2.15.0.jar;C:\Users\m\.m2\repository\net\bytebuddy\byte-buddy\1.7.11\byte-buddy-1.7.11.jar;C:\Users\m\.m2\repository\net\bytebuddy\byte-buddy-agent\1.7.11\byte-buddy-agent-1.7.11.jar;C:\Users\m\.m2\repository\org\objenesis\objenesis\2.6\objenesis-2.6.jar;C:\Users\m\.m2\repository\org\hamcrest\hamcrest-core\1.3\hamcrest-core-1.3.jar;C:\Users\m\.m2\repository\org\hamcrest\hamcrest-library\1.3\hamcrest-library-1.3.jar;C:\Users\m\.m2\repository\org\skyscreamer\jsonassert\1.5.0\jsonassert-1.5.0.jar;C:\Users\m\.m2\repository\com\vaadin\external\google\android-json\0.0.20131108.vaadin1\android-json-0.0.20131108.vaadin1.jar;C:\Users\m\.m2\repository\org\springframework\spring-core\5.0.6.RELEASE\spring-core-5.0.6.RELEASE.jar;C:\Users\m\.m2\repository\org\springframework\spring-jcl\5.0.6.RELEASE\spring-jcl-5.0.6.RELEASE.jar;C:\Users\m\.m2\repository\org\springframework\spring-test\5.0.6.RELEASE\spring-test-5.0.6.RELEASE.jar;C:\Users\m\.m2\repository\org\xmlunit\xmlunit-core\2.5.1\xmlunit-core-2.5.1.jar;C:\Users\m\.m2\repository\com\vaadin\vaadin-spring-boot-starter\10.0.1\vaadin-spring-boot-starter-10.0.1.jar;C:\Users\m\.m2\repository\com\vaadin\vaadin-spring\10.0.0\vaadin-spring-10.0.0.jar;C:\Users\m\.m2\repository\com\vaadin\flow-server\1.0.0\flow-server-1.0.0.jar;C:\Users\m\.m2\repository\com\google\gwt\gwt-elemental\2.8.2\gwt-elemental-2.8.2.jar;C:\Users\m\.m2\repository\commons-fileupload\commons-fileupload\1.3.3\commons-fileupload-1.3.3.jar;C:\Users\m\.m2\repository\commons-io\commons-io\2.5\commons-io-2.5.jar;C:\Users\m\.m2\repository\com\helger\ph-css\6.1.1\ph-css-6.1.1.jar;C:\Users\m\.m2\repository\com\helger\ph-commons\9.0.2\ph-commons-9.0.2.jar;C:\Users\m\.m2\repository\com\google\code\findbugs\jsr305\3.0.2\jsr305-3.0.2.jar;C:\Users\m\.m2\repository\com\googlecode\gentyref\gentyref\1.2.0\gentyref-1.2.0.jar;C:\Users\m\.m2\repository\com\vaadin\flow-push\1.0.0\flow-push-1.0.0.jar;C:\Users\m\.m2\repository\com\vaadin\external\atmosphere\atmosphere-runtime\2.4.24.vaadin1\atmosphere-runtime-2.4.24.vaadin1.jar;C:\Users\m\.m2\repository\com\vaadin\external\slf4j\vaadin-slf4j-jdk14\1.6.1\vaadin-slf4j-jdk14-1.6.1.jar;C:\Users\m\.m2\repository\com\vaadin\flow-client\1.0.0\flow-client-1.0.0.jar;C:\Users\m\.m2\repository\org\springframework\spring-webmvc\5.0.6.RELEASE\spring-webmvc-5.0.6.RELEASE.jar;C:\Users\m\.m2\repository\org\springframework\spring-websocket\5.0.6.RELEASE\spring-websocket-5.0.6.RELEASE.jar;C:\Users\m\.m2\repository\com\vaadin\vaadin-core\10.0.1\vaadin-core-10.0.1.jar;C:\Users\m\.m2\repository\com\vaadin\flow-html-components\1.0.0\flow-html-components-1.0.0.jar;C:\Users\m\.m2\repository\com\vaadin\flow-data\1.0.0\flow-data-1.0.0.jar;C:\Users\m\.m2\repository\javax\validation\validation-api\2.0.1.Final\validation-api-2.0.1.Final.jar;C:\Users\m\.m2\repository\com\vaadin\vaadin-lumo-theme\1.0.0\vaadin-lumo-theme-1.0.0.jar;C:\Users\m\.m2\repository\org\webjars\bowergithub\polymerelements\iron-flex-layout\2.0.3\iron-flex-layout-2.0.3.jar;C:\Users\m\.m2\repository\org\webjars\bowergithub\polymer\polymer\2.6.0\polymer-2.6.0.jar;C:\Users\m\.m2\repository\org\webjars\bowergithub\webcomponents\shadycss\1.2.1\shadycss-1.2.1.jar;C:\Users\m\.m2\repository\org\webjars\bowergithub\webcomponents\webcomponentsjs\1.2.0\webcomponentsjs-1.2.0.jar;C:\Users\m\.m2\repository\com\vaadin\vaadin-button-flow\1.0.0\vaadin-button-flow-1.0.0.jar;C:\Users\m\.m2\repository\org\webjars\bowergithub\vaadin\vaadin-button\2.0.1\vaadin-button-2.0.1.jar;C:\Users\m\.m2\repository\org\webjars\bowergithub\vaadin\vaadin-control-state-mixin\2.0.3\vaadin-control-state-mixin-2.0.3.jar;C:\Users\m\.m2\repository\org\webjars\bowergithub\vaadin\vaadin-element-mixin\1.0.2\vaadin-element-mixin-1.0.2.jar;C:\Users\m\.m2\repository\org\webjars\bowergithub\vaadin\vaadin-usage-statistics\1.0.8\vaadin-usage-statistics-1.0.8.jar;C:\Users\m\.m2\repository\org\webjars\bowergithub\vaadin\vaadin-development-mode-detector\1.0.3\vaadin-development-mode-detector-1.0.3.jar;C:\Users\m\.m2\repository\org\webjars\bowergithub\vaadin\vaadin-lumo-styles\1.2.0\vaadin-lumo-styles-1.2.0.jar;C:\Users\m\.m2\repository\org\webjars\bowergithub\vaadin\vaadin-themable-mixin\1.1.6\vaadin-themable-mixin-1.1.6.jar;C:\Users\m\.m2\repository\com\vaadin\vaadin-checkbox-flow\1.0.0\vaadin-checkbox-flow-1.0.0.jar;C:\Users\m\.m2\repository\org\webjars\bowergithub\vaadin\vaadin-checkbox\2.1.1\vaadin-checkbox-2.1.1.jar;C:\Users\m\.m2\repository\com\vaadin\vaadin-combo-box-flow\1.0.0\vaadin-combo-box-flow-1.0.0.jar;C:\Users\m\.m2\repository\org\webjars\bowergithub\vaadin\vaadin-combo-box\4.0.1\vaadin-combo-box-4.0.1.jar;C:\Users\m\.m2\repository\org\webjars\bowergithub\polymerelements\iron-resizable-behavior\2.1.0\iron-resizable-behavior-2.1.0.jar;C:\Users\m\.m2\repository\org\webjars\bowergithub\polymerelements\iron-a11y-announcer\2.1.0\iron-a11y-announcer-2.1.0.jar;C:\Users\m\.m2\repository\org\webjars\bowergithub\polymerelements\iron-a11y-keys-behavior\2.1.1\iron-a11y-keys-behavior-2.1.1.jar;C:\Users\m\.m2\repository\org\webjars\bowergithub\vaadin\vaadin-item\2.1.0\vaadin-item-2.1.0.jar;C:\Users\m\.m2\repository\org\webjars\bowergithub\vaadin\vaadin-material-styles\1.2.0\vaadin-material-styles-1.2.0.jar;C:\Users\m\.m2\repository\org\webjars\bowergithub\vaadin\vaadin-overlay\3.0.3\vaadin-overlay-3.0.3.jar;C:\Users\m\.m2\repository\org\webjars\bowergithub\polymerelements\iron-overlay-behavior\2.3.4\iron-overlay-behavior-2.3.4.jar;C:\Users\m\.m2\repository\org\webjars\bowergithub\polymerelements\iron-fit-behavior\2.2.0\iron-fit-behavior-2.2.0.jar;C:\Users\m\.m2\repository\com\vaadin\vaadin-date-picker-flow\1.0.0\vaadin-date-picker-flow-1.0.0.jar;C:\Users\m\.m2\repository\org\webjars\bowergithub\vaadin\vaadin-date-picker\3.0.2\vaadin-date-picker-3.0.2.jar;C:\Users\m\.m2\repository\org\webjars\bowergithub\polymerelements\iron-media-query\2.1.0\iron-media-query-2.1.0.jar;C:\Users\m\.m2\repository\com\vaadin\vaadin-dialog-flow\1.0.0\vaadin-dialog-flow-1.0.0.jar;C:\Users\m\.m2\repository\org\webjars\bowergithub\vaadin\vaadin-dialog\2.0.2\vaadin-dialog-2.0.2.jar;C:\Users\m\.m2\repository\com\vaadin\vaadin-form-layout-flow\1.0.0\vaadin-form-layout-flow-1.0.0.jar;C:\Users\m\.m2\repository\org\webjars\bowergithub\vaadin\vaadin-form-layout\2.0.1\vaadin-form-layout-2.0.1.jar;C:\Users\m\.m2\repository\com\vaadin\vaadin-grid-flow\1.0.0\vaadin-grid-flow-1.0.0.jar;C:\Users\m\.m2\repository\org\webjars\bowergithub\vaadin\vaadin-grid\5.0.4\vaadin-grid-5.0.4.jar;C:\Users\m\.m2\repository\org\webjars\bowergithub\polymerelements\iron-scroll-target-behavior\2.1.1\iron-scroll-target-behavior-2.1.1.jar;C:\Users\m\.m2\repository\org\apache\commons\commons-lang3\3.7\commons-lang3-3.7.jar;C:\Users\m\.m2\repository\com\vaadin\vaadin-icons-flow\1.0.0\vaadin-icons-flow-1.0.0.jar;C:\Users\m\.m2\repository\org\webjars\bowergithub\vaadin\vaadin-icons\4.1.4\vaadin-icons-4.1.4.jar;C:\Users\m\.m2\repository\org\webjars\bowergithub\polymerelements\iron-icon\2.1.0\iron-icon-2.1.0.jar;C:\Users\m\.m2\repository\org\webjars\bowergithub\polymerelements\iron-meta\2.1.1\iron-meta-2.1.1.jar;C:\Users\m\.m2\repository\org\webjars\bowergithub\polymerelements\iron-iconset-svg\2.2.1\iron-iconset-svg-2.2.1.jar;C:\Users\m\.m2\repository\com\vaadin\vaadin-iron-list-flow\1.0.0\vaadin-iron-list-flow-1.0.0.jar;C:\Users\m\.m2\repository\org\webjars\bowergithub\polymerelements\iron-list\2.0.12\iron-list-2.0.12.jar;C:\Users\m\.m2\repository\com\vaadin\vaadin-list-box-flow\1.0.0\vaadin-list-box-flow-1.0.0.jar;C:\Users\m\.m2\repository\org\webjars\bowergithub\vaadin\vaadin-list-box\1.0.2\vaadin-list-box-1.0.2.jar;C:\Users\m\.m2\repository\org\webjars\bowergithub\vaadin\vaadin-list-mixin\2.0.0\vaadin-list-mixin-2.0.0.jar;C:\Users\m\.m2\repository\com\vaadin\vaadin-ordered-layout-flow\1.0.0\vaadin-ordered-layout-flow-1.0.0.jar;C:\Users\m\.m2\repository\org\webjars\bowergithub\vaadin\vaadin-ordered-layout\1.0.2\vaadin-ordered-layout-1.0.2.jar;C:\Users\m\.m2\repository\com\vaadin\vaadin-progress-bar-flow\1.0.0\vaadin-progress-bar-flow-1.0.0.jar;C:\Users\m\.m2\repository\org\webjars\bowergithub\vaadin\vaadin-progress-bar\1.0.0\vaadin-progress-bar-1.0.0.jar;C:\Users\m\.m2\repository\com\vaadin\vaadin-radio-button-flow\1.0.0\vaadin-radio-button-flow-1.0.0.jar;C:\Users\m\.m2\repository\org\webjars\bowergithub\vaadin\vaadin-radio-button\1.0.1\vaadin-radio-button-1.0.1.jar;C:\Users\m\.m2\repository\com\vaadin\vaadin-split-layout-flow\1.0.0\vaadin-split-layout-flow-1.0.0.jar;C:\Users\m\.m2\repository\org\webjars\bowergithub\vaadin\vaadin-split-layout\4.0.0\vaadin-split-layout-4.0.0.jar;C:\Users\m\.m2\repository\com\vaadin\vaadin-tabs-flow\1.0.0\vaadin-tabs-flow-1.0.0.jar;C:\Users\m\.m2\repository\org\webjars\bowergithub\vaadin\vaadin-tabs\2.0.0\vaadin-tabs-2.0.0.jar;C:\Users\m\.m2\repository\com\vaadin\vaadin-text-field-flow\1.0.0\vaadin-text-field-flow-1.0.0.jar;C:\Users\m\.m2\repository\org\webjars\bowergithub\vaadin\vaadin-text-field\2.0.1\vaadin-text-field-2.0.1.jar;C:\Users\m\.m2\repository\com\vaadin\vaadin-upload-flow\1.0.0\vaadin-upload-flow-1.0.0.jar;C:\Users\m\.m2\repository\org\webjars\bowergithub\vaadin\vaadin-upload\4.0.0\vaadin-upload-4.0.0.jar;C:\Users\m\.m2\repository\com\vaadin\vaadin-notification-flow\1.0.0\vaadin-notification-flow-1.0.0.jar;C:\Users\m\.m2\repository\org\webjars\bowergithub\vaadin\vaadin-notification\1.0.0\vaadin-notification-1.0.0.jar;C:\Users\m\.m2\repository\org\springframework\boot\spring-boot-starter-web\2.0.2.RELEASE\spring-boot-starter-web-2.0.2.RELEASE.jar;C:\Users\m\.m2\repository\org\springframework\boot\spring-boot-starter-json\2.0.2.RELEASE\spring-boot-starter-json-2.0.2.RELEASE.jar;C:\Users\m\.m2\repository\com\fasterxml\jackson\core\jackson-databind\2.9.5\jackson-databind-2.9.5.jar;C:\Users\m\.m2\repository\com\fasterxml\jackson\core\jackson-annotations\2.9.0\jackson-annotations-2.9.0.jar;C:\Users\m\.m2\repository\com\fasterxml\jackson\core\jackson-core\2.9.5\jackson-core-2.9.5.jar;C:\Users\m\.m2\repository\com\fasterxml\jackson\datatype\jackson-datatype-jdk8\2.9.5\jackson-datatype-jdk8-2.9.5.jar;C:\Users\m\.m2\repository\com\fasterxml\jackson\datatype\jackson-datatype-jsr310\2.9.5\jackson-datatype-jsr310-2.9.5.jar;C:\Users\m\.m2\repository\com\fasterxml\jackson\module\jackson-module-parameter-names\2.9.5\jackson-module-parameter-names-2.9.5.jar;C:\Users\m\.m2\repository\org\springframework\boot\spring-boot-starter-tomcat\2.0.2.RELEASE\spring-boot-starter-tomcat-2.0.2.RELEASE.jar;C:\Users\m\.m2\repository\org\apache\tomcat\embed\tomcat-embed-core\8.5.31\tomcat-embed-core-8.5.31.jar;C:\Users\m\.m2\repository\org\apache\tomcat\embed\tomcat-embed-el\8.5.31\tomcat-embed-el-8.5.31.jar;C:\Users\m\.m2\repository\org\apache\tomcat\embed\tomcat-embed-websocket\8.5.31\tomcat-embed-websocket-8.5.31.jar;C:\Users\m\.m2\repository\org\hibernate\validator\hibernate-validator\6.0.9.Final\hibernate-validator-6.0.9.Final.jar;C:\Users\m\.m2\repository\org\springframework\spring-web\5.0.6.RELEASE\spring-web-5.0.6.RELEASE.jar;C:\Users\m\.m2\repository\com\vaadin\vaadin-server\8.4.4\vaadin-server-8.4.4.jar;C:\Users\m\.m2\repository\com\vaadin\vaadin-sass-compiler\0.9.13\vaadin-sass-compiler-0.9.13.jar;C:\Users\m\.m2\repository\org\w3c\css\sac\1.3\sac-1.3.jar;C:\Users\m\.m2\repository\com\vaadin\external\flute\flute\1.3.0.gg2\flute-1.3.0.gg2.jar;C:\Users\m\.m2\repository\com\vaadin\vaadin-shared\8.4.4\vaadin-shared-8.4.4.jar;C:\Users\m\.m2\repository\org\jsoup\jsoup\1.11.2\jsoup-1.11.2.jar;C:\Users\m\.m2\repository\com\vaadin\external\gentyref\1.2.0.vaadin1\gentyref-1.2.0.vaadin1.jar;C:\Users\m\.m2\repository\mysql\mysql-connector-java\5.1.46\mysql-connector-java-5.1.46.jar;, user.name=m, java.vm.specification.version=1.8, sun.java.command=C:\Users\m\AppData\Local\Temp\surefire8764801571598436701\surefirebooter8969621641414706694.jar C:\Users\m\AppData\Local\Temp\surefire8764801571598436701 2018-09-12T13-12-23_597-jvmRun1 surefire8803470249504875018tmp surefire_093154580426077299tmp, java.home=C:\Program Files\Java\jdk1.8.0_171\jre, sun.arch.data.model=64, user.language=pl, java.specification.vendor=Oracle Corporation, awt.toolkit=sun.awt.windows.WToolkit, java.vm.info=mixed mode, java.version=1.8.0_171, java.ext.dirs=C:\Program Files\Java\jdk1.8.0_171\jre\lib\ext;C:\Windows\Sun\Java\lib\ext, sun.boot.class.path=C:\Program Files\Java\jdk1.8.0_171\jre\lib\resources.jar;C:\Program Files\Java\jdk1.8.0_171\jre\lib\rt.jar;C:\Program Files\Java\jdk1.8.0_171\jre\lib\sunrsasign.jar;C:\Program Files\Java\jdk1.8.0_171\jre\lib\jsse.jar;C:\Program Files\Java\jdk1.8.0_171\jre\lib\jce.jar;C:\Program Files\Java\jdk1.8.0_171\jre\lib\charsets.jar;C:\Program Files\Java\jdk1.8.0_171\jre\lib\jfr.jar;C:\Program Files\Java\jdk1.8.0_171\jre\classes, java.vendor=Oracle Corporation, localRepository=C:\Users\m\.m2\repository, file.separator=\, java.vendor.url.bug=http://bugreport.sun.com/bugreport/, sun.io.unicode.encoding=UnicodeLittle, sun.cpu.endian=little, sun.desktop=windows, sun.cpu.isalist=amd64}}, SystemEnvironmentPropertySource@726281927 {name='systemEnvironment', properties={PATH=C:\Windows\system32;C:\Windows;C:\Windows\system32\wbem;C:\Program Files (x86)\Common Files\Oracle\Java\javapath;C:\ProgramData\Oracle\Java\javapath;C:\Program Files (x86)\Intel\iCLS Client;C:\Program Files\Intel\iCLS Client;C:\Windows\System32\WindowsPowerShell\v1.0;C:\Program Files (x86)\Intel\OpenCL SDK\2.0\bin\x86;C:\Program Files (x86)\Intel\OpenCL SDK\2.0\bin\x64;C:\Program Files\Intel\WiFi\bin;C:\Program Files\Common Files\Intel\WirelessCommon;C:\Program Files\Intel\Intel(R) Management Engine Components\DAL;C:\Program Files\Intel\Intel(R) Management Engine Components\IPT;C:\Program Files (x86)\Intel\Intel(R) Management Engine Components\DAL;C:\Program Files (x86)\Intel\Intel(R) Management Engine Components\IPT;set path=C:\Windows\system32;C:\Windows;C:\Windows\system32\wbem;C:\Program Files (x86)\Common Files\Oracle\Java\javapath;C:\ProgramData\Oracle\Java\javapath;C:\Program Files (x86)\Intel\iCLS Client;C:\Program Files\Intel\iCLS Client;C:\Windows\System32\WindowsPowerShell\v1.0;C:\Program Files (x86)\Intel\OpenCL SDK\2.0\bin\x86;C:\Program Files (x86)\Intel\OpenCL SDK\2.0\bin\x64;C:\Program Files\Intel\WiFi\bin;C:\Program Files\Common Files\Intel\WirelessCommon;C:\Program Files\Intel\Intel(R) Management Engine Components\DAL;C:\Program Files\Intel\Intel(R) Management Engine Components\IPT;C:\Program Files (x86)\Intel\Intel(R) Management Engine Components\DAL;C:\Program Files (x86)\Intel\Intel(R) Management Engine Components\IPT;set path=C:\Windows\system32;C:\Windows;C:\Windows\system32\wbem;C:\Program Files (x86)\Common Files\Oracle\Java\javapath;C:\ProgramData\Oracle\Java\javapath;C:\Program Files (x86)\Intel\iCLS Client;C:\Program Files\Intel\iCLS Client;C:\Windows\System32\WindowsPowerShell\v1.0;C:\Program Files (x86)\Intel\OpenCL SDK\2.0\bin\x86;C:\Program Files (x86)\Intel\OpenCL SDK\2.0\bin\x64;C:\Program Files\Intel\WiFi\bin;C:\Program Files\Common Files\Intel\WirelessCommon;C:\Program Files\Intel\Intel(R) Management Engine Components\DAL;C:\Program Files\Intel\Intel(R) Management Engine Components\IPT;C:\Program Files (x86)\Intel\Intel(R) Management Engine Components\DAL;C:\Program Files (x86)\Intel\Intel(R) Management Engine Components\IPT;set path=C:\Windows\System32;C:\Program Files\Java\jdk1.8.0_171\bin;C:\Program Files\apache-maven-3.5.0\bin;C:\Program Files\Git\cmd;C:\Program Files\MySQL\MySQL Server 8.0\bin;;C:\Program Files\Java\jdk1.8.0_171\bin;C:\Program Files\apache-maven-3.5.0\bin;C:\Program Files\Git\cmd;C:\Program Files\MySQL\MySQL Server 8.0\bin;;C:\Program Files\Java\jdk1.8.0_171\bin;C:\Program Files\apache-maven-3.5.0\bin;C:\Program Files\Git\cmd;C:\Program Files\MySQL\MySQL Server 8.0\bin;D:\Programowanie\Python\Scripts\;D:\Programowanie\Python\;C:\Program Files\Intel\WiFi\bin\;C:\Program Files\Common Files\Intel\WirelessCommon\, LOCALAPPDATA=C:\Users\m\AppData\Local, PROCESSOR_LEVEL=6, SYSTEMDRIVE=C:, COMMONPROGRAMFILES(X86)=C:\Program Files (x86)\Common Files, FP_NO_HOST_CHECK=NO, USERDOMAIN=m-PC, LOGONSERVER=\\M-PC, JAVA_HOME=C:\Program Files\Java\jdk1.8.0_171, PROMPT=$P$G, SESSIONNAME=Console, ALLUSERSPROFILE=C:\ProgramData, PROGRAMFILES(X86)=C:\Program Files (x86), PROCESSOR_ARCHITECTURE=AMD64, ERROR_CODE=0, NB_EXEC_MAVEN_PROCESS_UUID=e2e9dfb4-6d53-44fc-933c-44d354ac1707, PROGRAMFILES=C:\Program Files, APPDATA=C:\Users\m\AppData\Roaming, PSMODULEPATH=C:\Windows\system32\WindowsPowerShell\v1.0\Modules\, PROGRAMW6432=C:\Program Files, PROGRAMDATA=C:\ProgramData, SYSTEMROOT=C:\Windows, USERNAME=m, MAVEN_CMD_LINE_ARGS=-Dmaven.ext.class.path="C:\Program Files\NetBeans 8.2\java\maven-nblib\netbeans-eventspy.jar" -Dfile.encoding=UTF-8 --debug -X clean install, VBOX_MSI_INSTALL_PATH=C:\Program Files\Oracle\VirtualBox\, PATHEXT=.COM;.EXE;.BAT;.CMD;.VBS;.VBE;.JS;.JSE;.WSF;.WSH;.MSC, OS=Windows_NT, COMMONPROGRAMW6432=C:\Program Files\Common Files, COMPUTERNAME=M-PC, CLASSWORLDS_JAR="C:\Program Files\NetBeans 8.2\java\maven\boot\plexus-classworlds-2.4.jar", COMMONPROGRAMFILES=C:\Program Files\Common Files, COMSPEC=C:\Windows\system32\cmd.exe, PROCESSOR_REVISION=3a09, CLASSWORLDS_LAUNCHER=org.codehaus.plexus.classworlds.launcher.Launcher, WINDIR=C:\Windows, =D:=D:\Programowanie\Java\przychodnia, HOMEPATH=\Users\m, TEMP=C:\Users\m\AppData\Local\Temp, HOMEDRIVE=C:, PROCESSOR_IDENTIFIER=Intel64 Family 6 Model 58 Stepping 9, GenuineIntel, USERPROFILE=C:\Users\m, TMP=C:\Users\m\AppData\Local\Temp, M2_HOME=C:\Program Files\NetBeans 8.2\java\maven, MAVEN_JAVA_EXE="C:\Program Files\Java\jdk1.8.0_171\bin\java.exe", PUBLIC=C:\Users\Public, NUMBER_OF_PROCESSORS=4, HOME=C:\Users\m}}]
13:12:24.957 [main] DEBUG org.springframework.core.io.support.PathMatchingResourcePatternResolver - Resolved classpath location [m/egzamin/przychodnia/] to resources [URL [file:/D:/Programowanie/Java/przychodnia/target/test-classes/m/egzamin/przychodnia/], URL [file:/D:/Programowanie/Java/przychodnia/target/classes/m/egzamin/przychodnia/]]
13:12:24.973 [main] DEBUG org.springframework.core.io.support.PathMatchingResourcePatternResolver - Looking for matching resources in directory tree [D:\Programowanie\Java\przychodnia\target\test-classes\m\egzamin\przychodnia]
13:12:24.973 [main] DEBUG org.springframework.core.io.support.PathMatchingResourcePatternResolver - Searching directory [D:\Programowanie\Java\przychodnia\target\test-classes\m\egzamin\przychodnia] for files matching pattern [D:/Programowanie/Java/przychodnia/target/test-classes/m/egzamin/przychodnia/*.class]
13:12:24.973 [main] DEBUG org.springframework.core.io.support.PathMatchingResourcePatternResolver - Looking for matching resources in directory tree [D:\Programowanie\Java\przychodnia\target\classes\m\egzamin\przychodnia]
13:12:24.973 [main] DEBUG org.springframework.core.io.support.PathMatchingResourcePatternResolver - Searching directory [D:\Programowanie\Java\przychodnia\target\classes\m\egzamin\przychodnia] for files matching pattern [D:/Programowanie/Java/przychodnia/target/classes/m/egzamin/przychodnia/*.class]
13:12:24.973 [main] DEBUG org.springframework.core.io.support.PathMatchingResourcePatternResolver - Resolved location pattern [classpath*:m/egzamin/przychodnia/*.class] to resources [file [D:\Programowanie\Java\przychodnia\target\test-classes\m\egzamin\przychodnia\PrzychodniaApplicationTests.class], file [D:\Programowanie\Java\przychodnia\target\classes\m\egzamin\przychodnia\Controller.class], file [D:\Programowanie\Java\przychodnia\target\classes\m\egzamin\przychodnia\PrzychodniaApplication.class]]
13:12:25.082 [main] DEBUG org.springframework.context.annotation.ClassPathScanningCandidateComponentProvider - Identified candidate component class: file [D:\Programowanie\Java\przychodnia\target\classes\m\egzamin\przychodnia\PrzychodniaApplication.class]
13:12:25.082 [main] INFO org.springframework.boot.test.context.SpringBootTestContextBootstrapper - Found @SpringBootConfiguration m.egzamin.przychodnia.PrzychodniaApplication for test class m.egzamin.przychodnia.PrzychodniaApplicationTests
13:12:25.222 [main] DEBUG org.springframework.boot.test.context.SpringBootTestContextBootstrapper - @TestExecutionListeners is not present for class [m.egzamin.przychodnia.PrzychodniaApplicationTests]: using defaults.
13:12:25.222 [main] INFO org.springframework.boot.test.context.SpringBootTestContextBootstrapper - Loaded default TestExecutionListener class names from location [META-INF/spring.factories]: [org.springframework.boot.test.mock.mockito.MockitoTestExecutionListener, org.springframework.boot.test.mock.mockito.ResetMocksTestExecutionListener, org.springframework.boot.test.autoconfigure.restdocs.RestDocsTestExecutionListener, org.springframework.boot.test.autoconfigure.web.client.MockRestServiceServerResetTestExecutionListener, org.springframework.boot.test.autoconfigure.web.servlet.MockMvcPrintOnlyOnFailureTestExecutionListener, org.springframework.boot.test.autoconfigure.web.servlet.WebDriverTestExecutionListener, org.springframework.test.context.web.ServletTestExecutionListener, org.springframework.test.context.support.DirtiesContextBeforeModesTestExecutionListener, org.springframework.test.context.support.DependencyInjectionTestExecutionListener, org.springframework.test.context.support.DirtiesContextTestExecutionListener, org.springframework.test.context.transaction.TransactionalTestExecutionListener, org.springframework.test.context.jdbc.SqlScriptsTestExecutionListener]
13:12:25.238 [main] INFO org.springframework.boot.test.context.SpringBootTestContextBootstrapper - Using TestExecutionListeners: [org.springframework.test.context.web.ServletTestExecutionListener@d21a74c, org.springframework.test.context.support.DirtiesContextBeforeModesTestExecutionListener@6e509ffa, org.springframework.boot.test.mock.mockito.MockitoTestExecutionListener@2898ac89, org.springframework.boot.test.autoconfigure.SpringBootDependencyInjectionTestExecutionListener@683dbc2c, org.springframework.test.context.support.DirtiesContextTestExecutionListener@68267da0, org.springframework.test.context.transaction.TransactionalTestExecutionListener@2638011, org.springframework.test.context.jdbc.SqlScriptsTestExecutionListener@6ff29830, org.springframework.boot.test.mock.mockito.ResetMocksTestExecutionListener@6a2b953e, org.springframework.boot.test.autoconfigure.restdocs.RestDocsTestExecutionListener@313b2ea6, org.springframework.boot.test.autoconfigure.web.client.MockRestServiceServerResetTestExecutionListener@2f465398, org.springframework.boot.test.autoconfigure.web.servlet.MockMvcPrintOnlyOnFailureTestExecutionListener@548e6d58, org.springframework.boot.test.autoconfigure.web.servlet.WebDriverTestExecutionListener@623a8092]
13:12:25.238 [main] DEBUG org.springframework.test.annotation.ProfileValueUtils - Retrieved @ProfileValueSourceConfiguration [null] for test class [m.egzamin.przychodnia.PrzychodniaApplicationTests]
13:12:25.238 [main] DEBUG org.springframework.test.annotation.ProfileValueUtils - Retrieved ProfileValueSource type [class org.springframework.test.annotation.SystemProfileValueSource] for class [m.egzamin.przychodnia.PrzychodniaApplicationTests]
13:12:25.238 [main] DEBUG org.springframework.test.annotation.ProfileValueUtils - Retrieved @ProfileValueSourceConfiguration [null] for test class [m.egzamin.przychodnia.PrzychodniaApplicationTests]
13:12:25.238 [main] DEBUG org.springframework.test.annotation.ProfileValueUtils - Retrieved ProfileValueSource type [class org.springframework.test.annotation.SystemProfileValueSource] for class [m.egzamin.przychodnia.PrzychodniaApplicationTests]
13:12:25.238 [main] DEBUG org.springframework.test.annotation.ProfileValueUtils - Retrieved @ProfileValueSourceConfiguration [null] for test class [m.egzamin.przychodnia.PrzychodniaApplicationTests]
13:12:25.238 [main] DEBUG org.springframework.test.annotation.ProfileValueUtils - Retrieved ProfileValueSource type [class org.springframework.test.annotation.SystemProfileValueSource] for class [m.egzamin.przychodnia.PrzychodniaApplicationTests]
13:12:25.253 [main] DEBUG org.springframework.test.context.support.AbstractDirtiesContextTestExecutionListener - Before test class: context [DefaultTestContext@f2ff811 testClass = PrzychodniaApplicationTests, testInstance = [null], testMethod = [null], testException = [null], mergedContextConfiguration = [WebMergedContextConfiguration@568ff82 testClass = PrzychodniaApplicationTests, locations = '{}', classes = '{class m.egzamin.przychodnia.PrzychodniaApplication}', contextInitializerClasses = '[]', activeProfiles = '{}', propertySourceLocations = '{}', propertySourceProperties = '{org.springframework.boot.test.context.SpringBootTestContextBootstrapper=true}', contextCustomizers = set[org.springframework.boot.test.context.filter.ExcludeFilterContextCustomizer@517cd4b, org.springframework.boot.test.json.DuplicateJsonObjectContextCustomizerFactory$DuplicateJsonObjectContextCustomizer@679b62af, org.springframework.boot.test.mock.mockito.MockitoContextCustomizer@0, org.springframework.boot.test.web.client.TestRestTemplateContextCustomizer@120d6fe6, org.springframework.boot.test.autoconfigure.properties.PropertyMappingContextCustomizer@0, org.springframework.boot.test.autoconfigure.web.servlet.WebDriverContextCustomizerFactory$Customizer@64d7f7e0], resourceBasePath = 'src/main/webapp', contextLoader = 'org.springframework.boot.test.context.SpringBootContextLoader', parent = [null]], attributes = map['org.springframework.test.context.web.ServletTestExecutionListener.activateListener' -> true]], class annotated with @DirtiesContext [false] with mode [null].
13:12:25.253 [main] DEBUG org.springframework.test.annotation.ProfileValueUtils - Retrieved @ProfileValueSourceConfiguration [null] for test class [m.egzamin.przychodnia.PrzychodniaApplicationTests]
13:12:25.253 [main] DEBUG org.springframework.test.annotation.ProfileValueUtils - Retrieved ProfileValueSource type [class org.springframework.test.annotation.SystemProfileValueSource] for class [m.egzamin.przychodnia.PrzychodniaApplicationTests]
13:12:25.300 [main] DEBUG org.springframework.core.env.StandardEnvironment - Adding PropertySource 'systemProperties' with lowest search precedence
13:12:25.300 [main] DEBUG org.springframework.core.env.StandardEnvironment - Adding PropertySource 'systemEnvironment' with lowest search precedence
13:12:25.300 [main] DEBUG org.springframework.core.env.StandardEnvironment - Initialized StandardEnvironment with PropertySources [MapPropertySource@1804379080 {name='systemProperties', properties={java.runtime.name=Java(TM) SE Runtime Environment, sun.boot.library.path=C:\Program Files\Java\jdk1.8.0_171\jre\bin, java.vm.version=25.171-b11, java.vm.vendor=Oracle Corporation, java.vendor.url=http://java.oracle.com/, path.separator=;, java.vm.name=Java HotSpot(TM) 64-Bit Server VM, file.encoding.pkg=sun.io, user.country=PL, user.script=, sun.java.launcher=SUN_STANDARD, sun.os.patch.level=Service Pack 1, java.vm.specification.name=Java Virtual Machine Specification, user.dir=D:\Programowanie\Java\przychodnia, java.runtime.version=1.8.0_171-b11, basedir=D:\Programowanie\Java\przychodnia, java.awt.graphicsenv=sun.awt.Win32GraphicsEnvironment, java.endorsed.dirs=C:\Program Files\Java\jdk1.8.0_171\jre\lib\endorsed, os.arch=amd64, surefire.real.class.path=C:\Users\m\AppData\Local\Temp\surefire8764801571598436701\surefirebooter8969621641414706694.jar, java.io.tmpdir=C:\Users\m\AppData\Local\Temp\, line.separator=
, java.vm.specification.vendor=Oracle Corporation, user.variant=, os.name=Windows 7, maven.ext.class.path=C:\Program Files\NetBeans 8.2\java\maven-nblib\netbeans-eventspy.jar, sun.jnu.encoding=Cp1250, java.library.path=C:\Program Files\Java\jdk1.8.0_171\jre\bin;C:\Windows\Sun\Java\bin;C:\Windows\system32;C:\Windows;C:\Windows\system32;C:\Windows;C:\Windows\system32\wbem;C:\Program Files (x86)\Common Files\Oracle\Java\javapath;C:\ProgramData\Oracle\Java\javapath;C:\Program Files (x86)\Intel\iCLS Client;C:\Program Files\Intel\iCLS Client;C:\Windows\System32\WindowsPowerShell\v1.0;C:\Program Files (x86)\Intel\OpenCL SDK\2.0\bin\x86;C:\Program Files (x86)\Intel\OpenCL SDK\2.0\bin\x64;C:\Program Files\Intel\WiFi\bin;C:\Program Files\Common Files\Intel\WirelessCommon;C:\Program Files\Intel\Intel(R) Management Engine Components\DAL;C:\Program Files\Intel\Intel(R) Management Engine Components\IPT;C:\Program Files (x86)\Intel\Intel(R) Management Engine Components\DAL;C:\Program Files (x86)\Intel\Intel(R) Management Engine Components\IPT;set path=C:\Windows\system32;C:\Windows;C:\Windows\system32\wbem;C:\Program Files (x86)\Common Files\Oracle\Java\javapath;C:\ProgramData\Oracle\Java\javapath;C:\Program Files (x86)\Intel\iCLS Client;C:\Program Files\Intel\iCLS Client;C:\Windows\System32\WindowsPowerShell\v1.0;C:\Program Files (x86)\Intel\OpenCL SDK\2.0\bin\x86;C:\Program Files (x86)\Intel\OpenCL SDK\2.0\bin\x64;C:\Program Files\Intel\WiFi\bin;C:\Program Files\Common Files\Intel\WirelessCommon;C:\Program Files\Intel\Intel(R) Management Engine Components\DAL;C:\Program Files\Intel\Intel(R) Management Engine Components\IPT;C:\Program Files (x86)\Intel\Intel(R) Management Engine Components\DAL;C:\Program Files (x86)\Intel\Intel(R) Management Engine Components\IPT;set path=C:\Windows\system32;C:\Windows;C:\Windows\system32\wbem;C:\Program Files (x86)\Common Files\Oracle\Java\javapath;C:\ProgramData\Oracle\Java\javapath;C:\Program Files (x86)\Intel\iCLS Client;C:\Program Files\Intel\iCLS Client;C:\Windows\System32\WindowsPowerShell\v1.0;C:\Program Files (x86)\Intel\OpenCL SDK\2.0\bin\x86;C:\Program Files (x86)\Intel\OpenCL SDK\2.0\bin\x64;C:\Program Files\Intel\WiFi\bin;C:\Program Files\Common Files\Intel\WirelessCommon;C:\Program Files\Intel\Intel(R) Management Engine Components\DAL;C:\Program Files\Intel\Intel(R) Management Engine Components\IPT;C:\Program Files (x86)\Intel\Intel(R) Management Engine Components\DAL;C:\Program Files (x86)\Intel\Intel(R) Management Engine Components\IPT;set path=C:\Windows\System32;C:\Program Files\Java\jdk1.8.0_171\bin;C:\Program Files\apache-maven-3.5.0\bin;C:\Program Files\Git\cmd;C:\Program Files\MySQL\MySQL Server 8.0\bin;;C:\Program Files\Java\jdk1.8.0_171\bin;C:\Program Files\apache-maven-3.5.0\bin;C:\Program Files\Git\cmd;C:\Program Files\MySQL\MySQL Server 8.0\bin;;C:\Program Files\Java\jdk1.8.0_171\bin;C:\Program Files\apache-maven-3.5.0\bin;C:\Program Files\Git\cmd;C:\Program Files\MySQL\MySQL Server 8.0\bin;D:\Programowanie\Python\Scripts\;D:\Programowanie\Python\;C:\Program Files\Intel\WiFi\bin\;C:\Program Files\Common Files\Intel\WirelessCommon\;., surefire.test.class.path=D:\Programowanie\Java\przychodnia\target\test-classes;D:\Programowanie\Java\przychodnia\target\classes;C:\Users\m\.m2\repository\org\springframework\boot\spring-boot-starter-data-jpa\2.0.2.RELEASE\spring-boot-starter-data-jpa-2.0.2.RELEASE.jar;C:\Users\m\.m2\repository\org\springframework\boot\spring-boot-starter\2.0.2.RELEASE\spring-boot-starter-2.0.2.RELEASE.jar;C:\Users\m\.m2\repository\org\springframework\boot\spring-boot\2.0.2.RELEASE\spring-boot-2.0.2.RELEASE.jar;C:\Users\m\.m2\repository\org\springframework\boot\spring-boot-autoconfigure\2.0.2.RELEASE\spring-boot-autoconfigure-2.0.2.RELEASE.jar;C:\Users\m\.m2\repository\org\springframework\boot\spring-boot-starter-logging\2.0.2.RELEASE\spring-boot-starter-logging-2.0.2.RELEASE.jar;C:\Users\m\.m2\repository\ch\qos\logback\logback-classic\1.2.3\logback-classic-1.2.3.jar;C:\Users\m\.m2\repository\ch\qos\logback\logback-core\1.2.3\logback-core-1.2.3.jar;C:\Users\m\.m2\repository\org\apache\logging\log4j\log4j-to-slf4j\2.10.0\log4j-to-slf4j-2.10.0.jar;C:\Users\m\.m2\repository\org\apache\logging\log4j\log4j-api\2.10.0\log4j-api-2.10.0.jar;C:\Users\m\.m2\repository\org\slf4j\jul-to-slf4j\1.7.25\jul-to-slf4j-1.7.25.jar;C:\Users\m\.m2\repository\javax\annotation\javax.annotation-api\1.3.2\javax.annotation-api-1.3.2.jar;C:\Users\m\.m2\repository\org\yaml\snakeyaml\1.19\snakeyaml-1.19.jar;C:\Users\m\.m2\repository\org\springframework\boot\spring-boot-starter-aop\2.0.2.RELEASE\spring-boot-starter-aop-2.0.2.RELEASE.jar;C:\Users\m\.m2\repository\org\springframework\spring-aop\5.0.6.RELEASE\spring-aop-5.0.6.RELEASE.jar;C:\Users\m\.m2\repository\org\aspectj\aspectjweaver\1.8.13\aspectjweaver-1.8.13.jar;C:\Users\m\.m2\repository\org\springframework\boot\spring-boot-starter-jdbc\2.0.2.RELEASE\spring-boot-starter-jdbc-2.0.2.RELEASE.jar;C:\Users\m\.m2\repository\com\zaxxer\HikariCP\2.7.9\HikariCP-2.7.9.jar;C:\Users\m\.m2\repository\org\springframework\spring-jdbc\5.0.6.RELEASE\spring-jdbc-5.0.6.RELEASE.jar;C:\Users\m\.m2\repository\org\hibernate\hibernate-core\5.2.17.Final\hibernate-core-5.2.17.Final.jar;C:\Users\m\.m2\repository\org\jboss\logging\jboss-logging\3.3.2.Final\jboss-logging-3.3.2.Final.jar;C:\Users\m\.m2\repository\org\hibernate\javax\persistence\hibernate-jpa-2.1-api\1.0.0.Final\hibernate-jpa-2.1-api-1.0.0.Final.jar;C:\Users\m\.m2\repository\org\javassist\javassist\3.22.0-GA\javassist-3.22.0-GA.jar;C:\Users\m\.m2\repository\antlr\antlr\2.7.7\antlr-2.7.7.jar;C:\Users\m\.m2\repository\org\jboss\jandex\2.0.3.Final\jandex-2.0.3.Final.jar;C:\Users\m\.m2\repository\com\fasterxml\classmate\1.3.4\classmate-1.3.4.jar;C:\Users\m\.m2\repository\dom4j\dom4j\1.6.1\dom4j-1.6.1.jar;C:\Users\m\.m2\repository\org\hibernate\common\hibernate-commons-annotations\5.0.1.Final\hibernate-commons-annotations-5.0.1.Final.jar;C:\Users\m\.m2\repository\javax\transaction\javax.transaction-api\1.2\javax.transaction-api-1.2.jar;C:\Users\m\.m2\repository\org\springframework\data\spring-data-jpa\2.0.7.RELEASE\spring-data-jpa-2.0.7.RELEASE.jar;C:\Users\m\.m2\repository\org\springframework\data\spring-data-commons\2.0.7.RELEASE\spring-data-commons-2.0.7.RELEASE.jar;C:\Users\m\.m2\repository\org\springframework\spring-orm\5.0.6.RELEASE\spring-orm-5.0.6.RELEASE.jar;C:\Users\m\.m2\repository\org\springframework\spring-context\5.0.6.RELEASE\spring-context-5.0.6.RELEASE.jar;C:\Users\m\.m2\repository\org\springframework\spring-expression\5.0.6.RELEASE\spring-expression-5.0.6.RELEASE.jar;C:\Users\m\.m2\repository\org\springframework\spring-tx\5.0.6.RELEASE\spring-tx-5.0.6.RELEASE.jar;C:\Users\m\.m2\repository\org\springframework\spring-beans\5.0.6.RELEASE\spring-beans-5.0.6.RELEASE.jar;C:\Users\m\.m2\repository\org\slf4j\slf4j-api\1.7.25\slf4j-api-1.7.25.jar;C:\Users\m\.m2\repository\org\springframework\spring-aspects\5.0.6.RELEASE\spring-aspects-5.0.6.RELEASE.jar;C:\Users\m\.m2\repository\org\springframework\boot\spring-boot-starter-test\2.0.2.RELEASE\spring-boot-starter-test-2.0.2.RELEASE.jar;C:\Users\m\.m2\repository\org\springframework\boot\spring-boot-test\2.0.2.RELEASE\spring-boot-test-2.0.2.RELEASE.jar;C:\Users\m\.m2\repository\org\springframework\boot\spring-boot-test-autoconfigure\2.0.2.RELEASE\spring-boot-test-autoconfigure-2.0.2.RELEASE.jar;C:\Users\m\.m2\repository\com\jayway\jsonpath\json-path\2.4.0\json-path-2.4.0.jar;C:\Users\m\.m2\repository\net\minidev\json-smart\2.3\json-smart-2.3.jar;C:\Users\m\.m2\repository\net\minidev\accessors-smart\1.2\accessors-smart-1.2.jar;C:\Users\m\.m2\repository\org\ow2\asm\asm\5.0.4\asm-5.0.4.jar;C:\Users\m\.m2\repository\junit\junit\4.12\junit-4.12.jar;C:\Users\m\.m2\repository\org\assertj\assertj-core\3.9.1\assertj-core-3.9.1.jar;C:\Users\m\.m2\repository\org\mockito\mockito-core\2.15.0\mockito-core-2.15.0.jar;C:\Users\m\.m2\repository\net\bytebuddy\byte-buddy\1.7.11\byte-buddy-1.7.11.jar;C:\Users\m\.m2\repository\net\bytebuddy\byte-buddy-agent\1.7.11\byte-buddy-agent-1.7.11.jar;C:\Users\m\.m2\repository\org\objenesis\objenesis\2.6\objenesis-2.6.jar;C:\Users\m\.m2\repository\org\hamcrest\hamcrest-core\1.3\hamcrest-core-1.3.jar;C:\Users\m\.m2\repository\org\hamcrest\hamcrest-library\1.3\hamcrest-library-1.3.jar;C:\Users\m\.m2\repository\org\skyscreamer\jsonassert\1.5.0\jsonassert-1.5.0.jar;C:\Users\m\.m2\repository\com\vaadin\external\google\android-json\0.0.20131108.vaadin1\android-json-0.0.20131108.vaadin1.jar;C:\Users\m\.m2\repository\org\springframework\spring-core\5.0.6.RELEASE\spring-core-5.0.6.RELEASE.jar;C:\Users\m\.m2\repository\org\springframework\spring-jcl\5.0.6.RELEASE\spring-jcl-5.0.6.RELEASE.jar;C:\Users\m\.m2\repository\org\springframework\spring-test\5.0.6.RELEASE\spring-test-5.0.6.RELEASE.jar;C:\Users\m\.m2\repository\org\xmlunit\xmlunit-core\2.5.1\xmlunit-core-2.5.1.jar;C:\Users\m\.m2\repository\com\vaadin\vaadin-spring-boot-starter\10.0.1\vaadin-spring-boot-starter-10.0.1.jar;C:\Users\m\.m2\repository\com\vaadin\vaadin-spring\10.0.0\vaadin-spring-10.0.0.jar;C:\Users\m\.m2\repository\com\vaadin\flow-server\1.0.0\flow-server-1.0.0.jar;C:\Users\m\.m2\repository\com\google\gwt\gwt-elemental\2.8.2\gwt-elemental-2.8.2.jar;C:\Users\m\.m2\repository\commons-fileupload\commons-fileupload\1.3.3\commons-fileupload-1.3.3.jar;C:\Users\m\.m2\repository\commons-io\commons-io\2.5\commons-io-2.5.jar;C:\Users\m\.m2\repository\com\helger\ph-css\6.1.1\ph-css-6.1.1.jar;C:\Users\m\.m2\repository\com\helger\ph-commons\9.0.2\ph-commons-9.0.2.jar;C:\Users\m\.m2\repository\com\google\code\findbugs\jsr305\3.0.2\jsr305-3.0.2.jar;C:\Users\m\.m2\repository\com\googlecode\gentyref\gentyref\1.2.0\gentyref-1.2.0.jar;C:\Users\m\.m2\repository\com\vaadin\flow-push\1.0.0\flow-push-1.0.0.jar;C:\Users\m\.m2\repository\com\vaadin\external\atmosphere\atmosphere-runtime\2.4.24.vaadin1\atmosphere-runtime-2.4.24.vaadin1.jar;C:\Users\m\.m2\repository\com\vaadin\external\slf4j\vaadin-slf4j-jdk14\1.6.1\vaadin-slf4j-jdk14-1.6.1.jar;C:\Users\m\.m2\repository\com\vaadin\flow-client\1.0.0\flow-client-1.0.0.jar;C:\Users\m\.m2\repository\org\springframework\spring-webmvc\5.0.6.RELEASE\spring-webmvc-5.0.6.RELEASE.jar;C:\Users\m\.m2\repository\org\springframework\spring-websocket\5.0.6.RELEASE\spring-websocket-5.0.6.RELEASE.jar;C:\Users\m\.m2\repository\com\vaadin\vaadin-core\10.0.1\vaadin-core-10.0.1.jar;C:\Users\m\.m2\repository\com\vaadin\flow-html-components\1.0.0\flow-html-components-1.0.0.jar;C:\Users\m\.m2\repository\com\vaadin\flow-data\1.0.0\flow-data-1.0.0.jar;C:\Users\m\.m2\repository\javax\validation\validation-api\2.0.1.Final\validation-api-2.0.1.Final.jar;C:\Users\m\.m2\repository\com\vaadin\vaadin-lumo-theme\1.0.0\vaadin-lumo-theme-1.0.0.jar;C:\Users\m\.m2\repository\org\webjars\bowergithub\polymerelements\iron-flex-layout\2.0.3\iron-flex-layout-2.0.3.jar;C:\Users\m\.m2\repository\org\webjars\bowergithub\polymer\polymer\2.6.0\polymer-2.6.0.jar;C:\Users\m\.m2\repository\org\webjars\bowergithub\webcomponents\shadycss\1.2.1\shadycss-1.2.1.jar;C:\Users\m\.m2\repository\org\webjars\bowergithub\webcomponents\webcomponentsjs\1.2.0\webcomponentsjs-1.2.0.jar;C:\Users\m\.m2\repository\com\vaadin\vaadin-button-flow\1.0.0\vaadin-button-flow-1.0.0.jar;C:\Users\m\.m2\repository\org\webjars\bowergithub\vaadin\vaadin-button\2.0.1\vaadin-button-2.0.1.jar;C:\Users\m\.m2\repository\org\webjars\bowergithub\vaadin\vaadin-control-state-mixin\2.0.3\vaadin-control-state-mixin-2.0.3.jar;C:\Users\m\.m2\repository\org\webjars\bowergithub\vaadin\vaadin-element-mixin\1.0.2\vaadin-element-mixin-1.0.2.jar;C:\Users\m\.m2\repository\org\webjars\bowergithub\vaadin\vaadin-usage-statistics\1.0.8\vaadin-usage-statistics-1.0.8.jar;C:\Users\m\.m2\repository\org\webjars\bowergithub\vaadin\vaadin-development-mode-detector\1.0.3\vaadin-development-mode-detector-1.0.3.jar;C:\Users\m\.m2\repository\org\webjars\bowergithub\vaadin\vaadin-lumo-styles\1.2.0\vaadin-lumo-styles-1.2.0.jar;C:\Users\m\.m2\repository\org\webjars\bowergithub\vaadin\vaadin-themable-mixin\1.1.6\vaadin-themable-mixin-1.1.6.jar;C:\Users\m\.m2\repository\com\vaadin\vaadin-checkbox-flow\1.0.0\vaadin-checkbox-flow-1.0.0.jar;C:\Users\m\.m2\repository\org\webjars\bowergithub\vaadin\vaadin-checkbox\2.1.1\vaadin-checkbox-2.1.1.jar;C:\Users\m\.m2\repository\com\vaadin\vaadin-combo-box-flow\1.0.0\vaadin-combo-box-flow-1.0.0.jar;C:\Users\m\.m2\repository\org\webjars\bowergithub\vaadin\vaadin-combo-box\4.0.1\vaadin-combo-box-4.0.1.jar;C:\Users\m\.m2\repository\org\webjars\bowergithub\polymerelements\iron-resizable-behavior\2.1.0\iron-resizable-behavior-2.1.0.jar;C:\Users\m\.m2\repository\org\webjars\bowergithub\polymerelements\iron-a11y-announcer\2.1.0\iron-a11y-announcer-2.1.0.jar;C:\Users\m\.m2\repository\org\webjars\bowergithub\polymerelements\iron-a11y-keys-behavior\2.1.1\iron-a11y-keys-behavior-2.1.1.jar;C:\Users\m\.m2\repository\org\webjars\bowergithub\vaadin\vaadin-item\2.1.0\vaadin-item-2.1.0.jar;C:\Users\m\.m2\repository\org\webjars\bowergithub\vaadin\vaadin-material-styles\1.2.0\vaadin-material-styles-1.2.0.jar;C:\Users\m\.m2\repository\org\webjars\bowergithub\vaadin\vaadin-overlay\3.0.3\vaadin-overlay-3.0.3.jar;C:\Users\m\.m2\repository\org\webjars\bowergithub\polymerelements\iron-overlay-behavior\2.3.4\iron-overlay-behavior-2.3.4.jar;C:\Users\m\.m2\repository\org\webjars\bowergithub\polymerelements\iron-fit-behavior\2.2.0\iron-fit-behavior-2.2.0.jar;C:\Users\m\.m2\repository\com\vaadin\vaadin-date-picker-flow\1.0.0\vaadin-date-picker-flow-1.0.0.jar;C:\Users\m\.m2\repository\org\webjars\bowergithub\vaadin\vaadin-date-picker\3.0.2\vaadin-date-picker-3.0.2.jar;C:\Users\m\.m2\repository\org\webjars\bowergithub\polymerelements\iron-media-query\2.1.0\iron-media-query-2.1.0.jar;C:\Users\m\.m2\repository\com\vaadin\vaadin-dialog-flow\1.0.0\vaadin-dialog-flow-1.0.0.jar;C:\Users\m\.m2\repository\org\webjars\bowergithub\vaadin\vaadin-dialog\2.0.2\vaadin-dialog-2.0.2.jar;C:\Users\m\.m2\repository\com\vaadin\vaadin-form-layout-flow\1.0.0\vaadin-form-layout-flow-1.0.0.jar;C:\Users\m\.m2\repository\org\webjars\bowergithub\vaadin\vaadin-form-layout\2.0.1\vaadin-form-layout-2.0.1.jar;C:\Users\m\.m2\repository\com\vaadin\vaadin-grid-flow\1.0.0\vaadin-grid-flow-1.0.0.jar;C:\Users\m\.m2\repository\org\webjars\bowergithub\vaadin\vaadin-grid\5.0.4\vaadin-grid-5.0.4.jar;C:\Users\m\.m2\repository\org\webjars\bowergithub\polymerelements\iron-scroll-target-behavior\2.1.1\iron-scroll-target-behavior-2.1.1.jar;C:\Users\m\.m2\repository\org\apache\commons\commons-lang3\3.7\commons-lang3-3.7.jar;C:\Users\m\.m2\repository\com\vaadin\vaadin-icons-flow\1.0.0\vaadin-icons-flow-1.0.0.jar;C:\Users\m\.m2\repository\org\webjars\bowergithub\vaadin\vaadin-icons\4.1.4\vaadin-icons-4.1.4.jar;C:\Users\m\.m2\repository\org\webjars\bowergithub\polymerelements\iron-icon\2.1.0\iron-icon-2.1.0.jar;C:\Users\m\.m2\repository\org\webjars\bowergithub\polymerelements\iron-meta\2.1.1\iron-meta-2.1.1.jar;C:\Users\m\.m2\repository\org\webjars\bowergithub\polymerelements\iron-iconset-svg\2.2.1\iron-iconset-svg-2.2.1.jar;C:\Users\m\.m2\repository\com\vaadin\vaadin-iron-list-flow\1.0.0\vaadin-iron-list-flow-1.0.0.jar;C:\Users\m\.m2\repository\org\webjars\bowergithub\polymerelements\iron-list\2.0.12\iron-list-2.0.12.jar;C:\Users\m\.m2\repository\com\vaadin\vaadin-list-box-flow\1.0.0\vaadin-list-box-flow-1.0.0.jar;C:\Users\m\.m2\repository\org\webjars\bowergithub\vaadin\vaadin-list-box\1.0.2\vaadin-list-box-1.0.2.jar;C:\Users\m\.m2\repository\org\webjars\bowergithub\vaadin\vaadin-list-mixin\2.0.0\vaadin-list-mixin-2.0.0.jar;C:\Users\m\.m2\repository\com\vaadin\vaadin-ordered-layout-flow\1.0.0\vaadin-ordered-layout-flow-1.0.0.jar;C:\Users\m\.m2\repository\org\webjars\bowergithub\vaadin\vaadin-ordered-layout\1.0.2\vaadin-ordered-layout-1.0.2.jar;C:\Users\m\.m2\repository\com\vaadin\vaadin-progress-bar-flow\1.0.0\vaadin-progress-bar-flow-1.0.0.jar;C:\Users\m\.m2\repository\org\webjars\bowergithub\vaadin\vaadin-progress-bar\1.0.0\vaadin-progress-bar-1.0.0.jar;C:\Users\m\.m2\repository\com\vaadin\vaadin-radio-button-flow\1.0.0\vaadin-radio-button-flow-1.0.0.jar;C:\Users\m\.m2\repository\org\webjars\bowergithub\vaadin\vaadin-radio-button\1.0.1\vaadin-radio-button-1.0.1.jar;C:\Users\m\.m2\repository\com\vaadin\vaadin-split-layout-flow\1.0.0\vaadin-split-layout-flow-1.0.0.jar;C:\Users\m\.m2\repository\org\webjars\bowergithub\vaadin\vaadin-split-layout\4.0.0\vaadin-split-layout-4.0.0.jar;C:\Users\m\.m2\repository\com\vaadin\vaadin-tabs-flow\1.0.0\vaadin-tabs-flow-1.0.0.jar;C:\Users\m\.m2\repository\org\webjars\bowergithub\vaadin\vaadin-tabs\2.0.0\vaadin-tabs-2.0.0.jar;C:\Users\m\.m2\repository\com\vaadin\vaadin-text-field-flow\1.0.0\vaadin-text-field-flow-1.0.0.jar;C:\Users\m\.m2\repository\org\webjars\bowergithub\vaadin\vaadin-text-field\2.0.1\vaadin-text-field-2.0.1.jar;C:\Users\m\.m2\repository\com\vaadin\vaadin-upload-flow\1.0.0\vaadin-upload-flow-1.0.0.jar;C:\Users\m\.m2\repository\org\webjars\bowergithub\vaadin\vaadin-upload\4.0.0\vaadin-upload-4.0.0.jar;C:\Users\m\.m2\repository\com\vaadin\vaadin-notification-flow\1.0.0\vaadin-notification-flow-1.0.0.jar;C:\Users\m\.m2\repository\org\webjars\bowergithub\vaadin\vaadin-notification\1.0.0\vaadin-notification-1.0.0.jar;C:\Users\m\.m2\repository\org\springframework\boot\spring-boot-starter-web\2.0.2.RELEASE\spring-boot-starter-web-2.0.2.RELEASE.jar;C:\Users\m\.m2\repository\org\springframework\boot\spring-boot-starter-json\2.0.2.RELEASE\spring-boot-starter-json-2.0.2.RELEASE.jar;C:\Users\m\.m2\repository\com\fasterxml\jackson\core\jackson-databind\2.9.5\jackson-databind-2.9.5.jar;C:\Users\m\.m2\repository\com\fasterxml\jackson\core\jackson-annotations\2.9.0\jackson-annotations-2.9.0.jar;C:\Users\m\.m2\repository\com\fasterxml\jackson\core\jackson-core\2.9.5\jackson-core-2.9.5.jar;C:\Users\m\.m2\repository\com\fasterxml\jackson\datatype\jackson-datatype-jdk8\2.9.5\jackson-datatype-jdk8-2.9.5.jar;C:\Users\m\.m2\repository\com\fasterxml\jackson\datatype\jackson-datatype-jsr310\2.9.5\jackson-datatype-jsr310-2.9.5.jar;C:\Users\m\.m2\repository\com\fasterxml\jackson\module\jackson-module-parameter-names\2.9.5\jackson-module-parameter-names-2.9.5.jar;C:\Users\m\.m2\repository\org\springframework\boot\spring-boot-starter-tomcat\2.0.2.RELEASE\spring-boot-starter-tomcat-2.0.2.RELEASE.jar;C:\Users\m\.m2\repository\org\apache\tomcat\embed\tomcat-embed-core\8.5.31\tomcat-embed-core-8.5.31.jar;C:\Users\m\.m2\repository\org\apache\tomcat\embed\tomcat-embed-el\8.5.31\tomcat-embed-el-8.5.31.jar;C:\Users\m\.m2\repository\org\apache\tomcat\embed\tomcat-embed-websocket\8.5.31\tomcat-embed-websocket-8.5.31.jar;C:\Users\m\.m2\repository\org\hibernate\validator\hibernate-validator\6.0.9.Final\hibernate-validator-6.0.9.Final.jar;C:\Users\m\.m2\repository\org\springframework\spring-web\5.0.6.RELEASE\spring-web-5.0.6.RELEASE.jar;C:\Users\m\.m2\repository\com\vaadin\vaadin-server\8.4.4\vaadin-server-8.4.4.jar;C:\Users\m\.m2\repository\com\vaadin\vaadin-sass-compiler\0.9.13\vaadin-sass-compiler-0.9.13.jar;C:\Users\m\.m2\repository\org\w3c\css\sac\1.3\sac-1.3.jar;C:\Users\m\.m2\repository\com\vaadin\external\flute\flute\1.3.0.gg2\flute-1.3.0.gg2.jar;C:\Users\m\.m2\repository\com\vaadin\vaadin-shared\8.4.4\vaadin-shared-8.4.4.jar;C:\Users\m\.m2\repository\org\jsoup\jsoup\1.11.2\jsoup-1.11.2.jar;C:\Users\m\.m2\repository\com\vaadin\external\gentyref\1.2.0.vaadin1\gentyref-1.2.0.vaadin1.jar;C:\Users\m\.m2\repository\mysql\mysql-connector-java\5.1.46\mysql-connector-java-5.1.46.jar;, java.specification.name=Java Platform API Specification, java.class.version=52.0, sun.management.compiler=HotSpot 64-Bit Tiered Compilers, os.version=6.1, user.home=C:\Users\m, user.timezone=Europe/Belgrade, java.awt.printerjob=sun.awt.windows.WPrinterJob, file.encoding=UTF-8, java.specification.version=1.8, java.class.path=D:\Programowanie\Java\przychodnia\target\test-classes;D:\Programowanie\Java\przychodnia\target\classes;C:\Users\m\.m2\repository\org\springframework\boot\spring-boot-starter-data-jpa\2.0.2.RELEASE\spring-boot-starter-data-jpa-2.0.2.RELEASE.jar;C:\Users\m\.m2\repository\org\springframework\boot\spring-boot-starter\2.0.2.RELEASE\spring-boot-starter-2.0.2.RELEASE.jar;C:\Users\m\.m2\repository\org\springframework\boot\spring-boot\2.0.2.RELEASE\spring-boot-2.0.2.RELEASE.jar;C:\Users\m\.m2\repository\org\springframework\boot\spring-boot-autoconfigure\2.0.2.RELEASE\spring-boot-autoconfigure-2.0.2.RELEASE.jar;C:\Users\m\.m2\repository\org\springframework\boot\spring-boot-starter-logging\2.0.2.RELEASE\spring-boot-starter-logging-2.0.2.RELEASE.jar;C:\Users\m\.m2\repository\ch\qos\logback\logback-classic\1.2.3\logback-classic-1.2.3.jar;C:\Users\m\.m2\repository\ch\qos\logback\logback-core\1.2.3\logback-core-1.2.3.jar;C:\Users\m\.m2\repository\org\apache\logging\log4j\log4j-to-slf4j\2.10.0\log4j-to-slf4j-2.10.0.jar;C:\Users\m\.m2\repository\org\apache\logging\log4j\log4j-api\2.10.0\log4j-api-2.10.0.jar;C:\Users\m\.m2\repository\org\slf4j\jul-to-slf4j\1.7.25\jul-to-slf4j-1.7.25.jar;C:\Users\m\.m2\repository\javax\annotation\javax.annotation-api\1.3.2\javax.annotation-api-1.3.2.jar;C:\Users\m\.m2\repository\org\yaml\snakeyaml\1.19\snakeyaml-1.19.jar;C:\Users\m\.m2\repository\org\springframework\boot\spring-boot-starter-aop\2.0.2.RELEASE\spring-boot-starter-aop-2.0.2.RELEASE.jar;C:\Users\m\.m2\repository\org\springframework\spring-aop\5.0.6.RELEASE\spring-aop-5.0.6.RELEASE.jar;C:\Users\m\.m2\repository\org\aspectj\aspectjweaver\1.8.13\aspectjweaver-1.8.13.jar;C:\Users\m\.m2\repository\org\springframework\boot\spring-boot-starter-jdbc\2.0.2.RELEASE\spring-boot-starter-jdbc-2.0.2.RELEASE.jar;C:\Users\m\.m2\repository\com\zaxxer\HikariCP\2.7.9\HikariCP-2.7.9.jar;C:\Users\m\.m2\repository\org\springframework\spring-jdbc\5.0.6.RELEASE\spring-jdbc-5.0.6.RELEASE.jar;C:\Users\m\.m2\repository\org\hibernate\hibernate-core\5.2.17.Final\hibernate-core-5.2.17.Final.jar;C:\Users\m\.m2\repository\org\jboss\logging\jboss-logging\3.3.2.Final\jboss-logging-3.3.2.Final.jar;C:\Users\m\.m2\repository\org\hibernate\javax\persistence\hibernate-jpa-2.1-api\1.0.0.Final\hibernate-jpa-2.1-api-1.0.0.Final.jar;C:\Users\m\.m2\repository\org\javassist\javassist\3.22.0-GA\javassist-3.22.0-GA.jar;C:\Users\m\.m2\repository\antlr\antlr\2.7.7\antlr-2.7.7.jar;C:\Users\m\.m2\repository\org\jboss\jandex\2.0.3.Final\jandex-2.0.3.Final.jar;C:\Users\m\.m2\repository\com\fasterxml\classmate\1.3.4\classmate-1.3.4.jar;C:\Users\m\.m2\repository\dom4j\dom4j\1.6.1\dom4j-1.6.1.jar;C:\Users\m\.m2\repository\org\hibernate\common\hibernate-commons-annotations\5.0.1.Final\hibernate-commons-annotations-5.0.1.Final.jar;C:\Users\m\.m2\repository\javax\transaction\javax.transaction-api\1.2\javax.transaction-api-1.2.jar;C:\Users\m\.m2\repository\org\springframework\data\spring-data-jpa\2.0.7.RELEASE\spring-data-jpa-2.0.7.RELEASE.jar;C:\Users\m\.m2\repository\org\springframework\data\spring-data-commons\2.0.7.RELEASE\spring-data-commons-2.0.7.RELEASE.jar;C:\Users\m\.m2\repository\org\springframework\spring-orm\5.0.6.RELEASE\spring-orm-5.0.6.RELEASE.jar;C:\Users\m\.m2\repository\org\springframework\spring-context\5.0.6.RELEASE\spring-context-5.0.6.RELEASE.jar;C:\Users\m\.m2\repository\org\springframework\spring-expression\5.0.6.RELEASE\spring-expression-5.0.6.RELEASE.jar;C:\Users\m\.m2\repository\org\springframework\spring-tx\5.0.6.RELEASE\spring-tx-5.0.6.RELEASE.jar;C:\Users\m\.m2\repository\org\springframework\spring-beans\5.0.6.RELEASE\spring-beans-5.0.6.RELEASE.jar;C:\Users\m\.m2\repository\org\slf4j\slf4j-api\1.7.25\slf4j-api-1.7.25.jar;C:\Users\m\.m2\repository\org\springframework\spring-aspects\5.0.6.RELEASE\spring-aspects-5.0.6.RELEASE.jar;C:\Users\m\.m2\repository\org\springframework\boot\spring-boot-starter-test\2.0.2.RELEASE\spring-boot-starter-test-2.0.2.RELEASE.jar;C:\Users\m\.m2\repository\org\springframework\boot\spring-boot-test\2.0.2.RELEASE\spring-boot-test-2.0.2.RELEASE.jar;C:\Users\m\.m2\repository\org\springframework\boot\spring-boot-test-autoconfigure\2.0.2.RELEASE\spring-boot-test-autoconfigure-2.0.2.RELEASE.jar;C:\Users\m\.m2\repository\com\jayway\jsonpath\json-path\2.4.0\json-path-2.4.0.jar;C:\Users\m\.m2\repository\net\minidev\json-smart\2.3\json-smart-2.3.jar;C:\Users\m\.m2\repository\net\minidev\accessors-smart\1.2\accessors-smart-1.2.jar;C:\Users\m\.m2\repository\org\ow2\asm\asm\5.0.4\asm-5.0.4.jar;C:\Users\m\.m2\repository\junit\junit\4.12\junit-4.12.jar;C:\Users\m\.m2\repository\org\assertj\assertj-core\3.9.1\assertj-core-3.9.1.jar;C:\Users\m\.m2\repository\org\mockito\mockito-core\2.15.0\mockito-core-2.15.0.jar;C:\Users\m\.m2\repository\net\bytebuddy\byte-buddy\1.7.11\byte-buddy-1.7.11.jar;C:\Users\m\.m2\repository\net\bytebuddy\byte-buddy-agent\1.7.11\byte-buddy-agent-1.7.11.jar;C:\Users\m\.m2\repository\org\objenesis\objenesis\2.6\objenesis-2.6.jar;C:\Users\m\.m2\repository\org\hamcrest\hamcrest-core\1.3\hamcrest-core-1.3.jar;C:\Users\m\.m2\repository\org\hamcrest\hamcrest-library\1.3\hamcrest-library-1.3.jar;C:\Users\m\.m2\repository\org\skyscreamer\jsonassert\1.5.0\jsonassert-1.5.0.jar;C:\Users\m\.m2\repository\com\vaadin\external\google\android-json\0.0.20131108.vaadin1\android-json-0.0.20131108.vaadin1.jar;C:\Users\m\.m2\repository\org\springframework\spring-core\5.0.6.RELEASE\spring-core-5.0.6.RELEASE.jar;C:\Users\m\.m2\repository\org\springframework\spring-jcl\5.0.6.RELEASE\spring-jcl-5.0.6.RELEASE.jar;C:\Users\m\.m2\repository\org\springframework\spring-test\5.0.6.RELEASE\spring-test-5.0.6.RELEASE.jar;C:\Users\m\.m2\repository\org\xmlunit\xmlunit-core\2.5.1\xmlunit-core-2.5.1.jar;C:\Users\m\.m2\repository\com\vaadin\vaadin-spring-boot-starter\10.0.1\vaadin-spring-boot-starter-10.0.1.jar;C:\Users\m\.m2\repository\com\vaadin\vaadin-spring\10.0.0\vaadin-spring-10.0.0.jar;C:\Users\m\.m2\repository\com\vaadin\flow-server\1.0.0\flow-server-1.0.0.jar;C:\Users\m\.m2\repository\com\google\gwt\gwt-elemental\2.8.2\gwt-elemental-2.8.2.jar;C:\Users\m\.m2\repository\commons-fileupload\commons-fileupload\1.3.3\commons-fileupload-1.3.3.jar;C:\Users\m\.m2\repository\commons-io\commons-io\2.5\commons-io-2.5.jar;C:\Users\m\.m2\repository\com\helger\ph-css\6.1.1\ph-css-6.1.1.jar;C:\Users\m\.m2\repository\com\helger\ph-commons\9.0.2\ph-commons-9.0.2.jar;C:\Users\m\.m2\repository\com\google\code\findbugs\jsr305\3.0.2\jsr305-3.0.2.jar;C:\Users\m\.m2\repository\com\googlecode\gentyref\gentyref\1.2.0\gentyref-1.2.0.jar;C:\Users\m\.m2\repository\com\vaadin\flow-push\1.0.0\flow-push-1.0.0.jar;C:\Users\m\.m2\repository\com\vaadin\external\atmosphere\atmosphere-runtime\2.4.24.vaadin1\atmosphere-runtime-2.4.24.vaadin1.jar;C:\Users\m\.m2\repository\com\vaadin\external\slf4j\vaadin-slf4j-jdk14\1.6.1\vaadin-slf4j-jdk14-1.6.1.jar;C:\Users\m\.m2\repository\com\vaadin\flow-client\1.0.0\flow-client-1.0.0.jar;C:\Users\m\.m2\repository\org\springframework\spring-webmvc\5.0.6.RELEASE\spring-webmvc-5.0.6.RELEASE.jar;C:\Users\m\.m2\repository\org\springframework\spring-websocket\5.0.6.RELEASE\spring-websocket-5.0.6.RELEASE.jar;C:\Users\m\.m2\repository\com\vaadin\vaadin-core\10.0.1\vaadin-core-10.0.1.jar;C:\Users\m\.m2\repository\com\vaadin\flow-html-components\1.0.0\flow-html-components-1.0.0.jar;C:\Users\m\.m2\repository\com\vaadin\flow-data\1.0.0\flow-data-1.0.0.jar;C:\Users\m\.m2\repository\javax\validation\validation-api\2.0.1.Final\validation-api-2.0.1.Final.jar;C:\Users\m\.m2\repository\com\vaadin\vaadin-lumo-theme\1.0.0\vaadin-lumo-theme-1.0.0.jar;C:\Users\m\.m2\repository\org\webjars\bowergithub\polymerelements\iron-flex-layout\2.0.3\iron-flex-layout-2.0.3.jar;C:\Users\m\.m2\repository\org\webjars\bowergithub\polymer\polymer\2.6.0\polymer-2.6.0.jar;C:\Users\m\.m2\repository\org\webjars\bowergithub\webcomponents\shadycss\1.2.1\shadycss-1.2.1.jar;C:\Users\m\.m2\repository\org\webjars\bowergithub\webcomponents\webcomponentsjs\1.2.0\webcomponentsjs-1.2.0.jar;C:\Users\m\.m2\repository\com\vaadin\vaadin-button-flow\1.0.0\vaadin-button-flow-1.0.0.jar;C:\Users\m\.m2\repository\org\webjars\bowergithub\vaadin\vaadin-button\2.0.1\vaadin-button-2.0.1.jar;C:\Users\m\.m2\repository\org\webjars\bowergithub\vaadin\vaadin-control-state-mixin\2.0.3\vaadin-control-state-mixin-2.0.3.jar;C:\Users\m\.m2\repository\org\webjars\bowergithub\vaadin\vaadin-element-mixin\1.0.2\vaadin-element-mixin-1.0.2.jar;C:\Users\m\.m2\repository\org\webjars\bowergithub\vaadin\vaadin-usage-statistics\1.0.8\vaadin-usage-statistics-1.0.8.jar;C:\Users\m\.m2\repository\org\webjars\bowergithub\vaadin\vaadin-development-mode-detector\1.0.3\vaadin-development-mode-detector-1.0.3.jar;C:\Users\m\.m2\repository\org\webjars\bowergithub\vaadin\vaadin-lumo-styles\1.2.0\vaadin-lumo-styles-1.2.0.jar;C:\Users\m\.m2\repository\org\webjars\bowergithub\vaadin\vaadin-themable-mixin\1.1.6\vaadin-themable-mixin-1.1.6.jar;C:\Users\m\.m2\repository\com\vaadin\vaadin-checkbox-flow\1.0.0\vaadin-checkbox-flow-1.0.0.jar;C:\Users\m\.m2\repository\org\webjars\bowergithub\vaadin\vaadin-checkbox\2.1.1\vaadin-checkbox-2.1.1.jar;C:\Users\m\.m2\repository\com\vaadin\vaadin-combo-box-flow\1.0.0\vaadin-combo-box-flow-1.0.0.jar;C:\Users\m\.m2\repository\org\webjars\bowergithub\vaadin\vaadin-combo-box\4.0.1\vaadin-combo-box-4.0.1.jar;C:\Users\m\.m2\repository\org\webjars\bowergithub\polymerelements\iron-resizable-behavior\2.1.0\iron-resizable-behavior-2.1.0.jar;C:\Users\m\.m2\repository\org\webjars\bowergithub\polymerelements\iron-a11y-announcer\2.1.0\iron-a11y-announcer-2.1.0.jar;C:\Users\m\.m2\repository\org\webjars\bowergithub\polymerelements\iron-a11y-keys-behavior\2.1.1\iron-a11y-keys-behavior-2.1.1.jar;C:\Users\m\.m2\repository\org\webjars\bowergithub\vaadin\vaadin-item\2.1.0\vaadin-item-2.1.0.jar;C:\Users\m\.m2\repository\org\webjars\bowergithub\vaadin\vaadin-material-styles\1.2.0\vaadin-material-styles-1.2.0.jar;C:\Users\m\.m2\repository\org\webjars\bowergithub\vaadin\vaadin-overlay\3.0.3\vaadin-overlay-3.0.3.jar;C:\Users\m\.m2\repository\org\webjars\bowergithub\polymerelements\iron-overlay-behavior\2.3.4\iron-overlay-behavior-2.3.4.jar;C:\Users\m\.m2\repository\org\webjars\bowergithub\polymerelements\iron-fit-behavior\2.2.0\iron-fit-behavior-2.2.0.jar;C:\Users\m\.m2\repository\com\vaadin\vaadin-date-picker-flow\1.0.0\vaadin-date-picker-flow-1.0.0.jar;C:\Users\m\.m2\repository\org\webjars\bowergithub\vaadin\vaadin-date-picker\3.0.2\vaadin-date-picker-3.0.2.jar;C:\Users\m\.m2\repository\org\webjars\bowergithub\polymerelements\iron-media-query\2.1.0\iron-media-query-2.1.0.jar;C:\Users\m\.m2\repository\com\vaadin\vaadin-dialog-flow\1.0.0\vaadin-dialog-flow-1.0.0.jar;C:\Users\m\.m2\repository\org\webjars\bowergithub\vaadin\vaadin-dialog\2.0.2\vaadin-dialog-2.0.2.jar;C:\Users\m\.m2\repository\com\vaadin\vaadin-form-layout-flow\1.0.0\vaadin-form-layout-flow-1.0.0.jar;C:\Users\m\.m2\repository\org\webjars\bowergithub\vaadin\vaadin-form-layout\2.0.1\vaadin-form-layout-2.0.1.jar;C:\Users\m\.m2\repository\com\vaadin\vaadin-grid-flow\1.0.0\vaadin-grid-flow-1.0.0.jar;C:\Users\m\.m2\repository\org\webjars\bowergithub\vaadin\vaadin-grid\5.0.4\vaadin-grid-5.0.4.jar;C:\Users\m\.m2\repository\org\webjars\bowergithub\polymerelements\iron-scroll-target-behavior\2.1.1\iron-scroll-target-behavior-2.1.1.jar;C:\Users\m\.m2\repository\org\apache\commons\commons-lang3\3.7\commons-lang3-3.7.jar;C:\Users\m\.m2\repository\com\vaadin\vaadin-icons-flow\1.0.0\vaadin-icons-flow-1.0.0.jar;C:\Users\m\.m2\repository\org\webjars\bowergithub\vaadin\vaadin-icons\4.1.4\vaadin-icons-4.1.4.jar;C:\Users\m\.m2\repository\org\webjars\bowergithub\polymerelements\iron-icon\2.1.0\iron-icon-2.1.0.jar;C:\Users\m\.m2\repository\org\webjars\bowergithub\polymerelements\iron-meta\2.1.1\iron-meta-2.1.1.jar;C:\Users\m\.m2\repository\org\webjars\bowergithub\polymerelements\iron-iconset-svg\2.2.1\iron-iconset-svg-2.2.1.jar;C:\Users\m\.m2\repository\com\vaadin\vaadin-iron-list-flow\1.0.0\vaadin-iron-list-flow-1.0.0.jar;C:\Users\m\.m2\repository\org\webjars\bowergithub\polymerelements\iron-list\2.0.12\iron-list-2.0.12.jar;C:\Users\m\.m2\repository\com\vaadin\vaadin-list-box-flow\1.0.0\vaadin-list-box-flow-1.0.0.jar;C:\Users\m\.m2\repository\org\webjars\bowergithub\vaadin\vaadin-list-box\1.0.2\vaadin-list-box-1.0.2.jar;C:\Users\m\.m2\repository\org\webjars\bowergithub\vaadin\vaadin-list-mixin\2.0.0\vaadin-list-mixin-2.0.0.jar;C:\Users\m\.m2\repository\com\vaadin\vaadin-ordered-layout-flow\1.0.0\vaadin-ordered-layout-flow-1.0.0.jar;C:\Users\m\.m2\repository\org\webjars\bowergithub\vaadin\vaadin-ordered-layout\1.0.2\vaadin-ordered-layout-1.0.2.jar;C:\Users\m\.m2\repository\com\vaadin\vaadin-progress-bar-flow\1.0.0\vaadin-progress-bar-flow-1.0.0.jar;C:\Users\m\.m2\repository\org\webjars\bowergithub\vaadin\vaadin-progress-bar\1.0.0\vaadin-progress-bar-1.0.0.jar;C:\Users\m\.m2\repository\com\vaadin\vaadin-radio-button-flow\1.0.0\vaadin-radio-button-flow-1.0.0.jar;C:\Users\m\.m2\repository\org\webjars\bowergithub\vaadin\vaadin-radio-button\1.0.1\vaadin-radio-button-1.0.1.jar;C:\Users\m\.m2\repository\com\vaadin\vaadin-split-layout-flow\1.0.0\vaadin-split-layout-flow-1.0.0.jar;C:\Users\m\.m2\repository\org\webjars\bowergithub\vaadin\vaadin-split-layout\4.0.0\vaadin-split-layout-4.0.0.jar;C:\Users\m\.m2\repository\com\vaadin\vaadin-tabs-flow\1.0.0\vaadin-tabs-flow-1.0.0.jar;C:\Users\m\.m2\repository\org\webjars\bowergithub\vaadin\vaadin-tabs\2.0.0\vaadin-tabs-2.0.0.jar;C:\Users\m\.m2\repository\com\vaadin\vaadin-text-field-flow\1.0.0\vaadin-text-field-flow-1.0.0.jar;C:\Users\m\.m2\repository\org\webjars\bowergithub\vaadin\vaadin-text-field\2.0.1\vaadin-text-field-2.0.1.jar;C:\Users\m\.m2\repository\com\vaadin\vaadin-upload-flow\1.0.0\vaadin-upload-flow-1.0.0.jar;C:\Users\m\.m2\repository\org\webjars\bowergithub\vaadin\vaadin-upload\4.0.0\vaadin-upload-4.0.0.jar;C:\Users\m\.m2\repository\com\vaadin\vaadin-notification-flow\1.0.0\vaadin-notification-flow-1.0.0.jar;C:\Users\m\.m2\repository\org\webjars\bowergithub\vaadin\vaadin-notification\1.0.0\vaadin-notification-1.0.0.jar;C:\Users\m\.m2\repository\org\springframework\boot\spring-boot-starter-web\2.0.2.RELEASE\spring-boot-starter-web-2.0.2.RELEASE.jar;C:\Users\m\.m2\repository\org\springframework\boot\spring-boot-starter-json\2.0.2.RELEASE\spring-boot-starter-json-2.0.2.RELEASE.jar;C:\Users\m\.m2\repository\com\fasterxml\jackson\core\jackson-databind\2.9.5\jackson-databind-2.9.5.jar;C:\Users\m\.m2\repository\com\fasterxml\jackson\core\jackson-annotations\2.9.0\jackson-annotations-2.9.0.jar;C:\Users\m\.m2\repository\com\fasterxml\jackson\core\jackson-core\2.9.5\jackson-core-2.9.5.jar;C:\Users\m\.m2\repository\com\fasterxml\jackson\datatype\jackson-datatype-jdk8\2.9.5\jackson-datatype-jdk8-2.9.5.jar;C:\Users\m\.m2\repository\com\fasterxml\jackson\datatype\jackson-datatype-jsr310\2.9.5\jackson-datatype-jsr310-2.9.5.jar;C:\Users\m\.m2\repository\com\fasterxml\jackson\module\jackson-module-parameter-names\2.9.5\jackson-module-parameter-names-2.9.5.jar;C:\Users\m\.m2\repository\org\springframework\boot\spring-boot-starter-tomcat\2.0.2.RELEASE\spring-boot-starter-tomcat-2.0.2.RELEASE.jar;C:\Users\m\.m2\repository\org\apache\tomcat\embed\tomcat-embed-core\8.5.31\tomcat-embed-core-8.5.31.jar;C:\Users\m\.m2\repository\org\apache\tomcat\embed\tomcat-embed-el\8.5.31\tomcat-embed-el-8.5.31.jar;C:\Users\m\.m2\repository\org\apache\tomcat\embed\tomcat-embed-websocket\8.5.31\tomcat-embed-websocket-8.5.31.jar;C:\Users\m\.m2\repository\org\hibernate\validator\hibernate-validator\6.0.9.Final\hibernate-validator-6.0.9.Final.jar;C:\Users\m\.m2\repository\org\springframework\spring-web\5.0.6.RELEASE\spring-web-5.0.6.RELEASE.jar;C:\Users\m\.m2\repository\com\vaadin\vaadin-server\8.4.4\vaadin-server-8.4.4.jar;C:\Users\m\.m2\repository\com\vaadin\vaadin-sass-compiler\0.9.13\vaadin-sass-compiler-0.9.13.jar;C:\Users\m\.m2\repository\org\w3c\css\sac\1.3\sac-1.3.jar;C:\Users\m\.m2\repository\com\vaadin\external\flute\flute\1.3.0.gg2\flute-1.3.0.gg2.jar;C:\Users\m\.m2\repository\com\vaadin\vaadin-shared\8.4.4\vaadin-shared-8.4.4.jar;C:\Users\m\.m2\repository\org\jsoup\jsoup\1.11.2\jsoup-1.11.2.jar;C:\Users\m\.m2\repository\com\vaadin\external\gentyref\1.2.0.vaadin1\gentyref-1.2.0.vaadin1.jar;C:\Users\m\.m2\repository\mysql\mysql-connector-java\5.1.46\mysql-connector-java-5.1.46.jar;, user.name=m, java.vm.specification.version=1.8, sun.java.command=C:\Users\m\AppData\Local\Temp\surefire8764801571598436701\surefirebooter8969621641414706694.jar C:\Users\m\AppData\Local\Temp\surefire8764801571598436701 2018-09-12T13-12-23_597-jvmRun1 surefire8803470249504875018tmp surefire_093154580426077299tmp, java.home=C:\Program Files\Java\jdk1.8.0_171\jre, sun.arch.data.model=64, user.language=pl, java.specification.vendor=Oracle Corporation, awt.toolkit=sun.awt.windows.WToolkit, java.vm.info=mixed mode, java.version=1.8.0_171, java.ext.dirs=C:\Program Files\Java\jdk1.8.0_171\jre\lib\ext;C:\Windows\Sun\Java\lib\ext, sun.boot.class.path=C:\Program Files\Java\jdk1.8.0_171\jre\lib\resources.jar;C:\Program Files\Java\jdk1.8.0_171\jre\lib\rt.jar;C:\Program Files\Java\jdk1.8.0_171\jre\lib\sunrsasign.jar;C:\Program Files\Java\jdk1.8.0_171\jre\lib\jsse.jar;C:\Program Files\Java\jdk1.8.0_171\jre\lib\jce.jar;C:\Program Files\Java\jdk1.8.0_171\jre\lib\charsets.jar;C:\Program Files\Java\jdk1.8.0_171\jre\lib\jfr.jar;C:\Program Files\Java\jdk1.8.0_171\jre\classes, java.vendor=Oracle Corporation, localRepository=C:\Users\m\.m2\repository, file.separator=\, java.vendor.url.bug=http://bugreport.sun.com/bugreport/, sun.io.unicode.encoding=UnicodeLittle, sun.cpu.endian=little, sun.desktop=windows, sun.cpu.isalist=amd64}}, SystemEnvironmentPropertySource@1757880885 {name='systemEnvironment', properties={PATH=C:\Windows\system32;C:\Windows;C:\Windows\system32\wbem;C:\Program Files (x86)\Common Files\Oracle\Java\javapath;C:\ProgramData\Oracle\Java\javapath;C:\Program Files (x86)\Intel\iCLS Client;C:\Program Files\Intel\iCLS Client;C:\Windows\System32\WindowsPowerShell\v1.0;C:\Program Files (x86)\Intel\OpenCL SDK\2.0\bin\x86;C:\Program Files (x86)\Intel\OpenCL SDK\2.0\bin\x64;C:\Program Files\Intel\WiFi\bin;C:\Program Files\Common Files\Intel\WirelessCommon;C:\Program Files\Intel\Intel(R) Management Engine Components\DAL;C:\Program Files\Intel\Intel(R) Management Engine Components\IPT;C:\Program Files (x86)\Intel\Intel(R) Management Engine Components\DAL;C:\Program Files (x86)\Intel\Intel(R) Management Engine Components\IPT;set path=C:\Windows\system32;C:\Windows;C:\Windows\system32\wbem;C:\Program Files (x86)\Common Files\Oracle\Java\javapath;C:\ProgramData\Oracle\Java\javapath;C:\Program Files (x86)\Intel\iCLS Client;C:\Program Files\Intel\iCLS Client;C:\Windows\System32\WindowsPowerShell\v1.0;C:\Program Files (x86)\Intel\OpenCL SDK\2.0\bin\x86;C:\Program Files (x86)\Intel\OpenCL SDK\2.0\bin\x64;C:\Program Files\Intel\WiFi\bin;C:\Program Files\Common Files\Intel\WirelessCommon;C:\Program Files\Intel\Intel(R) Management Engine Components\DAL;C:\Program Files\Intel\Intel(R) Management Engine Components\IPT;C:\Program Files (x86)\Intel\Intel(R) Management Engine Components\DAL;C:\Program Files (x86)\Intel\Intel(R) Management Engine Components\IPT;set path=C:\Windows\system32;C:\Windows;C:\Windows\system32\wbem;C:\Program Files (x86)\Common Files\Oracle\Java\javapath;C:\ProgramData\Oracle\Java\javapath;C:\Program Files (x86)\Intel\iCLS Client;C:\Program Files\Intel\iCLS Client;C:\Windows\System32\WindowsPowerShell\v1.0;C:\Program Files (x86)\Intel\OpenCL SDK\2.0\bin\x86;C:\Program Files (x86)\Intel\OpenCL SDK\2.0\bin\x64;C:\Program Files\Intel\WiFi\bin;C:\Program Files\Common Files\Intel\WirelessCommon;C:\Program Files\Intel\Intel(R) Management Engine Components\DAL;C:\Program Files\Intel\Intel(R) Management Engine Components\IPT;C:\Program Files (x86)\Intel\Intel(R) Management Engine Components\DAL;C:\Program Files (x86)\Intel\Intel(R) Management Engine Components\IPT;set path=C:\Windows\System32;C:\Program Files\Java\jdk1.8.0_171\bin;C:\Program Files\apache-maven-3.5.0\bin;C:\Program Files\Git\cmd;C:\Program Files\MySQL\MySQL Server 8.0\bin;;C:\Program Files\Java\jdk1.8.0_171\bin;C:\Program Files\apache-maven-3.5.0\bin;C:\Program Files\Git\cmd;C:\Program Files\MySQL\MySQL Server 8.0\bin;;C:\Program Files\Java\jdk1.8.0_171\bin;C:\Program Files\apache-maven-3.5.0\bin;C:\Program Files\Git\cmd;C:\Program Files\MySQL\MySQL Server 8.0\bin;D:\Programowanie\Python\Scripts\;D:\Programowanie\Python\;C:\Program Files\Intel\WiFi\bin\;C:\Program Files\Common Files\Intel\WirelessCommon\, LOCALAPPDATA=C:\Users\m\AppData\Local, PROCESSOR_LEVEL=6, SYSTEMDRIVE=C:, COMMONPROGRAMFILES(X86)=C:\Program Files (x86)\Common Files, FP_NO_HOST_CHECK=NO, USERDOMAIN=m-PC, LOGONSERVER=\\M-PC, JAVA_HOME=C:\Program Files\Java\jdk1.8.0_171, PROMPT=$P$G, SESSIONNAME=Console, ALLUSERSPROFILE=C:\ProgramData, PROGRAMFILES(X86)=C:\Program Files (x86), PROCESSOR_ARCHITECTURE=AMD64, ERROR_CODE=0, NB_EXEC_MAVEN_PROCESS_UUID=e2e9dfb4-6d53-44fc-933c-44d354ac1707, PROGRAMFILES=C:\Program Files, APPDATA=C:\Users\m\AppData\Roaming, PSMODULEPATH=C:\Windows\system32\WindowsPowerShell\v1.0\Modules\, PROGRAMW6432=C:\Program Files, PROGRAMDATA=C:\ProgramData, SYSTEMROOT=C:\Windows, USERNAME=m, MAVEN_CMD_LINE_ARGS=-Dmaven.ext.class.path="C:\Program Files\NetBeans 8.2\java\maven-nblib\netbeans-eventspy.jar" -Dfile.encoding=UTF-8 --debug -X clean install, VBOX_MSI_INSTALL_PATH=C:\Program Files\Oracle\VirtualBox\, PATHEXT=.COM;.EXE;.BAT;.CMD;.VBS;.VBE;.JS;.JSE;.WSF;.WSH;.MSC, OS=Windows_NT, COMMONPROGRAMW6432=C:\Program Files\Common Files, COMPUTERNAME=M-PC, CLASSWORLDS_JAR="C:\Program Files\NetBeans 8.2\java\maven\boot\plexus-classworlds-2.4.jar", COMMONPROGRAMFILES=C:\Program Files\Common Files, COMSPEC=C:\Windows\system32\cmd.exe, PROCESSOR_REVISION=3a09, CLASSWORLDS_LAUNCHER=org.codehaus.plexus.classworlds.launcher.Launcher, WINDIR=C:\Windows, =D:=D:\Programowanie\Java\przychodnia, HOMEPATH=\Users\m, TEMP=C:\Users\m\AppData\Local\Temp, HOMEDRIVE=C:, PROCESSOR_IDENTIFIER=Intel64 Family 6 Model 58 Stepping 9, GenuineIntel, USERPROFILE=C:\Users\m, TMP=C:\Users\m\AppData\Local\Temp, M2_HOME=C:\Program Files\NetBeans 8.2\java\maven, MAVEN_JAVA_EXE="C:\Program Files\Java\jdk1.8.0_171\bin\java.exe", PUBLIC=C:\Users\Public, NUMBER_OF_PROCESSORS=4, HOME=C:\Users\m}}]
13:12:25.300 [main] DEBUG org.springframework.test.context.support.TestPropertySourceUtils - Adding inlined properties to environment: {spring.jmx.enabled=false, org.springframework.boot.test.context.SpringBootTestContextBootstrapper=true, server.port=-1}
13:12:25.300 [main] DEBUG org.springframework.core.env.StandardEnvironment - Adding PropertySource 'Inlined Test Properties' with highest search precedence

  .   ____          _            __ _ _
 /\\ / ___'_ __ _ _(_)_ __  __ _ \ \ \ \
( ( )\___ | '_ | '_| | '_ \/ _` | \ \ \ \
 \\/  ___)| |_)| | | | | || (_| |  ) ) ) )
  '  |____| .__|_| |_|_| |_\__, | / / / /
 =========|_|==============|___/=/_/_/_/
 :: Spring Boot ::        (v2.0.2.RELEASE)

2018-09-12 13:12:25.768  INFO 2392 --- [           main] m.e.p.PrzychodniaApplicationTests        : Starting PrzychodniaApplicationTests on m-PC with PID 2392 (started by m in D:\Programowanie\Java\przychodnia)
2018-09-12 13:12:25.768  INFO 2392 --- [           main] m.e.p.PrzychodniaApplicationTests        : No active profile set, falling back to default profiles: default
2018-09-12 13:12:25.831  INFO 2392 --- [           main] o.s.w.c.s.GenericWebApplicationContext   : Refreshing org.springframework.web.context.support.GenericWebApplicationContext@38467116: startup date [Wed Sep 12 13:12:25 CEST 2018]; root of context hierarchy
2018-09-12 13:12:27.063  INFO 2392 --- [           main] o.s.b.f.s.DefaultListableBeanFactory     : Overriding bean definition for bean 'dispatcherServletRegistration' with a different definition: replacing [Root bean: class [null]; scope=; abstract=false; lazyInit=false; autowireMode=3; dependencyCheck=0; autowireCandidate=true; primary=false; factoryBeanName=org.springframework.boot.autoconfigure.web.servlet.DispatcherServletAutoConfiguration$DispatcherServletRegistrationConfiguration; factoryMethodName=dispatcherServletRegistration; initMethodName=null; destroyMethodName=(inferred); defined in class path resource [org/springframework/boot/autoconfigure/web/servlet/DispatcherServletAutoConfiguration$DispatcherServletRegistrationConfiguration.class]] with [Root bean: class [null]; scope=; abstract=false; lazyInit=false; autowireMode=3; dependencyCheck=0; autowireCandidate=true; primary=false; factoryBeanName=com.vaadin.flow.spring.SpringBootAutoConfiguration; factoryMethodName=dispatcherServletRegistration; initMethodName=null; destroyMethodName=(inferred); defined in class path resource [com/vaadin/flow/spring/SpringBootAutoConfiguration.class]]
2018-09-12 13:12:28.046  INFO 2392 --- [           main] trationDelegate$BeanPostProcessorChecker : Bean 'org.springframework.transaction.annotation.ProxyTransactionManagementConfiguration' of type [org.springframework.transaction.annotation.ProxyTransactionManagementConfiguration$$EnhancerBySpringCGLIB$$e79cb768] is not eligible for getting processed by all BeanPostProcessors (for example: not eligible for auto-proxying)
2018-09-12 13:12:28.420  INFO 2392 --- [           main] com.zaxxer.hikari.HikariDataSource       : HikariPool-1 - Starting...
2018-09-12 13:12:29.498  INFO 2392 --- [           main] com.zaxxer.hikari.HikariDataSource       : HikariPool-1 - Start completed.
2018-09-12 13:12:29.560  INFO 2392 --- [           main] j.LocalContainerEntityManagerFactoryBean : Building JPA container EntityManagerFactory for persistence unit 'default'
2018-09-12 13:12:29.591  INFO 2392 --- [           main] o.hibernate.jpa.internal.util.LogHelper  : HHH000204: Processing PersistenceUnitInfo [
	name: default
	...]
2018-09-12 13:12:29.763  INFO 2392 --- [           main] org.hibernate.Version                    : HHH000412: Hibernate Core {5.2.17.Final}
2018-09-12 13:12:29.763  INFO 2392 --- [           main] org.hibernate.cfg.Environment            : HHH000206: hibernate.properties not found
2018-09-12 13:12:29.841  INFO 2392 --- [           main] o.hibernate.annotations.common.Version   : HCANN000001: Hibernate Commons Annotations {5.0.1.Final}
2018-09-12 13:12:29.997  INFO 2392 --- [           main] org.hibernate.dialect.Dialect            : HHH000400: Using dialect: org.hibernate.dialect.MySQL5Dialect
2018-09-12 13:12:30.886  INFO 2392 --- [           main] j.LocalContainerEntityManagerFactoryBean : Initialized JPA EntityManagerFactory for persistence unit 'default'
2018-09-12 13:12:31.541  WARN 2392 --- [           main] o.s.w.c.s.GenericWebApplicationContext   : Exception encountered during context initialization - cancelling refresh attempt: org.springframework.beans.factory.UnsatisfiedDependencyException: Error creating bean with name 'controller': Unsatisfied dependency expressed through field 'raportRepo'; nested exception is org.springframework.beans.factory.BeanCreationException: Error creating bean with name 'raportRepository': Invocation of init method failed; nested exception is java.lang.IllegalArgumentException: Not a managed type: class m.egzamin.przychodnia.model.Raport
2018-09-12 13:12:31.541  INFO 2392 --- [           main] j.LocalContainerEntityManagerFactoryBean : Closing JPA EntityManagerFactory for persistence unit 'default'
2018-09-12 13:12:31.541  INFO 2392 --- [           main] com.zaxxer.hikari.HikariDataSource       : HikariPool-1 - Shutdown initiated...
2018-09-12 13:12:31.572  INFO 2392 --- [           main] com.zaxxer.hikari.HikariDataSource       : HikariPool-1 - Shutdown completed.
2018-09-12 13:12:31.588  INFO 2392 --- [           main] ConditionEvaluationReportLoggingListener : 

Error starting ApplicationContext. To display the conditions report re-run your application with 'debug' enabled.
2018-09-12 13:12:31.604 ERROR 2392 --- [           main] o.s.boot.SpringApplication               : Application run failed

org.springframework.beans.factory.UnsatisfiedDependencyException: Error creating bean with name 'controller': Unsatisfied dependency expressed through field 'raportRepo'; nested exception is org.springframework.beans.factory.BeanCreationException: Error creating bean with name 'raportRepository': Invocation of init method failed; nested exception is java.lang.IllegalArgumentException: Not a managed type: class m.egzamin.przychodnia.model.Raport
	at org.springframework.beans.factory.annotation.AutowiredAnnotationBeanPostProcessor$AutowiredFieldElement.inject(AutowiredAnnotationBeanPostProcessor.java:587) ~[spring-beans-5.0.6.RELEASE.jar:5.0.6.RELEASE]
	at org.springframework.beans.factory.annotation.InjectionMetadata.inject(InjectionMetadata.java:91) ~[spring-beans-5.0.6.RELEASE.jar:5.0.6.RELEASE]
	at org.springframework.beans.factory.annotation.AutowiredAnnotationBeanPostProcessor.postProcessPropertyValues(AutowiredAnnotationBeanPostProcessor.java:373) ~[spring-beans-5.0.6.RELEASE.jar:5.0.6.RELEASE]
	at org.springframework.beans.factory.support.AbstractAutowireCapableBeanFactory.populateBean(AbstractAutowireCapableBeanFactory.java:1348) ~[spring-beans-5.0.6.RELEASE.jar:5.0.6.RELEASE]
	at org.springframework.beans.factory.support.AbstractAutowireCapableBeanFactory.doCreateBean(AbstractAutowireCapableBeanFactory.java:578) ~[spring-beans-5.0.6.RELEASE.jar:5.0.6.RELEASE]
	at org.springframework.beans.factory.support.AbstractAutowireCapableBeanFactory.createBean(AbstractAutowireCapableBeanFactory.java:501) ~[spring-beans-5.0.6.RELEASE.jar:5.0.6.RELEASE]
	at org.springframework.beans.factory.support.AbstractBeanFactory.lambda$doGetBean$0(AbstractBeanFactory.java:317) ~[spring-beans-5.0.6.RELEASE.jar:5.0.6.RELEASE]
	at org.springframework.beans.factory.support.DefaultSingletonBeanRegistry.getSingleton(DefaultSingletonBeanRegistry.java:228) ~[spring-beans-5.0.6.RELEASE.jar:5.0.6.RELEASE]
	at org.springframework.beans.factory.support.AbstractBeanFactory.doGetBean(AbstractBeanFactory.java:315) ~[spring-beans-5.0.6.RELEASE.jar:5.0.6.RELEASE]
	at org.springframework.beans.factory.support.AbstractBeanFactory.getBean(AbstractBeanFactory.java:199) ~[spring-beans-5.0.6.RELEASE.jar:5.0.6.RELEASE]
	at org.springframework.beans.factory.support.DefaultListableBeanFactory.preInstantiateSingletons(DefaultListableBeanFactory.java:760) ~[spring-beans-5.0.6.RELEASE.jar:5.0.6.RELEASE]
	at org.springframework.context.support.AbstractApplicationContext.finishBeanFactoryInitialization(AbstractApplicationContext.java:869) ~[spring-context-5.0.6.RELEASE.jar:5.0.6.RELEASE]
	at org.springframework.context.support.AbstractApplicationContext.refresh(AbstractApplicationContext.java:550) ~[spring-context-5.0.6.RELEASE.jar:5.0.6.RELEASE]
	at org.springframework.boot.SpringApplication.refresh(SpringApplication.java:759) ~[spring-boot-2.0.2.RELEASE.jar:2.0.2.RELEASE]
	at org.springframework.boot.SpringApplication.refreshContext(SpringApplication.java:395) ~[spring-boot-2.0.2.RELEASE.jar:2.0.2.RELEASE]
	at org.springframework.boot.SpringApplication.run(SpringApplication.java:327) ~[spring-boot-2.0.2.RELEASE.jar:2.0.2.RELEASE]
	at org.springframework.boot.test.context.SpringBootContextLoader.loadContext(SpringBootContextLoader.java:139) [spring-boot-test-2.0.2.RELEASE.jar:2.0.2.RELEASE]
	at org.springframework.test.context.cache.DefaultCacheAwareContextLoaderDelegate.loadContextInternal(DefaultCacheAwareContextLoaderDelegate.java:99) [spring-test-5.0.6.RELEASE.jar:5.0.6.RELEASE]
	at org.springframework.test.context.cache.DefaultCacheAwareContextLoaderDelegate.loadContext(DefaultCacheAwareContextLoaderDelegate.java:117) [spring-test-5.0.6.RELEASE.jar:5.0.6.RELEASE]
	at org.springframework.test.context.support.DefaultTestContext.getApplicationContext(DefaultTestContext.java:108) [spring-test-5.0.6.RELEASE.jar:5.0.6.RELEASE]
	at org.springframework.test.context.web.ServletTestExecutionListener.setUpRequestContextIfNecessary(ServletTestExecutionListener.java:190) [spring-test-5.0.6.RELEASE.jar:5.0.6.RELEASE]
	at org.springframework.test.context.web.ServletTestExecutionListener.prepareTestInstance(ServletTestExecutionListener.java:132) [spring-test-5.0.6.RELEASE.jar:5.0.6.RELEASE]
	at org.springframework.test.context.TestContextManager.prepareTestInstance(TestContextManager.java:246) [spring-test-5.0.6.RELEASE.jar:5.0.6.RELEASE]
	at org.springframework.test.context.junit4.SpringJUnit4ClassRunner.createTest(SpringJUnit4ClassRunner.java:227) [spring-test-5.0.6.RELEASE.jar:5.0.6.RELEASE]
	at org.springframework.test.context.junit4.SpringJUnit4ClassRunner$1.runReflectiveCall(SpringJUnit4ClassRunner.java:289) [spring-test-5.0.6.RELEASE.jar:5.0.6.RELEASE]
	at org.junit.internal.runners.model.ReflectiveCallable.run(ReflectiveCallable.java:12) [junit-4.12.jar:4.12]
	at org.springframework.test.context.junit4.SpringJUnit4ClassRunner.methodBlock(SpringJUnit4ClassRunner.java:291) [spring-test-5.0.6.RELEASE.jar:5.0.6.RELEASE]
	at org.springframework.test.context.junit4.SpringJUnit4ClassRunner.runChild(SpringJUnit4ClassRunner.java:246) [spring-test-5.0.6.RELEASE.jar:5.0.6.RELEASE]
	at org.springframework.test.context.junit4.SpringJUnit4ClassRunner.runChild(SpringJUnit4ClassRunner.java:97) [spring-test-5.0.6.RELEASE.jar:5.0.6.RELEASE]
	at org.junit.runners.ParentRunner$3.run(ParentRunner.java:290) [junit-4.12.jar:4.12]
	at org.junit.runners.ParentRunner$1.schedule(ParentRunner.java:71) [junit-4.12.jar:4.12]
	at org.junit.runners.ParentRunner.runChildren(ParentRunner.java:288) [junit-4.12.jar:4.12]
	at org.junit.runners.ParentRunner.access$000(ParentRunner.java:58) [junit-4.12.jar:4.12]
	at org.junit.runners.ParentRunner$2.evaluate(ParentRunner.java:268) [junit-4.12.jar:4.12]
	at org.springframework.test.context.junit4.statements.RunBeforeTestClassCallbacks.evaluate(RunBeforeTestClassCallbacks.java:61) [spring-test-5.0.6.RELEASE.jar:5.0.6.RELEASE]
	at org.springframework.test.context.junit4.statements.RunAfterTestClassCallbacks.evaluate(RunAfterTestClassCallbacks.java:70) [spring-test-5.0.6.RELEASE.jar:5.0.6.RELEASE]
	at org.junit.runners.ParentRunner.run(ParentRunner.java:363) [junit-4.12.jar:4.12]
	at org.springframework.test.context.junit4.SpringJUnit4ClassRunner.run(SpringJUnit4ClassRunner.java:190) [spring-test-5.0.6.RELEASE.jar:5.0.6.RELEASE]
	at org.apache.maven.surefire.junit4.JUnit4Provider.execute(JUnit4Provider.java:365) [surefire-junit4-2.21.0.jar:2.21.0]
	at org.apache.maven.surefire.junit4.JUnit4Provider.executeWithRerun(JUnit4Provider.java:273) [surefire-junit4-2.21.0.jar:2.21.0]
	at org.apache.maven.surefire.junit4.JUnit4Provider.executeTestSet(JUnit4Provider.java:238) [surefire-junit4-2.21.0.jar:2.21.0]
	at org.apache.maven.surefire.junit4.JUnit4Provider.invoke(JUnit4Provider.java:159) [surefire-junit4-2.21.0.jar:2.21.0]
	at org.apache.maven.surefire.booter.ForkedBooter.invokeProviderInSameClassLoader(ForkedBooter.java:379) [surefire-booter-2.21.0.jar:2.21.0]
	at org.apache.maven.surefire.booter.ForkedBooter.runSuitesInProcess(ForkedBooter.java:340) [surefire-booter-2.21.0.jar:2.21.0]
	at org.apache.maven.surefire.booter.ForkedBooter.execute(ForkedBooter.java:125) [surefire-booter-2.21.0.jar:2.21.0]
	at org.apache.maven.surefire.booter.ForkedBooter.main(ForkedBooter.java:413) [surefire-booter-2.21.0.jar:2.21.0]
Caused by: org.springframework.beans.factory.BeanCreationException: Error creating bean with name 'raportRepository': Invocation of init method failed; nested exception is java.lang.IllegalArgumentException: Not a managed type: class m.egzamin.przychodnia.model.Raport
	at org.springframework.beans.factory.support.AbstractAutowireCapableBeanFactory.initializeBean(AbstractAutowireCapableBeanFactory.java:1706) ~[spring-beans-5.0.6.RELEASE.jar:5.0.6.RELEASE]
	at org.springframework.beans.factory.support.AbstractAutowireCapableBeanFactory.doCreateBean(AbstractAutowireCapableBeanFactory.java:579) ~[spring-beans-5.0.6.RELEASE.jar:5.0.6.RELEASE]
	at org.springframework.beans.factory.support.AbstractAutowireCapableBeanFactory.createBean(AbstractAutowireCapableBeanFactory.java:501) ~[spring-beans-5.0.6.RELEASE.jar:5.0.6.RELEASE]
	at org.springframework.beans.factory.support.AbstractBeanFactory.lambda$doGetBean$0(AbstractBeanFactory.java:317) ~[spring-beans-5.0.6.RELEASE.jar:5.0.6.RELEASE]
	at org.springframework.beans.factory.support.DefaultSingletonBeanRegistry.getSingleton(DefaultSingletonBeanRegistry.java:228) ~[spring-beans-5.0.6.RELEASE.jar:5.0.6.RELEASE]
	at org.springframework.beans.factory.support.AbstractBeanFactory.doGetBean(AbstractBeanFactory.java:315) ~[spring-beans-5.0.6.RELEASE.jar:5.0.6.RELEASE]
	at org.springframework.beans.factory.support.AbstractBeanFactory.getBean(AbstractBeanFactory.java:199) ~[spring-beans-5.0.6.RELEASE.jar:5.0.6.RELEASE]
	at org.springframework.beans.factory.config.DependencyDescriptor.resolveCandidate(DependencyDescriptor.java:251) ~[spring-beans-5.0.6.RELEASE.jar:5.0.6.RELEASE]
	at org.springframework.beans.factory.support.DefaultListableBeanFactory.doResolveDependency(DefaultListableBeanFactory.java:1138) ~[spring-beans-5.0.6.RELEASE.jar:5.0.6.RELEASE]
	at org.springframework.beans.factory.support.DefaultListableBeanFactory.resolveDependency(DefaultListableBeanFactory.java:1065) ~[spring-beans-5.0.6.RELEASE.jar:5.0.6.RELEASE]
	at org.springframework.beans.factory.annotation.AutowiredAnnotationBeanPostProcessor$AutowiredFieldElement.inject(AutowiredAnnotationBeanPostProcessor.java:584) ~[spring-beans-5.0.6.RELEASE.jar:5.0.6.RELEASE]
	... 45 common frames omitted
Caused by: java.lang.IllegalArgumentException: Not a managed type: class m.egzamin.przychodnia.model.Raport
	at org.hibernate.metamodel.internal.MetamodelImpl.managedType(MetamodelImpl.java:473) ~[hibernate-core-5.2.17.Final.jar:5.2.17.Final]
	at org.springframework.data.jpa.repository.support.JpaMetamodelEntityInformation.<init>(JpaMetamodelEntityInformation.java:73) ~[spring-data-jpa-2.0.7.RELEASE.jar:2.0.7.RELEASE]
	at org.springframework.data.jpa.repository.support.JpaEntityInformationSupport.getEntityInformation(JpaEntityInformationSupport.java:66) ~[spring-data-jpa-2.0.7.RELEASE.jar:2.0.7.RELEASE]
	at org.springframework.data.jpa.repository.support.JpaRepositoryFactory.getEntityInformation(JpaRepositoryFactory.java:181) ~[spring-data-jpa-2.0.7.RELEASE.jar:2.0.7.RELEASE]
	at org.springframework.data.jpa.repository.support.JpaRepositoryFactory.getTargetRepository(JpaRepositoryFactory.java:119) ~[spring-data-jpa-2.0.7.RELEASE.jar:2.0.7.RELEASE]
	at org.springframework.data.jpa.repository.support.JpaRepositoryFactory.getTargetRepository(JpaRepositoryFactory.java:102) ~[spring-data-jpa-2.0.7.RELEASE.jar:2.0.7.RELEASE]
	at org.springframework.data.repository.core.support.RepositoryFactorySupport.getRepository(RepositoryFactorySupport.java:298) ~[spring-data-commons-2.0.7.RELEASE.jar:2.0.7.RELEASE]
	at org.springframework.data.repository.core.support.RepositoryFactoryBeanSupport.lambda$afterPropertiesSet$3(RepositoryFactoryBeanSupport.java:287) ~[spring-data-commons-2.0.7.RELEASE.jar:2.0.7.RELEASE]
	at org.springframework.data.util.Lazy.getNullable(Lazy.java:141) ~[spring-data-commons-2.0.7.RELEASE.jar:2.0.7.RELEASE]
	at org.springframework.data.util.Lazy.get(Lazy.java:63) ~[spring-data-commons-2.0.7.RELEASE.jar:2.0.7.RELEASE]
	at org.springframework.data.repository.core.support.RepositoryFactoryBeanSupport.afterPropertiesSet(RepositoryFactoryBeanSupport.java:290) ~[spring-data-commons-2.0.7.RELEASE.jar:2.0.7.RELEASE]
	at org.springframework.data.jpa.repository.support.JpaRepositoryFactoryBean.afterPropertiesSet(JpaRepositoryFactoryBean.java:102) ~[spring-data-jpa-2.0.7.RELEASE.jar:2.0.7.RELEASE]
	at org.springframework.beans.factory.support.AbstractAutowireCapableBeanFactory.invokeInitMethods(AbstractAutowireCapableBeanFactory.java:1765) ~[spring-beans-5.0.6.RELEASE.jar:5.0.6.RELEASE]
	at org.springframework.beans.factory.support.AbstractAutowireCapableBeanFactory.initializeBean(AbstractAutowireCapableBeanFactory.java:1702) ~[spring-beans-5.0.6.RELEASE.jar:5.0.6.RELEASE]
	... 55 common frames omitted

2018-09-12 13:12:31.619 ERROR 2392 --- [           main] o.s.test.context.TestContextManager      : Caught exception while allowing TestExecutionListener [org.springframework.test.context.web.ServletTestExecutionListener@d21a74c] to prepare test instance [m.egzamin.przychodnia.PrzychodniaApplicationTests@764fffa0]

java.lang.IllegalStateException: Failed to load ApplicationContext
	at org.springframework.test.context.cache.DefaultCacheAwareContextLoaderDelegate.loadContext(DefaultCacheAwareContextLoaderDelegate.java:125) ~[spring-test-5.0.6.RELEASE.jar:5.0.6.RELEASE]
	at org.springframework.test.context.support.DefaultTestContext.getApplicationContext(DefaultTestContext.java:108) ~[spring-test-5.0.6.RELEASE.jar:5.0.6.RELEASE]
	at org.springframework.test.context.web.ServletTestExecutionListener.setUpRequestContextIfNecessary(ServletTestExecutionListener.java:190) ~[spring-test-5.0.6.RELEASE.jar:5.0.6.RELEASE]
	at org.springframework.test.context.web.ServletTestExecutionListener.prepareTestInstance(ServletTestExecutionListener.java:132) ~[spring-test-5.0.6.RELEASE.jar:5.0.6.RELEASE]
	at org.springframework.test.context.TestContextManager.prepareTestInstance(TestContextManager.java:246) ~[spring-test-5.0.6.RELEASE.jar:5.0.6.RELEASE]
	at org.springframework.test.context.junit4.SpringJUnit4ClassRunner.createTest(SpringJUnit4ClassRunner.java:227) [spring-test-5.0.6.RELEASE.jar:5.0.6.RELEASE]
	at org.springframework.test.context.junit4.SpringJUnit4ClassRunner$1.runReflectiveCall(SpringJUnit4ClassRunner.java:289) [spring-test-5.0.6.RELEASE.jar:5.0.6.RELEASE]
	at org.junit.internal.runners.model.ReflectiveCallable.run(ReflectiveCallable.java:12) [junit-4.12.jar:4.12]
	at org.springframework.test.context.junit4.SpringJUnit4ClassRunner.methodBlock(SpringJUnit4ClassRunner.java:291) [spring-test-5.0.6.RELEASE.jar:5.0.6.RELEASE]
	at org.springframework.test.context.junit4.SpringJUnit4ClassRunner.runChild(SpringJUnit4ClassRunner.java:246) [spring-test-5.0.6.RELEASE.jar:5.0.6.RELEASE]
	at org.springframework.test.context.junit4.SpringJUnit4ClassRunner.runChild(SpringJUnit4ClassRunner.java:97) [spring-test-5.0.6.RELEASE.jar:5.0.6.RELEASE]
	at org.junit.runners.ParentRunner$3.run(ParentRunner.java:290) [junit-4.12.jar:4.12]
	at org.junit.runners.ParentRunner$1.schedule(ParentRunner.java:71) [junit-4.12.jar:4.12]
	at org.junit.runners.ParentRunner.runChildren(ParentRunner.java:288) [junit-4.12.jar:4.12]
	at org.junit.runners.ParentRunner.access$000(ParentRunner.java:58) [junit-4.12.jar:4.12]
	at org.junit.runners.ParentRunner$2.evaluate(ParentRunner.java:268) [junit-4.12.jar:4.12]
	at org.springframework.test.context.junit4.statements.RunBeforeTestClassCallbacks.evaluate(RunBeforeTestClassCallbacks.java:61) [spring-test-5.0.6.RELEASE.jar:5.0.6.RELEASE]
	at org.springframework.test.context.junit4.statements.RunAfterTestClassCallbacks.evaluate(RunAfterTestClassCallbacks.java:70) [spring-test-5.0.6.RELEASE.jar:5.0.6.RELEASE]
	at org.junit.runners.ParentRunner.run(ParentRunner.java:363) [junit-4.12.jar:4.12]
	at org.springframework.test.context.junit4.SpringJUnit4ClassRunner.run(SpringJUnit4ClassRunner.java:190) [spring-test-5.0.6.RELEASE.jar:5.0.6.RELEASE]
	at org.apache.maven.surefire.junit4.JUnit4Provider.execute(JUnit4Provider.java:365) [surefire-junit4-2.21.0.jar:2.21.0]
	at org.apache.maven.surefire.junit4.JUnit4Provider.executeWithRerun(JUnit4Provider.java:273) [surefire-junit4-2.21.0.jar:2.21.0]
	at org.apache.maven.surefire.junit4.JUnit4Provider.executeTestSet(JUnit4Provider.java:238) [surefire-junit4-2.21.0.jar:2.21.0]
	at org.apache.maven.surefire.junit4.JUnit4Provider.invoke(JUnit4Provider.java:159) [surefire-junit4-2.21.0.jar:2.21.0]
	at org.apache.maven.surefire.booter.ForkedBooter.invokeProviderInSameClassLoader(ForkedBooter.java:379) [surefire-booter-2.21.0.jar:2.21.0]
	at org.apache.maven.surefire.booter.ForkedBooter.runSuitesInProcess(ForkedBooter.java:340) [surefire-booter-2.21.0.jar:2.21.0]
	at org.apache.maven.surefire.booter.ForkedBooter.execute(ForkedBooter.java:125) [surefire-booter-2.21.0.jar:2.21.0]
	at org.apache.maven.surefire.booter.ForkedBooter.main(ForkedBooter.java:413) [surefire-booter-2.21.0.jar:2.21.0]
Caused by: org.springframework.beans.factory.UnsatisfiedDependencyException: Error creating bean with name 'controller': Unsatisfied dependency expressed through field 'raportRepo'; nested exception is org.springframework.beans.factory.BeanCreationException: Error creating bean with name 'raportRepository': Invocation of init method failed; nested exception is java.lang.IllegalArgumentException: Not a managed type: class m.egzamin.przychodnia.model.Raport
	at org.springframework.beans.factory.annotation.AutowiredAnnotationBeanPostProcessor$AutowiredFieldElement.inject(AutowiredAnnotationBeanPostProcessor.java:587) ~[spring-beans-5.0.6.RELEASE.jar:5.0.6.RELEASE]
	at org.springframework.beans.factory.annotation.InjectionMetadata.inject(InjectionMetadata.java:91) ~[spring-beans-5.0.6.RELEASE.jar:5.0.6.RELEASE]
	at org.springframework.beans.factory.annotation.AutowiredAnnotationBeanPostProcessor.postProcessPropertyValues(AutowiredAnnotationBeanPostProcessor.java:373) ~[spring-beans-5.0.6.RELEASE.jar:5.0.6.RELEASE]
	at org.springframework.beans.factory.support.AbstractAutowireCapableBeanFactory.populateBean(AbstractAutowireCapableBeanFactory.java:1348) ~[spring-beans-5.0.6.RELEASE.jar:5.0.6.RELEASE]
	at org.springframework.beans.factory.support.AbstractAutowireCapableBeanFactory.doCreateBean(AbstractAutowireCapableBeanFactory.java:578) ~[spring-beans-5.0.6.RELEASE.jar:5.0.6.RELEASE]
	at org.springframework.beans.factory.support.AbstractAutowireCapableBeanFactory.createBean(AbstractAutowireCapableBeanFactory.java:501) ~[spring-beans-5.0.6.RELEASE.jar:5.0.6.RELEASE]
	at org.springframework.beans.factory.support.AbstractBeanFactory.lambda$doGetBean$0(AbstractBeanFactory.java:317) ~[spring-beans-5.0.6.RELEASE.jar:5.0.6.RELEASE]
	at org.springframework.beans.factory.support.DefaultSingletonBeanRegistry.getSingleton(DefaultSingletonBeanRegistry.java:228) ~[spring-beans-5.0.6.RELEASE.jar:5.0.6.RELEASE]
	at org.springframework.beans.factory.support.AbstractBeanFactory.doGetBean(AbstractBeanFactory.java:315) ~[spring-beans-5.0.6.RELEASE.jar:5.0.6.RELEASE]
	at org.springframework.beans.factory.support.AbstractBeanFactory.getBean(AbstractBeanFactory.java:199) ~[spring-beans-5.0.6.RELEASE.jar:5.0.6.RELEASE]
	at org.springframework.beans.factory.support.DefaultListableBeanFactory.preInstantiateSingletons(DefaultListableBeanFactory.java:760) ~[spring-beans-5.0.6.RELEASE.jar:5.0.6.RELEASE]
	at org.springframework.context.support.AbstractApplicationContext.finishBeanFactoryInitialization(AbstractApplicationContext.java:869) ~[spring-context-5.0.6.RELEASE.jar:5.0.6.RELEASE]
	at org.springframework.context.support.AbstractApplicationContext.refresh(AbstractApplicationContext.java:550) ~[spring-context-5.0.6.RELEASE.jar:5.0.6.RELEASE]
	at org.springframework.boot.SpringApplication.refresh(SpringApplication.java:759) ~[spring-boot-2.0.2.RELEASE.jar:2.0.2.RELEASE]
	at org.springframework.boot.SpringApplication.refreshContext(SpringApplication.java:395) ~[spring-boot-2.0.2.RELEASE.jar:2.0.2.RELEASE]
	at org.springframework.boot.SpringApplication.run(SpringApplication.java:327) ~[spring-boot-2.0.2.RELEASE.jar:2.0.2.RELEASE]
	at org.springframework.boot.test.context.SpringBootContextLoader.loadContext(SpringBootContextLoader.java:139) ~[spring-boot-test-2.0.2.RELEASE.jar:2.0.2.RELEASE]
	at org.springframework.test.context.cache.DefaultCacheAwareContextLoaderDelegate.loadContextInternal(DefaultCacheAwareContextLoaderDelegate.java:99) ~[spring-test-5.0.6.RELEASE.jar:5.0.6.RELEASE]
	at org.springframework.test.context.cache.DefaultCacheAwareContextLoaderDelegate.loadContext(DefaultCacheAwareContextLoaderDelegate.java:117) ~[spring-test-5.0.6.RELEASE.jar:5.0.6.RELEASE]
	... 27 common frames omitted
Caused by: org.springframework.beans.factory.BeanCreationException: Error creating bean with name 'raportRepository': Invocation of init method failed; nested exception is java.lang.IllegalArgumentException: Not a managed type: class m.egzamin.przychodnia.model.Raport
	at org.springframework.beans.factory.support.AbstractAutowireCapableBeanFactory.initializeBean(AbstractAutowireCapableBeanFactory.java:1706) ~[spring-beans-5.0.6.RELEASE.jar:5.0.6.RELEASE]
	at org.springframework.beans.factory.support.AbstractAutowireCapableBeanFactory.doCreateBean(AbstractAutowireCapableBeanFactory.java:579) ~[spring-beans-5.0.6.RELEASE.jar:5.0.6.RELEASE]
	at org.springframework.beans.factory.support.AbstractAutowireCapableBeanFactory.createBean(AbstractAutowireCapableBeanFactory.java:501) ~[spring-beans-5.0.6.RELEASE.jar:5.0.6.RELEASE]
	at org.springframework.beans.factory.support.AbstractBeanFactory.lambda$doGetBean$0(AbstractBeanFactory.java:317) ~[spring-beans-5.0.6.RELEASE.jar:5.0.6.RELEASE]
	at org.springframework.beans.factory.support.DefaultSingletonBeanRegistry.getSingleton(DefaultSingletonBeanRegistry.java:228) ~[spring-beans-5.0.6.RELEASE.jar:5.0.6.RELEASE]
	at org.springframework.beans.factory.support.AbstractBeanFactory.doGetBean(AbstractBeanFactory.java:315) ~[spring-beans-5.0.6.RELEASE.jar:5.0.6.RELEASE]
	at org.springframework.beans.factory.support.AbstractBeanFactory.getBean(AbstractBeanFactory.java:199) ~[spring-beans-5.0.6.RELEASE.jar:5.0.6.RELEASE]
	at org.springframework.beans.factory.config.DependencyDescriptor.resolveCandidate(DependencyDescriptor.java:251) ~[spring-beans-5.0.6.RELEASE.jar:5.0.6.RELEASE]
	at org.springframework.beans.factory.support.DefaultListableBeanFactory.doResolveDependency(DefaultListableBeanFactory.java:1138) ~[spring-beans-5.0.6.RELEASE.jar:5.0.6.RELEASE]
	at org.springframework.beans.factory.support.DefaultListableBeanFactory.resolveDependency(DefaultListableBeanFactory.java:1065) ~[spring-beans-5.0.6.RELEASE.jar:5.0.6.RELEASE]
	at org.springframework.beans.factory.annotation.AutowiredAnnotationBeanPostProcessor$AutowiredFieldElement.inject(AutowiredAnnotationBeanPostProcessor.java:584) ~[spring-beans-5.0.6.RELEASE.jar:5.0.6.RELEASE]
	... 45 common frames omitted
Caused by: java.lang.IllegalArgumentException: Not a managed type: class m.egzamin.przychodnia.model.Raport
	at org.hibernate.metamodel.internal.MetamodelImpl.managedType(MetamodelImpl.java:473) ~[hibernate-core-5.2.17.Final.jar:5.2.17.Final]
	at org.springframework.data.jpa.repository.support.JpaMetamodelEntityInformation.<init>(JpaMetamodelEntityInformation.java:73) ~[spring-data-jpa-2.0.7.RELEASE.jar:2.0.7.RELEASE]
	at org.springframework.data.jpa.repository.support.JpaEntityInformationSupport.getEntityInformation(JpaEntityInformationSupport.java:66) ~[spring-data-jpa-2.0.7.RELEASE.jar:2.0.7.RELEASE]
	at org.springframework.data.jpa.repository.support.JpaRepositoryFactory.getEntityInformation(JpaRepositoryFactory.java:181) ~[spring-data-jpa-2.0.7.RELEASE.jar:2.0.7.RELEASE]
	at org.springframework.data.jpa.repository.support.JpaRepositoryFactory.getTargetRepository(JpaRepositoryFactory.java:119) ~[spring-data-jpa-2.0.7.RELEASE.jar:2.0.7.RELEASE]
	at org.springframework.data.jpa.repository.support.JpaRepositoryFactory.getTargetRepository(JpaRepositoryFactory.java:102) ~[spring-data-jpa-2.0.7.RELEASE.jar:2.0.7.RELEASE]
	at org.springframework.data.repository.core.support.RepositoryFactorySupport.getRepository(RepositoryFactorySupport.java:298) ~[spring-data-commons-2.0.7.RELEASE.jar:2.0.7.RELEASE]
	at org.springframework.data.repository.core.support.RepositoryFactoryBeanSupport.lambda$afterPropertiesSet$3(RepositoryFactoryBeanSupport.java:287) ~[spring-data-commons-2.0.7.RELEASE.jar:2.0.7.RELEASE]
	at org.springframework.data.util.Lazy.getNullable(Lazy.java:141) ~[spring-data-commons-2.0.7.RELEASE.jar:2.0.7.RELEASE]
	at org.springframework.data.util.Lazy.get(Lazy.java:63) ~[spring-data-commons-2.0.7.RELEASE.jar:2.0.7.RELEASE]
	at org.springframework.data.repository.core.support.RepositoryFactoryBeanSupport.afterPropertiesSet(RepositoryFactoryBeanSupport.java:290) ~[spring-data-commons-2.0.7.RELEASE.jar:2.0.7.RELEASE]
	at org.springframework.data.jpa.repository.support.JpaRepositoryFactoryBean.afterPropertiesSet(JpaRepositoryFactoryBean.java:102) ~[spring-data-jpa-2.0.7.RELEASE.jar:2.0.7.RELEASE]
	at org.springframework.beans.factory.support.AbstractAutowireCapableBeanFactory.invokeInitMethods(AbstractAutowireCapableBeanFactory.java:1765) ~[spring-beans-5.0.6.RELEASE.jar:5.0.6.RELEASE]
	at org.springframework.beans.factory.support.AbstractAutowireCapableBeanFactory.initializeBean(AbstractAutowireCapableBeanFactory.java:1702) ~[spring-beans-5.0.6.RELEASE.jar:5.0.6.RELEASE]
	... 55 common frames omitted

]]></system-out>
    <system-err><![CDATA[Wed Sep 12 13:12:28 CEST 2018 WARN: Establishing SSL connection without server's identity verification is not recommended. According to MySQL 5.5.45+, 5.6.26+ and 5.7.6+ requirements SSL connection must be established by default if explicit option isn't set. For compliance with existing applications not using SSL the verifyServerCertificate property is set to 'false'. You need either to explicitly disable SSL by setting useSSL=false, or set useSSL=true and provide truststore for server certificate verification.
Wed Sep 12 13:12:29 CEST 2018 WARN: Establishing SSL connection without server's identity verification is not recommended. According to MySQL 5.5.45+, 5.6.26+ and 5.7.6+ requirements SSL connection must be established by default if explicit option isn't set. For compliance with existing applications not using SSL the verifyServerCertificate property is set to 'false'. You need either to explicitly disable SSL by setting useSSL=false, or set useSSL=true and provide truststore for server certificate verification.
Wed Sep 12 13:12:29 CEST 2018 WARN: Establishing SSL connection without server's identity verification is not recommended. According to MySQL 5.5.45+, 5.6.26+ and 5.7.6+ requirements SSL connection must be established by default if explicit option isn't set. For compliance with existing applications not using SSL the verifyServerCertificate property is set to 'false'. You need either to explicitly disable SSL by setting useSSL=false, or set useSSL=true and provide truststore for server certificate verification.
Wed Sep 12 13:12:29 CEST 2018 WARN: Establishing SSL connection without server's identity verification is not recommended. According to MySQL 5.5.45+, 5.6.26+ and 5.7.6+ requirements SSL connection must be established by default if explicit option isn't set. For compliance with existing applications not using SSL the verifyServerCertificate property is set to 'false'. You need either to explicitly disable SSL by setting useSSL=false, or set useSSL=true and provide truststore for server certificate verification.
Wed Sep 12 13:12:29 CEST 2018 WARN: Establishing SSL connection without server's identity verification is not recommended. According to MySQL 5.5.45+, 5.6.26+ and 5.7.6+ requirements SSL connection must be established by default if explicit option isn't set. For compliance with existing applications not using SSL the verifyServerCertificate property is set to 'false'. You need either to explicitly disable SSL by setting useSSL=false, or set useSSL=true and provide truststore for server certificate verification.
Wed Sep 12 13:12:29 CEST 2018 WARN: Establishing SSL connection without server's identity verification is not recommended. According to MySQL 5.5.45+, 5.6.26+ and 5.7.6+ requirements SSL connection must be established by default if explicit option isn't set. For compliance with existing applications not using SSL the verifyServerCertificate property is set to 'false'. You need either to explicitly disable SSL by setting useSSL=false, or set useSSL=true and provide truststore for server certificate verification.
Wed Sep 12 13:12:29 CEST 2018 WARN: Establishing SSL connection without server's identity verification is not recommended. According to MySQL 5.5.45+, 5.6.26+ and 5.7.6+ requirements SSL connection must be established by default if explicit option isn't set. For compliance with existing applications not using SSL the verifyServerCertificate property is set to 'false'. You need either to explicitly disable SSL by setting useSSL=false, or set useSSL=true and provide truststore for server certificate verification.
Wed Sep 12 13:12:29 CEST 2018 WARN: Establishing SSL connection without server's identity verification is not recommended. According to MySQL 5.5.45+, 5.6.26+ and 5.7.6+ requirements SSL connection must be established by default if explicit option isn't set. For compliance with existing applications not using SSL the verifyServerCertificate property is set to 'false'. You need either to explicitly disable SSL by setting useSSL=false, or set useSSL=true and provide truststore for server certificate verification.
Wed Sep 12 13:12:29 CEST 2018 WARN: Establishing SSL connection without server's identity verification is not recommended. According to MySQL 5.5.45+, 5.6.26+ and 5.7.6+ requirements SSL connection must be established by default if explicit option isn't set. For compliance with existing applications not using SSL the verifyServerCertificate property is set to 'false'. You need either to explicitly disable SSL by setting useSSL=false, or set useSSL=true and provide truststore for server certificate verification.
Wed Sep 12 13:12:29 CEST 2018 WARN: Establishing SSL connection without server's identity verification is not recommended. According to MySQL 5.5.45+, 5.6.26+ and 5.7.6+ requirements SSL connection must be established by default if explicit option isn't set. For compliance with existing applications not using SSL the verifyServerCertificate property is set to 'false'. You need either to explicitly disable SSL by setting useSSL=false, or set useSSL=true and provide truststore for server certificate verification.
]]></system-err>
  </testcase>
</testsuite>